{"E:\\Job Portal\\server\\src\\constants\\index.js": {"path":"E:\\Job Portal\\server\\src\\constants\\index.js","statementMap":{"0":{"start":{"line":1,"column":23},"end":{"line":1,"column":33}},"1":{"start":{"line":3,"column":26},"end":{"line":9,"column":1}},"2":{"start":{"line":11,"column":27},"end":{"line":11,"column":54}},"3":{"start":{"line":13,"column":33},"end":{"line":22,"column":1}},"4":{"start":{"line":24,"column":32},"end":{"line":32,"column":1}}},"fnMap":{},"branchMap":{},"s":{"0":9,"1":9,"2":9,"3":9,"4":9},"f":{},"b":{},"inputSourceMap":null,"_coverageSchema":"1a1c01bbd47fc00a2c39e90264f33305004495a9","hash":"a9c363b4648003802b2e2497cfb648618d7f2f2d"}
,"E:\\Job Portal\\server\\src\\controllers\\admin.controller.js": {"path":"E:\\Job Portal\\server\\src\\controllers\\admin.controller.js","statementMap":{"0":{"start":{"line":7,"column":27},"end":{"line":12,"column":2}},"1":{"start":{"line":8,"column":16},"end":{"line":8,"column":69}},"2":{"start":{"line":9,"column":2},"end":{"line":11,"column":4}},"3":{"start":{"line":15,"column":29},"end":{"line":25,"column":2}},"4":{"start":{"line":16,"column":15},"end":{"line":16,"column":91}},"5":{"start":{"line":17,"column":2},"end":{"line":21,"column":3}},"6":{"start":{"line":18,"column":4},"end":{"line":20,"column":6}},"7":{"start":{"line":22,"column":2},"end":{"line":24,"column":4}},"8":{"start":{"line":28,"column":31},"end":{"line":33,"column":2}},"9":{"start":{"line":29,"column":20},"end":{"line":29,"column":40}},"10":{"start":{"line":30,"column":2},"end":{"line":32,"column":4}},"11":{"start":{"line":36,"column":32},"end":{"line":46,"column":2}},"12":{"start":{"line":37,"column":18},"end":{"line":37,"column":55}},"13":{"start":{"line":38,"column":2},"end":{"line":42,"column":3}},"14":{"start":{"line":39,"column":4},"end":{"line":41,"column":6}},"15":{"start":{"line":43,"column":2},"end":{"line":45,"column":4}},"16":{"start":{"line":49,"column":25},"end":{"line":54,"column":2}},"17":{"start":{"line":50,"column":14},"end":{"line":50,"column":65}},"18":{"start":{"line":51,"column":2},"end":{"line":53,"column":4}},"19":{"start":{"line":57,"column":27},"end":{"line":67,"column":2}},"20":{"start":{"line":58,"column":13},"end":{"line":58,"column":87}},"21":{"start":{"line":59,"column":2},"end":{"line":63,"column":3}},"22":{"start":{"line":60,"column":4},"end":{"line":62,"column":6}},"23":{"start":{"line":64,"column":2},"end":{"line":66,"column":4}},"24":{"start":{"line":70,"column":28},"end":{"line":93,"column":2}},"25":{"start":{"line":71,"column":21},"end":{"line":71,"column":29}},"26":{"start":{"line":72,"column":2},"end":{"line":76,"column":3}},"27":{"start":{"line":73,"column":4},"end":{"line":75,"column":6}},"28":{"start":{"line":78,"column":18},"end":{"line":82,"column":3}},"29":{"start":{"line":84,"column":2},"end":{"line":88,"column":3}},"30":{"start":{"line":85,"column":4},"end":{"line":87,"column":6}},"31":{"start":{"line":90,"column":2},"end":{"line":92,"column":4}},"32":{"start":{"line":96,"column":30},"end":{"line":112,"column":2}},"33":{"start":{"line":97,"column":18},"end":{"line":101,"column":3}},"34":{"start":{"line":103,"column":2},"end":{"line":107,"column":3}},"35":{"start":{"line":104,"column":4},"end":{"line":106,"column":6}},"36":{"start":{"line":109,"column":2},"end":{"line":111,"column":4}},"37":{"start":{"line":115,"column":29},"end":{"line":125,"column":2}},"38":{"start":{"line":116,"column":18},"end":{"line":116,"column":64}},"39":{"start":{"line":117,"column":2},"end":{"line":121,"column":3}},"40":{"start":{"line":118,"column":4},"end":{"line":120,"column":6}},"41":{"start":{"line":122,"column":2},"end":{"line":124,"column":4}},"42":{"start":{"line":128,"column":34},"end":{"line":141,"column":2}},"43":{"start":{"line":129,"column":26},"end":{"line":132,"column":38}},"44":{"start":{"line":134,"column":2},"end":{"line":140,"column":4}},"45":{"start":{"line":146,"column":30},"end":{"line":151,"column":2}},"46":{"start":{"line":147,"column":22},"end":{"line":147,"column":93}},"47":{"start":{"line":148,"column":2},"end":{"line":150,"column":4}},"48":{"start":{"line":154,"column":35},"end":{"line":159,"column":2}},"49":{"start":{"line":155,"column":27},"end":{"line":155,"column":66}},"50":{"start":{"line":156,"column":2},"end":{"line":158,"column":4}}},"fnMap":{"0":{"name":"(anonymous_0)","decl":{"start":{"line":7,"column":40},"end":{"line":7,"column":41}},"loc":{"start":{"line":7,"column":60},"end":{"line":12,"column":1}},"line":7},"1":{"name":"(anonymous_1)","decl":{"start":{"line":15,"column":42},"end":{"line":15,"column":43}},"loc":{"start":{"line":15,"column":62},"end":{"line":25,"column":1}},"line":15},"2":{"name":"(anonymous_2)","decl":{"start":{"line":28,"column":44},"end":{"line":28,"column":45}},"loc":{"start":{"line":28,"column":64},"end":{"line":33,"column":1}},"line":28},"3":{"name":"(anonymous_3)","decl":{"start":{"line":36,"column":45},"end":{"line":36,"column":46}},"loc":{"start":{"line":36,"column":65},"end":{"line":46,"column":1}},"line":36},"4":{"name":"(anonymous_4)","decl":{"start":{"line":49,"column":38},"end":{"line":49,"column":39}},"loc":{"start":{"line":49,"column":58},"end":{"line":54,"column":1}},"line":49},"5":{"name":"(anonymous_5)","decl":{"start":{"line":57,"column":40},"end":{"line":57,"column":41}},"loc":{"start":{"line":57,"column":60},"end":{"line":67,"column":1}},"line":57},"6":{"name":"(anonymous_6)","decl":{"start":{"line":70,"column":41},"end":{"line":70,"column":42}},"loc":{"start":{"line":70,"column":61},"end":{"line":93,"column":1}},"line":70},"7":{"name":"(anonymous_7)","decl":{"start":{"line":96,"column":43},"end":{"line":96,"column":44}},"loc":{"start":{"line":96,"column":63},"end":{"line":112,"column":1}},"line":96},"8":{"name":"(anonymous_8)","decl":{"start":{"line":115,"column":42},"end":{"line":115,"column":43}},"loc":{"start":{"line":115,"column":62},"end":{"line":125,"column":1}},"line":115},"9":{"name":"(anonymous_9)","decl":{"start":{"line":128,"column":47},"end":{"line":128,"column":48}},"loc":{"start":{"line":128,"column":67},"end":{"line":141,"column":1}},"line":128},"10":{"name":"(anonymous_10)","decl":{"start":{"line":146,"column":43},"end":{"line":146,"column":44}},"loc":{"start":{"line":146,"column":63},"end":{"line":151,"column":1}},"line":146},"11":{"name":"(anonymous_11)","decl":{"start":{"line":154,"column":48},"end":{"line":154,"column":49}},"loc":{"start":{"line":154,"column":68},"end":{"line":159,"column":1}},"line":154}},"branchMap":{"0":{"loc":{"start":{"line":17,"column":2},"end":{"line":21,"column":3}},"type":"if","locations":[{"start":{"line":17,"column":2},"end":{"line":21,"column":3}},{"start":{},"end":{}}],"line":17},"1":{"loc":{"start":{"line":38,"column":2},"end":{"line":42,"column":3}},"type":"if","locations":[{"start":{"line":38,"column":2},"end":{"line":42,"column":3}},{"start":{},"end":{}}],"line":38},"2":{"loc":{"start":{"line":59,"column":2},"end":{"line":63,"column":3}},"type":"if","locations":[{"start":{"line":59,"column":2},"end":{"line":63,"column":3}},{"start":{},"end":{}}],"line":59},"3":{"loc":{"start":{"line":72,"column":2},"end":{"line":76,"column":3}},"type":"if","locations":[{"start":{"line":72,"column":2},"end":{"line":76,"column":3}},{"start":{},"end":{}}],"line":72},"4":{"loc":{"start":{"line":72,"column":6},"end":{"line":72,"column":41}},"type":"binary-expr","locations":[{"start":{"line":72,"column":6},"end":{"line":72,"column":13}},{"start":{"line":72,"column":17},"end":{"line":72,"column":41}}],"line":72},"5":{"loc":{"start":{"line":84,"column":2},"end":{"line":88,"column":3}},"type":"if","locations":[{"start":{"line":84,"column":2},"end":{"line":88,"column":3}},{"start":{},"end":{}}],"line":84},"6":{"loc":{"start":{"line":103,"column":2},"end":{"line":107,"column":3}},"type":"if","locations":[{"start":{"line":103,"column":2},"end":{"line":107,"column":3}},{"start":{},"end":{}}],"line":103},"7":{"loc":{"start":{"line":117,"column":2},"end":{"line":121,"column":3}},"type":"if","locations":[{"start":{"line":117,"column":2},"end":{"line":121,"column":3}},{"start":{},"end":{}}],"line":117}},"s":{"0":5,"1":0,"2":0,"3":5,"4":0,"5":0,"6":0,"7":0,"8":5,"9":0,"10":0,"11":5,"12":0,"13":0,"14":0,"15":0,"16":5,"17":0,"18":0,"19":5,"20":0,"21":0,"22":0,"23":0,"24":5,"25":0,"26":0,"27":0,"28":0,"29":0,"30":0,"31":0,"32":5,"33":0,"34":0,"35":0,"36":0,"37":5,"38":0,"39":0,"40":0,"41":0,"42":5,"43":0,"44":0,"45":5,"46":0,"47":0,"48":5,"49":0,"50":0},"f":{"0":0,"1":0,"2":0,"3":0,"4":0,"5":0,"6":0,"7":0,"8":0,"9":0,"10":0,"11":0},"b":{"0":[0,0],"1":[0,0],"2":[0,0],"3":[0,0],"4":[0,0],"5":[0,0],"6":[0,0],"7":[0,0]},"inputSourceMap":null,"_coverageSchema":"1a1c01bbd47fc00a2c39e90264f33305004495a9","hash":"9d36b58cebc40125392a6277fbc3208d7369d1b2"}
,"E:\\Job Portal\\server\\src\\controllers\\application.controller.js": {"path":"E:\\Job Portal\\server\\src\\controllers\\application.controller.js","statementMap":{"0":{"start":{"line":24,"column":27},"end":{"line":45,"column":1}},"1":{"start":{"line":25,"column":19},"end":{"line":32,"column":15}},"2":{"start":{"line":34,"column":4},"end":{"line":44,"column":6}},"3":{"start":{"line":51,"column":26},"end":{"line":131,"column":2}},"4":{"start":{"line":52,"column":22},"end":{"line":52,"column":32}},"5":{"start":{"line":53,"column":4},"end":{"line":55,"column":5}},"6":{"start":{"line":54,"column":8},"end":{"line":54,"column":57}},"7":{"start":{"line":57,"column":16},"end":{"line":57,"column":85}},"8":{"start":{"line":58,"column":4},"end":{"line":60,"column":5}},"9":{"start":{"line":59,"column":8},"end":{"line":59,"column":64}},"10":{"start":{"line":63,"column":32},"end":{"line":63,"column":98}},"11":{"start":{"line":64,"column":4},"end":{"line":66,"column":5}},"12":{"start":{"line":65,"column":8},"end":{"line":65,"column":81}},"13":{"start":{"line":68,"column":20},"end":{"line":68,"column":22}},"14":{"start":{"line":71,"column":4},"end":{"line":86,"column":5}},"15":{"start":{"line":72,"column":8},"end":{"line":74,"column":9}},"16":{"start":{"line":73,"column":12},"end":{"line":73,"column":76}},"17":{"start":{"line":75,"column":29},"end":{"line":75,"column":100}},"18":{"start":{"line":76,"column":8},"end":{"line":78,"column":9}},"19":{"start":{"line":77,"column":12},"end":{"line":77,"column":80}},"20":{"start":{"line":79,"column":8},"end":{"line":79,"column":44}},"21":{"start":{"line":82,"column":24},"end":{"line":82,"column":69}},"22":{"start":{"line":83,"column":8},"end":{"line":85,"column":9}},"23":{"start":{"line":84,"column":12},"end":{"line":84,"column":43}},"24":{"start":{"line":88,"column":4},"end":{"line":90,"column":5}},"25":{"start":{"line":89,"column":8},"end":{"line":89,"column":108}},"26":{"start":{"line":92,"column":24},"end":{"line":98,"column":6}},"27":{"start":{"line":101,"column":4},"end":{"line":106,"column":7}},"28":{"start":{"line":109,"column":4},"end":{"line":114,"column":7}},"29":{"start":{"line":117,"column":18},"end":{"line":117,"column":76}},"30":{"start":{"line":118,"column":4},"end":{"line":125,"column":5}},"31":{"start":{"line":119,"column":8},"end":{"line":124,"column":11}},"32":{"start":{"line":128,"column":4},"end":{"line":128,"column":39}},"33":{"start":{"line":130,"column":4},"end":{"line":130,"column":125}},"34":{"start":{"line":133,"column":33},"end":{"line":155,"column":2}},"35":{"start":{"line":134,"column":25},"end":{"line":143,"column":32}},"36":{"start":{"line":145,"column":29},"end":{"line":145,"column":31}},"37":{"start":{"line":146,"column":4},"end":{"line":152,"column":5}},"38":{"start":{"line":147,"column":30},"end":{"line":147,"column":32}},"39":{"start":{"line":148,"column":8},"end":{"line":150,"column":9}},"40":{"start":{"line":149,"column":12},"end":{"line":149,"column":69}},"41":{"start":{"line":151,"column":8},"end":{"line":151,"column":72}},"42":{"start":{"line":154,"column":4},"end":{"line":154,"column":109}},"43":{"start":{"line":157,"column":37},"end":{"line":183,"column":2}},"44":{"start":{"line":158,"column":19},"end":{"line":158,"column":29}},"45":{"start":{"line":159,"column":4},"end":{"line":161,"column":5}},"46":{"start":{"line":160,"column":8},"end":{"line":160,"column":65}},"47":{"start":{"line":163,"column":24},"end":{"line":171,"column":10}},"48":{"start":{"line":173,"column":4},"end":{"line":175,"column":5}},"49":{"start":{"line":174,"column":8},"end":{"line":174,"column":57}},"50":{"start":{"line":177,"column":26},"end":{"line":177,"column":28}},"51":{"start":{"line":178,"column":4},"end":{"line":180,"column":5}},"52":{"start":{"line":179,"column":8},"end":{"line":179,"column":65}},"53":{"start":{"line":182,"column":4},"end":{"line":182,"column":148}},"54":{"start":{"line":189,"column":36},"end":{"line":215,"column":2}},"55":{"start":{"line":190,"column":22},"end":{"line":190,"column":32}},"56":{"start":{"line":191,"column":4},"end":{"line":193,"column":5}},"57":{"start":{"line":192,"column":8},"end":{"line":192,"column":57}},"58":{"start":{"line":195,"column":15},"end":{"line":195,"column":55}},"59":{"start":{"line":196,"column":4},"end":{"line":198,"column":5}},"60":{"start":{"line":197,"column":8},"end":{"line":197,"column":93}},"61":{"start":{"line":200,"column":16},"end":{"line":200,"column":41}},"62":{"start":{"line":201,"column":4},"end":{"line":203,"column":5}},"63":{"start":{"line":202,"column":8},"end":{"line":202,"column":57}},"64":{"start":{"line":206,"column":4},"end":{"line":208,"column":5}},"65":{"start":{"line":207,"column":8},"end":{"line":207,"column":114}},"66":{"start":{"line":210,"column":25},"end":{"line":212,"column":44}},"67":{"start":{"line":214,"column":4},"end":{"line":214,"column":115}},"68":{"start":{"line":217,"column":41},"end":{"line":298,"column":2}},"69":{"start":{"line":218,"column":19},"end":{"line":218,"column":29}},"70":{"start":{"line":219,"column":31},"end":{"line":219,"column":39}},"71":{"start":{"line":221,"column":4},"end":{"line":223,"column":5}},"72":{"start":{"line":222,"column":8},"end":{"line":222,"column":65}},"73":{"start":{"line":225,"column":15},"end":{"line":225,"column":55}},"74":{"start":{"line":226,"column":4},"end":{"line":228,"column":5}},"75":{"start":{"line":227,"column":8},"end":{"line":227,"column":97}},"76":{"start":{"line":230,"column":24},"end":{"line":230,"column":70}},"77":{"start":{"line":231,"column":4},"end":{"line":233,"column":5}},"78":{"start":{"line":232,"column":8},"end":{"line":232,"column":64}},"79":{"start":{"line":236,"column":4},"end":{"line":238,"column":5}},"80":{"start":{"line":237,"column":8},"end":{"line":237,"column":110}},"81":{"start":{"line":240,"column":4},"end":{"line":240,"column":48}},"82":{"start":{"line":241,"column":4},"end":{"line":241,"column":29}},"83":{"start":{"line":244,"column":4},"end":{"line":246,"column":5}},"84":{"start":{"line":245,"column":8},"end":{"line":245,"column":61}},"85":{"start":{"line":249,"column":26},"end":{"line":249,"column":68}},"86":{"start":{"line":250,"column":4},"end":{"line":295,"column":5}},"87":{"start":{"line":252,"column":19},"end":{"line":252,"column":25}},"88":{"start":{"line":253,"column":22},"end":{"line":253,"column":96}},"89":{"start":{"line":255,"column":8},"end":{"line":267,"column":9}},"90":{"start":{"line":256,"column":12},"end":{"line":256,"column":45}},"91":{"start":{"line":257,"column":12},"end":{"line":257,"column":78}},"92":{"start":{"line":258,"column":15},"end":{"line":267,"column":9}},"93":{"start":{"line":259,"column":12},"end":{"line":259,"column":41}},"94":{"start":{"line":260,"column":12},"end":{"line":260,"column":59}},"95":{"start":{"line":261,"column":15},"end":{"line":267,"column":9}},"96":{"start":{"line":262,"column":12},"end":{"line":262,"column":39}},"97":{"start":{"line":263,"column":12},"end":{"line":263,"column":65}},"98":{"start":{"line":264,"column":15},"end":{"line":267,"column":9}},"99":{"start":{"line":265,"column":12},"end":{"line":265,"column":42}},"100":{"start":{"line":266,"column":12},"end":{"line":266,"column":113}},"101":{"start":{"line":269,"column":8},"end":{"line":274,"column":11}},"102":{"start":{"line":277,"column":8},"end":{"line":294,"column":9}},"103":{"start":{"line":278,"column":36},"end":{"line":278,"column":79}},"104":{"start":{"line":279,"column":12},"end":{"line":285,"column":15}},"105":{"start":{"line":287,"column":12},"end":{"line":293,"column":15}},"106":{"start":{"line":297,"column":4},"end":{"line":297,"column":116}},"107":{"start":{"line":300,"column":40},"end":{"line":337,"column":2}},"108":{"start":{"line":301,"column":19},"end":{"line":301,"column":29}},"109":{"start":{"line":302,"column":28},"end":{"line":302,"column":36}},"110":{"start":{"line":304,"column":4},"end":{"line":306,"column":5}},"111":{"start":{"line":305,"column":8},"end":{"line":305,"column":65}},"112":{"start":{"line":308,"column":15},"end":{"line":308,"column":55}},"113":{"start":{"line":309,"column":4},"end":{"line":311,"column":5}},"114":{"start":{"line":310,"column":8},"end":{"line":310,"column":97}},"115":{"start":{"line":313,"column":24},"end":{"line":313,"column":70}},"116":{"start":{"line":314,"column":4},"end":{"line":316,"column":5}},"117":{"start":{"line":315,"column":8},"end":{"line":315,"column":64}},"118":{"start":{"line":319,"column":4},"end":{"line":321,"column":5}},"119":{"start":{"line":320,"column":8},"end":{"line":320,"column":110}},"120":{"start":{"line":323,"column":4},"end":{"line":323,"column":42}},"121":{"start":{"line":326,"column":4},"end":{"line":332,"column":5}},"122":{"start":{"line":327,"column":8},"end":{"line":327,"column":55}},"123":{"start":{"line":328,"column":11},"end":{"line":332,"column":5}},"124":{"start":{"line":329,"column":8},"end":{"line":329,"column":50}},"125":{"start":{"line":330,"column":11},"end":{"line":332,"column":5}},"126":{"start":{"line":331,"column":8},"end":{"line":331,"column":55}},"127":{"start":{"line":334,"column":4},"end":{"line":334,"column":29}},"128":{"start":{"line":336,"column":4},"end":{"line":336,"column":118}}},"fnMap":{"0":{"name":"(anonymous_0)","decl":{"start":{"line":24,"column":27},"end":{"line":24,"column":28}},"loc":{"start":{"line":24,"column":58},"end":{"line":45,"column":1}},"line":24},"1":{"name":"(anonymous_1)","decl":{"start":{"line":51,"column":39},"end":{"line":51,"column":40}},"loc":{"start":{"line":51,"column":59},"end":{"line":131,"column":1}},"line":51},"2":{"name":"(anonymous_2)","decl":{"start":{"line":133,"column":46},"end":{"line":133,"column":47}},"loc":{"start":{"line":133,"column":66},"end":{"line":155,"column":1}},"line":133},"3":{"name":"(anonymous_3)","decl":{"start":{"line":157,"column":50},"end":{"line":157,"column":51}},"loc":{"start":{"line":157,"column":70},"end":{"line":183,"column":1}},"line":157},"4":{"name":"(anonymous_4)","decl":{"start":{"line":189,"column":49},"end":{"line":189,"column":50}},"loc":{"start":{"line":189,"column":69},"end":{"line":215,"column":1}},"line":189},"5":{"name":"(anonymous_5)","decl":{"start":{"line":217,"column":54},"end":{"line":217,"column":55}},"loc":{"start":{"line":217,"column":74},"end":{"line":298,"column":1}},"line":217},"6":{"name":"(anonymous_6)","decl":{"start":{"line":300,"column":53},"end":{"line":300,"column":54}},"loc":{"start":{"line":300,"column":73},"end":{"line":337,"column":1}},"line":300}},"branchMap":{"0":{"loc":{"start":{"line":24,"column":33},"end":{"line":24,"column":53}},"type":"default-arg","locations":[{"start":{"line":24,"column":51},"end":{"line":24,"column":53}}],"line":24},"1":{"loc":{"start":{"line":25,"column":19},"end":{"line":32,"column":15}},"type":"cond-expr","locations":[{"start":{"line":25,"column":46},"end":{"line":32,"column":5}},{"start":{"line":32,"column":8},"end":{"line":32,"column":15}}],"line":25},"2":{"loc":{"start":{"line":25,"column":19},"end":{"line":25,"column":43}},"type":"binary-expr","locations":[{"start":{"line":25,"column":19},"end":{"line":25,"column":26}},{"start":{"line":25,"column":30},"end":{"line":25,"column":43}}],"line":25},"3":{"loc":{"start":{"line":43,"column":12},"end":{"line":43,"column":72}},"type":"binary-expr","locations":[{"start":{"line":43,"column":12},"end":{"line":43,"column":49}},{"start":{"line":43,"column":53},"end":{"line":43,"column":72}}],"line":43},"4":{"loc":{"start":{"line":53,"column":4},"end":{"line":55,"column":5}},"type":"if","locations":[{"start":{"line":53,"column":4},"end":{"line":55,"column":5}},{"start":{},"end":{}}],"line":53},"5":{"loc":{"start":{"line":58,"column":4},"end":{"line":60,"column":5}},"type":"if","locations":[{"start":{"line":58,"column":4},"end":{"line":60,"column":5}},{"start":{},"end":{}}],"line":58},"6":{"loc":{"start":{"line":64,"column":4},"end":{"line":66,"column":5}},"type":"if","locations":[{"start":{"line":64,"column":4},"end":{"line":66,"column":5}},{"start":{},"end":{}}],"line":64},"7":{"loc":{"start":{"line":71,"column":4},"end":{"line":86,"column":5}},"type":"if","locations":[{"start":{"line":71,"column":4},"end":{"line":86,"column":5}},{"start":{"line":80,"column":11},"end":{"line":86,"column":5}}],"line":71},"8":{"loc":{"start":{"line":72,"column":8},"end":{"line":74,"column":9}},"type":"if","locations":[{"start":{"line":72,"column":8},"end":{"line":74,"column":9}},{"start":{},"end":{}}],"line":72},"9":{"loc":{"start":{"line":76,"column":8},"end":{"line":78,"column":9}},"type":"if","locations":[{"start":{"line":76,"column":8},"end":{"line":78,"column":9}},{"start":{},"end":{}}],"line":76},"10":{"loc":{"start":{"line":83,"column":8},"end":{"line":85,"column":9}},"type":"if","locations":[{"start":{"line":83,"column":8},"end":{"line":85,"column":9}},{"start":{},"end":{}}],"line":83},"11":{"loc":{"start":{"line":88,"column":4},"end":{"line":90,"column":5}},"type":"if","locations":[{"start":{"line":88,"column":4},"end":{"line":90,"column":5}},{"start":{},"end":{}}],"line":88},"12":{"loc":{"start":{"line":96,"column":21},"end":{"line":96,"column":47}},"type":"binary-expr","locations":[{"start":{"line":96,"column":21},"end":{"line":96,"column":41}},{"start":{"line":96,"column":45},"end":{"line":96,"column":47}}],"line":96},"13":{"loc":{"start":{"line":118,"column":4},"end":{"line":125,"column":5}},"type":"if","locations":[{"start":{"line":118,"column":4},"end":{"line":125,"column":5}},{"start":{},"end":{}}],"line":118},"14":{"loc":{"start":{"line":148,"column":8},"end":{"line":150,"column":9}},"type":"if","locations":[{"start":{"line":148,"column":8},"end":{"line":150,"column":9}},{"start":{},"end":{}}],"line":148},"15":{"loc":{"start":{"line":159,"column":4},"end":{"line":161,"column":5}},"type":"if","locations":[{"start":{"line":159,"column":4},"end":{"line":161,"column":5}},{"start":{},"end":{}}],"line":159},"16":{"loc":{"start":{"line":173,"column":4},"end":{"line":175,"column":5}},"type":"if","locations":[{"start":{"line":173,"column":4},"end":{"line":175,"column":5}},{"start":{},"end":{}}],"line":173},"17":{"loc":{"start":{"line":178,"column":4},"end":{"line":180,"column":5}},"type":"if","locations":[{"start":{"line":178,"column":4},"end":{"line":180,"column":5}},{"start":{},"end":{}}],"line":178},"18":{"loc":{"start":{"line":191,"column":4},"end":{"line":193,"column":5}},"type":"if","locations":[{"start":{"line":191,"column":4},"end":{"line":193,"column":5}},{"start":{},"end":{}}],"line":191},"19":{"loc":{"start":{"line":196,"column":4},"end":{"line":198,"column":5}},"type":"if","locations":[{"start":{"line":196,"column":4},"end":{"line":198,"column":5}},{"start":{},"end":{}}],"line":196},"20":{"loc":{"start":{"line":201,"column":4},"end":{"line":203,"column":5}},"type":"if","locations":[{"start":{"line":201,"column":4},"end":{"line":203,"column":5}},{"start":{},"end":{}}],"line":201},"21":{"loc":{"start":{"line":206,"column":4},"end":{"line":208,"column":5}},"type":"if","locations":[{"start":{"line":206,"column":4},"end":{"line":208,"column":5}},{"start":{},"end":{}}],"line":206},"22":{"loc":{"start":{"line":221,"column":4},"end":{"line":223,"column":5}},"type":"if","locations":[{"start":{"line":221,"column":4},"end":{"line":223,"column":5}},{"start":{},"end":{}}],"line":221},"23":{"loc":{"start":{"line":226,"column":4},"end":{"line":228,"column":5}},"type":"if","locations":[{"start":{"line":226,"column":4},"end":{"line":228,"column":5}},{"start":{},"end":{}}],"line":226},"24":{"loc":{"start":{"line":231,"column":4},"end":{"line":233,"column":5}},"type":"if","locations":[{"start":{"line":231,"column":4},"end":{"line":233,"column":5}},{"start":{},"end":{}}],"line":231},"25":{"loc":{"start":{"line":236,"column":4},"end":{"line":238,"column":5}},"type":"if","locations":[{"start":{"line":236,"column":4},"end":{"line":238,"column":5}},{"start":{},"end":{}}],"line":236},"26":{"loc":{"start":{"line":244,"column":4},"end":{"line":246,"column":5}},"type":"if","locations":[{"start":{"line":244,"column":4},"end":{"line":246,"column":5}},{"start":{},"end":{}}],"line":244},"27":{"loc":{"start":{"line":250,"column":4},"end":{"line":295,"column":5}},"type":"if","locations":[{"start":{"line":250,"column":4},"end":{"line":295,"column":5}},{"start":{},"end":{}}],"line":250},"28":{"loc":{"start":{"line":255,"column":8},"end":{"line":267,"column":9}},"type":"if","locations":[{"start":{"line":255,"column":8},"end":{"line":267,"column":9}},{"start":{"line":258,"column":15},"end":{"line":267,"column":9}}],"line":255},"29":{"loc":{"start":{"line":258,"column":15},"end":{"line":267,"column":9}},"type":"if","locations":[{"start":{"line":258,"column":15},"end":{"line":267,"column":9}},{"start":{"line":261,"column":15},"end":{"line":267,"column":9}}],"line":258},"30":{"loc":{"start":{"line":261,"column":15},"end":{"line":267,"column":9}},"type":"if","locations":[{"start":{"line":261,"column":15},"end":{"line":267,"column":9}},{"start":{"line":264,"column":15},"end":{"line":267,"column":9}}],"line":261},"31":{"loc":{"start":{"line":261,"column":19},"end":{"line":261,"column":78}},"type":"binary-expr","locations":[{"start":{"line":261,"column":19},"end":{"line":261,"column":48}},{"start":{"line":261,"column":52},"end":{"line":261,"column":78}}],"line":261},"32":{"loc":{"start":{"line":264,"column":15},"end":{"line":267,"column":9}},"type":"if","locations":[{"start":{"line":264,"column":15},"end":{"line":267,"column":9}},{"start":{},"end":{}}],"line":264},"33":{"loc":{"start":{"line":277,"column":8},"end":{"line":294,"column":9}},"type":"if","locations":[{"start":{"line":277,"column":8},"end":{"line":294,"column":9}},{"start":{"line":286,"column":15},"end":{"line":294,"column":9}}],"line":277},"34":{"loc":{"start":{"line":304,"column":4},"end":{"line":306,"column":5}},"type":"if","locations":[{"start":{"line":304,"column":4},"end":{"line":306,"column":5}},{"start":{},"end":{}}],"line":304},"35":{"loc":{"start":{"line":309,"column":4},"end":{"line":311,"column":5}},"type":"if","locations":[{"start":{"line":309,"column":4},"end":{"line":311,"column":5}},{"start":{},"end":{}}],"line":309},"36":{"loc":{"start":{"line":314,"column":4},"end":{"line":316,"column":5}},"type":"if","locations":[{"start":{"line":314,"column":4},"end":{"line":316,"column":5}},{"start":{},"end":{}}],"line":314},"37":{"loc":{"start":{"line":319,"column":4},"end":{"line":321,"column":5}},"type":"if","locations":[{"start":{"line":319,"column":4},"end":{"line":321,"column":5}},{"start":{},"end":{}}],"line":319},"38":{"loc":{"start":{"line":326,"column":4},"end":{"line":332,"column":5}},"type":"if","locations":[{"start":{"line":326,"column":4},"end":{"line":332,"column":5}},{"start":{"line":328,"column":11},"end":{"line":332,"column":5}}],"line":326},"39":{"loc":{"start":{"line":328,"column":11},"end":{"line":332,"column":5}},"type":"if","locations":[{"start":{"line":328,"column":11},"end":{"line":332,"column":5}},{"start":{"line":330,"column":11},"end":{"line":332,"column":5}}],"line":328},"40":{"loc":{"start":{"line":330,"column":11},"end":{"line":332,"column":5}},"type":"if","locations":[{"start":{"line":330,"column":11},"end":{"line":332,"column":5}},{"start":{},"end":{}}],"line":330}},"s":{"0":5,"1":0,"2":0,"3":5,"4":0,"5":0,"6":0,"7":0,"8":0,"9":0,"10":0,"11":0,"12":0,"13":0,"14":0,"15":0,"16":0,"17":0,"18":0,"19":0,"20":0,"21":0,"22":0,"23":0,"24":0,"25":0,"26":0,"27":0,"28":0,"29":0,"30":0,"31":0,"32":0,"33":0,"34":5,"35":0,"36":0,"37":0,"38":0,"39":0,"40":0,"41":0,"42":0,"43":5,"44":0,"45":0,"46":0,"47":0,"48":0,"49":0,"50":0,"51":0,"52":0,"53":0,"54":5,"55":0,"56":0,"57":0,"58":0,"59":0,"60":0,"61":0,"62":0,"63":0,"64":0,"65":0,"66":0,"67":0,"68":5,"69":0,"70":0,"71":0,"72":0,"73":0,"74":0,"75":0,"76":0,"77":0,"78":0,"79":0,"80":0,"81":0,"82":0,"83":0,"84":0,"85":0,"86":0,"87":0,"88":0,"89":0,"90":0,"91":0,"92":0,"93":0,"94":0,"95":0,"96":0,"97":0,"98":0,"99":0,"100":0,"101":0,"102":0,"103":0,"104":0,"105":0,"106":0,"107":5,"108":0,"109":0,"110":0,"111":0,"112":0,"113":0,"114":0,"115":0,"116":0,"117":0,"118":0,"119":0,"120":0,"121":0,"122":0,"123":0,"124":0,"125":0,"126":0,"127":0,"128":0},"f":{"0":0,"1":0,"2":0,"3":0,"4":0,"5":0,"6":0},"b":{"0":[0],"1":[0,0],"2":[0,0],"3":[0,0],"4":[0,0],"5":[0,0],"6":[0,0],"7":[0,0],"8":[0,0],"9":[0,0],"10":[0,0],"11":[0,0],"12":[0,0],"13":[0,0],"14":[0,0],"15":[0,0],"16":[0,0],"17":[0,0],"18":[0,0],"19":[0,0],"20":[0,0],"21":[0,0],"22":[0,0],"23":[0,0],"24":[0,0],"25":[0,0],"26":[0,0],"27":[0,0],"28":[0,0],"29":[0,0],"30":[0,0],"31":[0,0],"32":[0,0],"33":[0,0],"34":[0,0],"35":[0,0],"36":[0,0],"37":[0,0],"38":[0,0],"39":[0,0],"40":[0,0]},"inputSourceMap":null,"_coverageSchema":"1a1c01bbd47fc00a2c39e90264f33305004495a9","hash":"a9cfb546fe5f691abc142d9a4b6cbb90322ef0dd"}
,"E:\\Job Portal\\server\\src\\controllers\\attendance.controller.js": {"path":"E:\\Job Portal\\server\\src\\controllers\\attendance.controller.js","statementMap":{"0":{"start":{"line":15,"column":23},"end":{"line":68,"column":2}},"1":{"start":{"line":16,"column":60},"end":{"line":16,"column":68}},"2":{"start":{"line":17,"column":23},"end":{"line":17,"column":35}},"3":{"start":{"line":19,"column":4},"end":{"line":21,"column":5}},"4":{"start":{"line":20,"column":8},"end":{"line":20,"column":84}},"5":{"start":{"line":23,"column":21},"end":{"line":23,"column":65}},"6":{"start":{"line":24,"column":4},"end":{"line":24,"column":73}},"7":{"start":{"line":24,"column":19},"end":{"line":24,"column":73}},"8":{"start":{"line":26,"column":18},"end":{"line":26,"column":33}},"9":{"start":{"line":29,"column":21},"end":{"line":29,"column":74}},"10":{"start":{"line":30,"column":4},"end":{"line":32,"column":5}},"11":{"start":{"line":31,"column":8},"end":{"line":31,"column":60}},"12":{"start":{"line":35,"column":21},"end":{"line":35,"column":104}},"13":{"start":{"line":36,"column":4},"end":{"line":38,"column":5}},"14":{"start":{"line":37,"column":8},"end":{"line":37,"column":77}},"15":{"start":{"line":40,"column":28},"end":{"line":40,"column":75}},"16":{"start":{"line":41,"column":4},"end":{"line":43,"column":5}},"17":{"start":{"line":42,"column":8},"end":{"line":42,"column":93}},"18":{"start":{"line":46,"column":24},"end":{"line":51,"column":5}},"19":{"start":{"line":53,"column":4},"end":{"line":65,"column":5}},"20":{"start":{"line":54,"column":8},"end":{"line":54,"column":41}},"21":{"start":{"line":55,"column":8},"end":{"line":55,"column":38}},"22":{"start":{"line":56,"column":8},"end":{"line":56,"column":32}},"23":{"start":{"line":58,"column":8},"end":{"line":64,"column":11}},"24":{"start":{"line":67,"column":4},"end":{"line":67,"column":93}},"25":{"start":{"line":73,"column":24},"end":{"line":99,"column":2}},"26":{"start":{"line":74,"column":48},"end":{"line":74,"column":56}},"27":{"start":{"line":75,"column":23},"end":{"line":75,"column":35}},"28":{"start":{"line":77,"column":18},"end":{"line":77,"column":33}},"29":{"start":{"line":78,"column":21},"end":{"line":78,"column":74}},"30":{"start":{"line":80,"column":4},"end":{"line":82,"column":5}},"31":{"start":{"line":81,"column":8},"end":{"line":81,"column":89}},"32":{"start":{"line":84,"column":4},"end":{"line":86,"column":5}},"33":{"start":{"line":85,"column":8},"end":{"line":85,"column":61}},"34":{"start":{"line":88,"column":4},"end":{"line":92,"column":6}},"35":{"start":{"line":95,"column":4},"end":{"line":95,"column":94}},"36":{"start":{"line":96,"column":4},"end":{"line":96,"column":28}},"37":{"start":{"line":98,"column":4},"end":{"line":98,"column":94}},"38":{"start":{"line":104,"column":36},"end":{"line":109,"column":2}},"39":{"start":{"line":105,"column":18},"end":{"line":105,"column":33}},"40":{"start":{"line":106,"column":23},"end":{"line":106,"column":90}},"41":{"start":{"line":108,"column":4},"end":{"line":108,"column":98}},"42":{"start":{"line":114,"column":28},"end":{"line":131,"column":2}},"43":{"start":{"line":115,"column":29},"end":{"line":115,"column":37}},"44":{"start":{"line":116,"column":23},"end":{"line":116,"column":35}},"45":{"start":{"line":118,"column":4},"end":{"line":120,"column":5}},"46":{"start":{"line":119,"column":8},"end":{"line":119,"column":64}},"47":{"start":{"line":122,"column":25},"end":{"line":128,"column":6}},"48":{"start":{"line":130,"column":4},"end":{"line":130,"column":108}},"49":{"start":{"line":136,"column":32},"end":{"line":141,"column":2}},"50":{"start":{"line":138,"column":21},"end":{"line":138,"column":112}},"51":{"start":{"line":140,"column":4},"end":{"line":140,"column":92}},"52":{"start":{"line":146,"column":33},"end":{"line":201,"column":2}},"53":{"start":{"line":147,"column":19},"end":{"line":147,"column":29}},"54":{"start":{"line":148,"column":34},"end":{"line":148,"column":42}},"55":{"start":{"line":149,"column":17},"end":{"line":149,"column":29}},"56":{"start":{"line":151,"column":4},"end":{"line":153,"column":5}},"57":{"start":{"line":152,"column":8},"end":{"line":152,"column":84}},"58":{"start":{"line":155,"column":25},"end":{"line":155,"column":61}},"59":{"start":{"line":156,"column":4},"end":{"line":158,"column":5}},"60":{"start":{"line":157,"column":8},"end":{"line":157,"column":59}},"61":{"start":{"line":160,"column":4},"end":{"line":160,"column":33}},"62":{"start":{"line":161,"column":4},"end":{"line":161,"column":35}},"63":{"start":{"line":162,"column":4},"end":{"line":162,"column":54}},"64":{"start":{"line":162,"column":19},"end":{"line":162,"column":54}},"65":{"start":{"line":164,"column":4},"end":{"line":164,"column":30}},"66":{"start":{"line":167,"column":4},"end":{"line":198,"column":5}},"67":{"start":{"line":168,"column":25},"end":{"line":168,"column":82}},"68":{"start":{"line":169,"column":31},"end":{"line":169,"column":63}},"69":{"start":{"line":171,"column":25},"end":{"line":171,"column":112}},"70":{"start":{"line":173,"column":8},"end":{"line":197,"column":9}},"71":{"start":{"line":174,"column":12},"end":{"line":174,"column":40}},"72":{"start":{"line":175,"column":12},"end":{"line":180,"column":15}},"73":{"start":{"line":181,"column":12},"end":{"line":181,"column":36}},"74":{"start":{"line":183,"column":12},"end":{"line":196,"column":13}},"75":{"start":{"line":184,"column":16},"end":{"line":195,"column":19}},"76":{"start":{"line":200,"column":4},"end":{"line":200,"column":109}}},"fnMap":{"0":{"name":"(anonymous_0)","decl":{"start":{"line":15,"column":36},"end":{"line":15,"column":37}},"loc":{"start":{"line":15,"column":56},"end":{"line":68,"column":1}},"line":15},"1":{"name":"(anonymous_1)","decl":{"start":{"line":73,"column":37},"end":{"line":73,"column":38}},"loc":{"start":{"line":73,"column":57},"end":{"line":99,"column":1}},"line":73},"2":{"name":"(anonymous_2)","decl":{"start":{"line":104,"column":49},"end":{"line":104,"column":50}},"loc":{"start":{"line":104,"column":69},"end":{"line":109,"column":1}},"line":104},"3":{"name":"(anonymous_3)","decl":{"start":{"line":114,"column":41},"end":{"line":114,"column":42}},"loc":{"start":{"line":114,"column":61},"end":{"line":131,"column":1}},"line":114},"4":{"name":"(anonymous_4)","decl":{"start":{"line":136,"column":45},"end":{"line":136,"column":46}},"loc":{"start":{"line":136,"column":65},"end":{"line":141,"column":1}},"line":136},"5":{"name":"(anonymous_5)","decl":{"start":{"line":146,"column":46},"end":{"line":146,"column":47}},"loc":{"start":{"line":146,"column":66},"end":{"line":201,"column":1}},"line":146}},"branchMap":{"0":{"loc":{"start":{"line":19,"column":4},"end":{"line":21,"column":5}},"type":"if","locations":[{"start":{"line":19,"column":4},"end":{"line":21,"column":5}},{"start":{},"end":{}}],"line":19},"1":{"loc":{"start":{"line":19,"column":8},"end":{"line":19,"column":46}},"type":"binary-expr","locations":[{"start":{"line":19,"column":8},"end":{"line":19,"column":17}},{"start":{"line":19,"column":21},"end":{"line":19,"column":31}},{"start":{"line":19,"column":35},"end":{"line":19,"column":46}}],"line":19},"2":{"loc":{"start":{"line":24,"column":4},"end":{"line":24,"column":73}},"type":"if","locations":[{"start":{"line":24,"column":4},"end":{"line":24,"column":73}},{"start":{},"end":{}}],"line":24},"3":{"loc":{"start":{"line":30,"column":4},"end":{"line":32,"column":5}},"type":"if","locations":[{"start":{"line":30,"column":4},"end":{"line":32,"column":5}},{"start":{},"end":{}}],"line":30},"4":{"loc":{"start":{"line":30,"column":8},"end":{"line":30,"column":67}},"type":"binary-expr","locations":[{"start":{"line":30,"column":8},"end":{"line":30,"column":18}},{"start":{"line":30,"column":22},"end":{"line":30,"column":40}},{"start":{"line":30,"column":44},"end":{"line":30,"column":67}}],"line":30},"5":{"loc":{"start":{"line":36,"column":4},"end":{"line":38,"column":5}},"type":"if","locations":[{"start":{"line":36,"column":4},"end":{"line":38,"column":5}},{"start":{},"end":{}}],"line":36},"6":{"loc":{"start":{"line":41,"column":4},"end":{"line":43,"column":5}},"type":"if","locations":[{"start":{"line":41,"column":4},"end":{"line":43,"column":5}},{"start":{},"end":{}}],"line":41},"7":{"loc":{"start":{"line":53,"column":4},"end":{"line":65,"column":5}},"type":"if","locations":[{"start":{"line":53,"column":4},"end":{"line":65,"column":5}},{"start":{"line":57,"column":11},"end":{"line":65,"column":5}}],"line":53},"8":{"loc":{"start":{"line":80,"column":4},"end":{"line":82,"column":5}},"type":"if","locations":[{"start":{"line":80,"column":4},"end":{"line":82,"column":5}},{"start":{},"end":{}}],"line":80},"9":{"loc":{"start":{"line":80,"column":8},"end":{"line":80,"column":70}},"type":"binary-expr","locations":[{"start":{"line":80,"column":8},"end":{"line":80,"column":19}},{"start":{"line":80,"column":23},"end":{"line":80,"column":42}},{"start":{"line":80,"column":46},"end":{"line":80,"column":70}}],"line":80},"10":{"loc":{"start":{"line":84,"column":4},"end":{"line":86,"column":5}},"type":"if","locations":[{"start":{"line":84,"column":4},"end":{"line":86,"column":5}},{"start":{},"end":{}}],"line":84},"11":{"loc":{"start":{"line":84,"column":8},"end":{"line":84,"column":55}},"type":"binary-expr","locations":[{"start":{"line":84,"column":8},"end":{"line":84,"column":27}},{"start":{"line":84,"column":31},"end":{"line":84,"column":55}}],"line":84},"12":{"loc":{"start":{"line":90,"column":18},"end":{"line":90,"column":107}},"type":"cond-expr","locations":[{"start":{"line":90,"column":42},"end":{"line":90,"column":95}},{"start":{"line":90,"column":98},"end":{"line":90,"column":107}}],"line":90},"13":{"loc":{"start":{"line":90,"column":18},"end":{"line":90,"column":39}},"type":"binary-expr","locations":[{"start":{"line":90,"column":18},"end":{"line":90,"column":26}},{"start":{"line":90,"column":30},"end":{"line":90,"column":39}}],"line":90},"14":{"loc":{"start":{"line":108,"column":53},"end":{"line":108,"column":71}},"type":"binary-expr","locations":[{"start":{"line":108,"column":53},"end":{"line":108,"column":63}},{"start":{"line":108,"column":67},"end":{"line":108,"column":71}}],"line":108},"15":{"loc":{"start":{"line":118,"column":4},"end":{"line":120,"column":5}},"type":"if","locations":[{"start":{"line":118,"column":4},"end":{"line":120,"column":5}},{"start":{},"end":{}}],"line":118},"16":{"loc":{"start":{"line":118,"column":8},"end":{"line":118,"column":24}},"type":"binary-expr","locations":[{"start":{"line":118,"column":8},"end":{"line":118,"column":13}},{"start":{"line":118,"column":17},"end":{"line":118,"column":24}}],"line":118},"17":{"loc":{"start":{"line":151,"column":4},"end":{"line":153,"column":5}},"type":"if","locations":[{"start":{"line":151,"column":4},"end":{"line":153,"column":5}},{"start":{},"end":{}}],"line":151},"18":{"loc":{"start":{"line":156,"column":4},"end":{"line":158,"column":5}},"type":"if","locations":[{"start":{"line":156,"column":4},"end":{"line":158,"column":5}},{"start":{},"end":{}}],"line":156},"19":{"loc":{"start":{"line":162,"column":4},"end":{"line":162,"column":54}},"type":"if","locations":[{"start":{"line":162,"column":4},"end":{"line":162,"column":54}},{"start":{},"end":{}}],"line":162},"20":{"loc":{"start":{"line":167,"column":4},"end":{"line":198,"column":5}},"type":"if","locations":[{"start":{"line":167,"column":4},"end":{"line":198,"column":5}},{"start":{},"end":{}}],"line":167},"21":{"loc":{"start":{"line":167,"column":8},"end":{"line":167,"column":69}},"type":"binary-expr","locations":[{"start":{"line":167,"column":8},"end":{"line":167,"column":29}},{"start":{"line":167,"column":33},"end":{"line":167,"column":69}}],"line":167},"22":{"loc":{"start":{"line":173,"column":8},"end":{"line":197,"column":9}},"type":"if","locations":[{"start":{"line":173,"column":8},"end":{"line":197,"column":9}},{"start":{"line":182,"column":15},"end":{"line":197,"column":9}}],"line":173},"23":{"loc":{"start":{"line":183,"column":12},"end":{"line":196,"column":13}},"type":"if","locations":[{"start":{"line":183,"column":12},"end":{"line":196,"column":13}},{"start":{},"end":{}}],"line":183}},"s":{"0":5,"1":0,"2":0,"3":0,"4":0,"5":0,"6":0,"7":0,"8":0,"9":0,"10":0,"11":0,"12":0,"13":0,"14":0,"15":0,"16":0,"17":0,"18":0,"19":0,"20":0,"21":0,"22":0,"23":0,"24":0,"25":5,"26":0,"27":0,"28":0,"29":0,"30":0,"31":0,"32":0,"33":0,"34":0,"35":0,"36":0,"37":0,"38":5,"39":0,"40":0,"41":0,"42":5,"43":0,"44":0,"45":0,"46":0,"47":0,"48":0,"49":5,"50":0,"51":0,"52":5,"53":0,"54":0,"55":0,"56":0,"57":0,"58":0,"59":0,"60":0,"61":0,"62":0,"63":0,"64":0,"65":0,"66":0,"67":0,"68":0,"69":0,"70":0,"71":0,"72":0,"73":0,"74":0,"75":0,"76":0},"f":{"0":0,"1":0,"2":0,"3":0,"4":0,"5":0},"b":{"0":[0,0],"1":[0,0,0],"2":[0,0],"3":[0,0],"4":[0,0,0],"5":[0,0],"6":[0,0],"7":[0,0],"8":[0,0],"9":[0,0,0],"10":[0,0],"11":[0,0],"12":[0,0],"13":[0,0],"14":[0,0],"15":[0,0],"16":[0,0],"17":[0,0],"18":[0,0],"19":[0,0],"20":[0,0],"21":[0,0],"22":[0,0],"23":[0,0]},"inputSourceMap":null,"_coverageSchema":"1a1c01bbd47fc00a2c39e90264f33305004495a9","hash":"e3612ab7857fee1e7600044a2a52f909de7d8aab"}
,"E:\\Job Portal\\server\\src\\controllers\\auth.controller.js": {"path":"E:\\Job Portal\\server\\src\\controllers\\auth.controller.js","statementMap":{"0":{"start":{"line":9,"column":46},"end":{"line":22,"column":1}},"1":{"start":{"line":10,"column":4},"end":{"line":21,"column":5}},"2":{"start":{"line":11,"column":21},"end":{"line":11,"column":65}},"3":{"start":{"line":12,"column":28},"end":{"line":12,"column":54}},"4":{"start":{"line":13,"column":29},"end":{"line":13,"column":56}},"5":{"start":{"line":15,"column":8},"end":{"line":15,"column":41}},"6":{"start":{"line":16,"column":8},"end":{"line":16,"column":64}},"7":{"start":{"line":18,"column":8},"end":{"line":18,"column":45}},"8":{"start":{"line":20,"column":8},"end":{"line":20,"column":80}},"9":{"start":{"line":24,"column":21},"end":{"line":55,"column":2}},"10":{"start":{"line":25,"column":51},"end":{"line":25,"column":59}},"11":{"start":{"line":27,"column":24},"end":{"line":29,"column":6}},"12":{"start":{"line":31,"column":4},"end":{"line":33,"column":5}},"13":{"start":{"line":32,"column":8},"end":{"line":32,"column":75}},"14":{"start":{"line":35,"column":17},"end":{"line":41,"column":6}},"15":{"start":{"line":43,"column":24},"end":{"line":43,"column":87}},"16":{"start":{"line":45,"column":4},"end":{"line":47,"column":5}},"17":{"start":{"line":46,"column":8},"end":{"line":46,"column":83}},"18":{"start":{"line":50,"column":4},"end":{"line":50,"column":52}},"19":{"start":{"line":52,"column":4},"end":{"line":54,"column":6}},"20":{"start":{"line":57,"column":18},"end":{"line":115,"column":2}},"21":{"start":{"line":58,"column":32},"end":{"line":58,"column":40}},"22":{"start":{"line":60,"column":4},"end":{"line":62,"column":5}},"23":{"start":{"line":61,"column":8},"end":{"line":61,"column":53}},"24":{"start":{"line":64,"column":17},"end":{"line":64,"column":66}},"25":{"start":{"line":66,"column":4},"end":{"line":68,"column":5}},"26":{"start":{"line":67,"column":8},"end":{"line":67,"column":55}},"27":{"start":{"line":70,"column":28},"end":{"line":70,"column":66}},"28":{"start":{"line":72,"column":4},"end":{"line":74,"column":5}},"29":{"start":{"line":73,"column":8},"end":{"line":73,"column":60}},"30":{"start":{"line":77,"column":4},"end":{"line":82,"column":5}},"31":{"start":{"line":78,"column":26},"end":{"line":78,"column":62}},"32":{"start":{"line":79,"column":8},"end":{"line":81,"column":9}},"33":{"start":{"line":80,"column":12},"end":{"line":80,"column":111}},"34":{"start":{"line":85,"column":8},"end":{"line":85,"column":54}},"35":{"start":{"line":87,"column":25},"end":{"line":88,"column":42}},"36":{"start":{"line":90,"column":25},"end":{"line":90,"column":62}},"37":{"start":{"line":92,"column":26},"end":{"line":98,"column":5}},"38":{"start":{"line":100,"column":4},"end":{"line":114,"column":10}},"39":{"start":{"line":118,"column":4},"end":{"line":149,"column":5}},"40":{"start":{"line":124,"column":16},"end":{"line":128,"column":17}},"41":{"start":{"line":130,"column":12},"end":{"line":137,"column":13}},"42":{"start":{"line":133,"column":16},"end":{"line":136,"column":18}},"43":{"start":{"line":139,"column":12},"end":{"line":147,"column":18}},"44":{"start":{"line":151,"column":19},"end":{"line":184,"column":2}},"45":{"start":{"line":152,"column":4},"end":{"line":162,"column":6}},"46":{"start":{"line":164,"column":25},"end":{"line":164,"column":62}},"47":{"start":{"line":166,"column":26},"end":{"line":171,"column":5}},"48":{"start":{"line":173,"column":4},"end":{"line":183,"column":10}},"49":{"start":{"line":186,"column":30},"end":{"line":213,"column":2}},"50":{"start":{"line":187,"column":41},"end":{"line":187,"column":49}},"51":{"start":{"line":188,"column":19},"end":{"line":188,"column":31}},"52":{"start":{"line":191,"column":17},"end":{"line":191,"column":64}},"53":{"start":{"line":193,"column":4},"end":{"line":195,"column":5}},"54":{"start":{"line":194,"column":8},"end":{"line":194,"column":50}},"55":{"start":{"line":198,"column":30},"end":{"line":198,"column":71}},"56":{"start":{"line":199,"column":4},"end":{"line":201,"column":5}},"57":{"start":{"line":200,"column":8},"end":{"line":200,"column":61}},"58":{"start":{"line":204,"column":4},"end":{"line":204,"column":32}},"59":{"start":{"line":206,"column":4},"end":{"line":206,"column":36}},"60":{"start":{"line":208,"column":4},"end":{"line":208,"column":22}},"61":{"start":{"line":210,"column":4},"end":{"line":212,"column":73}},"62":{"start":{"line":215,"column":24},"end":{"line":295,"column":2}},"63":{"start":{"line":216,"column":22},"end":{"line":216,"column":30}},"64":{"start":{"line":218,"column":26},"end":{"line":218,"column":56}},"65":{"start":{"line":220,"column":15},"end":{"line":220,"column":65}},"66":{"start":{"line":222,"column":4},"end":{"line":256,"column":5}},"67":{"start":{"line":224,"column":8},"end":{"line":233,"column":11}},"68":{"start":{"line":236,"column":8},"end":{"line":236,"column":49}},"69":{"start":{"line":239,"column":25},"end":{"line":239,"column":30}},"70":{"start":{"line":240,"column":8},"end":{"line":243,"column":9}},"71":{"start":{"line":241,"column":12},"end":{"line":241,"column":51}},"72":{"start":{"line":242,"column":12},"end":{"line":242,"column":30}},"73":{"start":{"line":244,"column":8},"end":{"line":247,"column":9}},"74":{"start":{"line":245,"column":12},"end":{"line":245,"column":48}},"75":{"start":{"line":246,"column":12},"end":{"line":246,"column":30}},"76":{"start":{"line":248,"column":8},"end":{"line":251,"column":9}},"77":{"start":{"line":249,"column":12},"end":{"line":249,"column":40}},"78":{"start":{"line":250,"column":12},"end":{"line":250,"column":30}},"79":{"start":{"line":253,"column":8},"end":{"line":255,"column":9}},"80":{"start":{"line":254,"column":12},"end":{"line":254,"column":59}},"81":{"start":{"line":259,"column":4},"end":{"line":264,"column":5}},"82":{"start":{"line":260,"column":26},"end":{"line":260,"column":62}},"83":{"start":{"line":261,"column":8},"end":{"line":263,"column":9}},"84":{"start":{"line":262,"column":12},"end":{"line":262,"column":111}},"85":{"start":{"line":266,"column":42},"end":{"line":266,"column":88}},"86":{"start":{"line":268,"column":25},"end":{"line":268,"column":88}},"87":{"start":{"line":270,"column":25},"end":{"line":270,"column":62}},"88":{"start":{"line":272,"column":26},"end":{"line":278,"column":5}},"89":{"start":{"line":280,"column":4},"end":{"line":294,"column":10}}},"fnMap":{"0":{"name":"(anonymous_0)","decl":{"start":{"line":9,"column":46},"end":{"line":9,"column":47}},"loc":{"start":{"line":9,"column":80},"end":{"line":22,"column":1}},"line":9},"1":{"name":"(anonymous_1)","decl":{"start":{"line":24,"column":34},"end":{"line":24,"column":35}},"loc":{"start":{"line":24,"column":54},"end":{"line":55,"column":1}},"line":24},"2":{"name":"(anonymous_2)","decl":{"start":{"line":57,"column":31},"end":{"line":57,"column":32}},"loc":{"start":{"line":57,"column":51},"end":{"line":115,"column":1}},"line":57},"3":{"name":"(anonymous_3)","decl":{"start":{"line":119,"column":8},"end":{"line":119,"column":9}},"loc":{"start":{"line":122,"column":13},"end":{"line":148,"column":9}},"line":122},"4":{"name":"(anonymous_4)","decl":{"start":{"line":151,"column":32},"end":{"line":151,"column":33}},"loc":{"start":{"line":151,"column":52},"end":{"line":184,"column":1}},"line":151},"5":{"name":"(anonymous_5)","decl":{"start":{"line":186,"column":43},"end":{"line":186,"column":44}},"loc":{"start":{"line":186,"column":63},"end":{"line":213,"column":1}},"line":186},"6":{"name":"(anonymous_6)","decl":{"start":{"line":215,"column":37},"end":{"line":215,"column":38}},"loc":{"start":{"line":215,"column":57},"end":{"line":295,"column":1}},"line":215}},"branchMap":{"0":{"loc":{"start":{"line":9,"column":61},"end":{"line":9,"column":75}},"type":"default-arg","locations":[{"start":{"line":9,"column":71},"end":{"line":9,"column":75}}],"line":9},"1":{"loc":{"start":{"line":31,"column":4},"end":{"line":33,"column":5}},"type":"if","locations":[{"start":{"line":31,"column":4},"end":{"line":33,"column":5}},{"start":{},"end":{}}],"line":31},"2":{"loc":{"start":{"line":40,"column":14},"end":{"line":40,"column":28}},"type":"binary-expr","locations":[{"start":{"line":40,"column":14},"end":{"line":40,"column":18}},{"start":{"line":40,"column":22},"end":{"line":40,"column":28}}],"line":40},"3":{"loc":{"start":{"line":45,"column":4},"end":{"line":47,"column":5}},"type":"if","locations":[{"start":{"line":45,"column":4},"end":{"line":47,"column":5}},{"start":{},"end":{}}],"line":45},"4":{"loc":{"start":{"line":60,"column":4},"end":{"line":62,"column":5}},"type":"if","locations":[{"start":{"line":60,"column":4},"end":{"line":62,"column":5}},{"start":{},"end":{}}],"line":60},"5":{"loc":{"start":{"line":66,"column":4},"end":{"line":68,"column":5}},"type":"if","locations":[{"start":{"line":66,"column":4},"end":{"line":68,"column":5}},{"start":{},"end":{}}],"line":66},"6":{"loc":{"start":{"line":72,"column":4},"end":{"line":74,"column":5}},"type":"if","locations":[{"start":{"line":72,"column":4},"end":{"line":74,"column":5}},{"start":{},"end":{}}],"line":72},"7":{"loc":{"start":{"line":77,"column":4},"end":{"line":82,"column":5}},"type":"if","locations":[{"start":{"line":77,"column":4},"end":{"line":82,"column":5}},{"start":{},"end":{}}],"line":77},"8":{"loc":{"start":{"line":79,"column":8},"end":{"line":81,"column":9}},"type":"if","locations":[{"start":{"line":79,"column":8},"end":{"line":81,"column":9}},{"start":{},"end":{}}],"line":79},"9":{"loc":{"start":{"line":79,"column":12},"end":{"line":79,"column":44}},"type":"binary-expr","locations":[{"start":{"line":79,"column":12},"end":{"line":79,"column":21}},{"start":{"line":79,"column":25},"end":{"line":79,"column":44}}],"line":79},"10":{"loc":{"start":{"line":95,"column":18},"end":{"line":95,"column":47}},"type":"cond-expr","locations":[{"start":{"line":95,"column":33},"end":{"line":95,"column":39}},{"start":{"line":95,"column":42},"end":{"line":95,"column":47}}],"line":95},"11":{"loc":{"start":{"line":130,"column":12},"end":{"line":137,"column":13}},"type":"if","locations":[{"start":{"line":130,"column":12},"end":{"line":137,"column":13}},{"start":{},"end":{}}],"line":130},"12":{"loc":{"start":{"line":169,"column":18},"end":{"line":169,"column":47}},"type":"cond-expr","locations":[{"start":{"line":169,"column":33},"end":{"line":169,"column":39}},{"start":{"line":169,"column":42},"end":{"line":169,"column":47}}],"line":169},"13":{"loc":{"start":{"line":193,"column":4},"end":{"line":195,"column":5}},"type":"if","locations":[{"start":{"line":193,"column":4},"end":{"line":195,"column":5}},{"start":{},"end":{}}],"line":193},"14":{"loc":{"start":{"line":199,"column":4},"end":{"line":201,"column":5}},"type":"if","locations":[{"start":{"line":199,"column":4},"end":{"line":201,"column":5}},{"start":{},"end":{}}],"line":199},"15":{"loc":{"start":{"line":222,"column":4},"end":{"line":256,"column":5}},"type":"if","locations":[{"start":{"line":222,"column":4},"end":{"line":256,"column":5}},{"start":{"line":237,"column":11},"end":{"line":256,"column":5}}],"line":222},"16":{"loc":{"start":{"line":240,"column":8},"end":{"line":243,"column":9}},"type":"if","locations":[{"start":{"line":240,"column":8},"end":{"line":243,"column":9}},{"start":{},"end":{}}],"line":240},"17":{"loc":{"start":{"line":244,"column":8},"end":{"line":247,"column":9}},"type":"if","locations":[{"start":{"line":244,"column":8},"end":{"line":247,"column":9}},{"start":{},"end":{}}],"line":244},"18":{"loc":{"start":{"line":248,"column":8},"end":{"line":251,"column":9}},"type":"if","locations":[{"start":{"line":248,"column":8},"end":{"line":251,"column":9}},{"start":{},"end":{}}],"line":248},"19":{"loc":{"start":{"line":253,"column":8},"end":{"line":255,"column":9}},"type":"if","locations":[{"start":{"line":253,"column":8},"end":{"line":255,"column":9}},{"start":{},"end":{}}],"line":253},"20":{"loc":{"start":{"line":259,"column":4},"end":{"line":264,"column":5}},"type":"if","locations":[{"start":{"line":259,"column":4},"end":{"line":264,"column":5}},{"start":{},"end":{}}],"line":259},"21":{"loc":{"start":{"line":261,"column":8},"end":{"line":263,"column":9}},"type":"if","locations":[{"start":{"line":261,"column":8},"end":{"line":263,"column":9}},{"start":{},"end":{}}],"line":261},"22":{"loc":{"start":{"line":261,"column":12},"end":{"line":261,"column":44}},"type":"binary-expr","locations":[{"start":{"line":261,"column":12},"end":{"line":261,"column":21}},{"start":{"line":261,"column":25},"end":{"line":261,"column":44}}],"line":261},"23":{"loc":{"start":{"line":275,"column":18},"end":{"line":275,"column":47}},"type":"cond-expr","locations":[{"start":{"line":275,"column":33},"end":{"line":275,"column":39}},{"start":{"line":275,"column":42},"end":{"line":275,"column":47}}],"line":275}},"s":{"0":6,"1":5,"2":5,"3":5,"4":5,"5":5,"6":5,"7":5,"8":0,"9":6,"10":11,"11":11,"12":11,"13":2,"14":9,"15":9,"16":9,"17":0,"18":9,"19":9,"20":6,"21":15,"22":15,"23":0,"24":15,"25":15,"26":9,"27":6,"28":6,"29":1,"30":5,"31":0,"32":0,"33":0,"34":5,"35":5,"36":5,"37":5,"38":5,"39":6,"40":0,"41":0,"42":0,"43":0,"44":6,"45":0,"46":0,"47":0,"48":0,"49":6,"50":0,"51":0,"52":0,"53":0,"54":0,"55":0,"56":0,"57":0,"58":0,"59":0,"60":0,"61":0,"62":6,"63":0,"64":0,"65":0,"66":0,"67":0,"68":0,"69":0,"70":0,"71":0,"72":0,"73":0,"74":0,"75":0,"76":0,"77":0,"78":0,"79":0,"80":0,"81":0,"82":0,"83":0,"84":0,"85":0,"86":0,"87":0,"88":0,"89":0},"f":{"0":5,"1":11,"2":15,"3":0,"4":0,"5":0,"6":0},"b":{"0":[5],"1":[2,9],"2":[9,9],"3":[0,9],"4":[0,15],"5":[9,6],"6":[1,5],"7":[0,5],"8":[0,0],"9":[0,0],"10":[0,5],"11":[0,0],"12":[0,0],"13":[0,0],"14":[0,0],"15":[0,0],"16":[0,0],"17":[0,0],"18":[0,0],"19":[0,0],"20":[0,0],"21":[0,0],"22":[0,0],"23":[0,0]},"inputSourceMap":null,"_coverageSchema":"1a1c01bbd47fc00a2c39e90264f33305004495a9","hash":"b6e48be053b534f31c0596e93b7192a15f2dd0cf"}
,"E:\\Job Portal\\server\\src\\controllers\\certificate.controller.js": {"path":"E:\\Job Portal\\server\\src\\controllers\\certificate.controller.js","statementMap":{"0":{"start":{"line":13,"column":35},"end":{"line":127,"column":2}},"1":{"start":{"line":15,"column":17},"end":{"line":15,"column":50}},"2":{"start":{"line":17,"column":4},"end":{"line":19,"column":5}},"3":{"start":{"line":18,"column":8},"end":{"line":18,"column":50}},"4":{"start":{"line":21,"column":29},"end":{"line":21,"column":78}},"5":{"start":{"line":23,"column":4},"end":{"line":29,"column":5}},"6":{"start":{"line":24,"column":32},"end":{"line":27,"column":11}},"7":{"start":{"line":24,"column":76},"end":{"line":27,"column":9}},"8":{"start":{"line":28,"column":8},"end":{"line":28,"column":69}},"9":{"start":{"line":40,"column":8},"end":{"line":40,"column":29}},"10":{"start":{"line":44,"column":8},"end":{"line":49,"column":10}},"11":{"start":{"line":51,"column":4},"end":{"line":56,"column":5}},"12":{"start":{"line":52,"column":8},"end":{"line":55,"column":10}},"13":{"start":{"line":61,"column":22},"end":{"line":64,"column":5}},"14":{"start":{"line":66,"column":4},"end":{"line":103,"column":5}},"15":{"start":{"line":69,"column":33},"end":{"line":74,"column":9}},"16":{"start":{"line":77,"column":8},"end":{"line":84,"column":9}},"17":{"start":{"line":80,"column":12},"end":{"line":83,"column":14}},"18":{"start":{"line":88,"column":12},"end":{"line":90,"column":13}},"19":{"start":{"line":92,"column":8},"end":{"line":97,"column":9}},"20":{"start":{"line":93,"column":12},"end":{"line":96,"column":14}},"21":{"start":{"line":99,"column":8},"end":{"line":102,"column":10}},"22":{"start":{"line":107,"column":8},"end":{"line":118,"column":10}},"23":{"start":{"line":120,"column":4},"end":{"line":126,"column":6}},"24":{"start":{"line":129,"column":35},"end":{"line":280,"column":2}},"25":{"start":{"line":131,"column":32},"end":{"line":131,"column":42}},"26":{"start":{"line":134,"column":8},"end":{"line":136,"column":9}},"27":{"start":{"line":138,"column":4},"end":{"line":143,"column":5}},"28":{"start":{"line":139,"column":8},"end":{"line":142,"column":10}},"29":{"start":{"line":146,"column":4},"end":{"line":154,"column":5}},"30":{"start":{"line":150,"column":8},"end":{"line":153,"column":10}},"31":{"start":{"line":158,"column":8},"end":{"line":159,"column":32}},"32":{"start":{"line":161,"column":4},"end":{"line":176,"column":5}},"33":{"start":{"line":164,"column":12},"end":{"line":169,"column":13}},"34":{"start":{"line":165,"column":26},"end":{"line":168,"column":17}},"35":{"start":{"line":171,"column":8},"end":{"line":175,"column":10}},"36":{"start":{"line":178,"column":26},"end":{"line":187,"column":5}},"37":{"start":{"line":190,"column":4},"end":{"line":200,"column":7}},"38":{"start":{"line":192,"column":8},"end":{"line":198,"column":9}},"39":{"start":{"line":196,"column":12},"end":{"line":197,"column":45}},"40":{"start":{"line":206,"column":4},"end":{"line":208,"column":5}},"41":{"start":{"line":207,"column":8},"end":{"line":207,"column":44}},"42":{"start":{"line":213,"column":4},"end":{"line":269,"column":5}},"43":{"start":{"line":216,"column":33},"end":{"line":221,"column":9}},"44":{"start":{"line":224,"column":8},"end":{"line":233,"column":9}},"45":{"start":{"line":229,"column":12},"end":{"line":232,"column":14}},"46":{"start":{"line":236,"column":8},"end":{"line":242,"column":9}},"47":{"start":{"line":239,"column":12},"end":{"line":241,"column":14}},"48":{"start":{"line":246,"column":12},"end":{"line":248,"column":13}},"49":{"start":{"line":250,"column":8},"end":{"line":255,"column":9}},"50":{"start":{"line":251,"column":12},"end":{"line":254,"column":14}},"51":{"start":{"line":257,"column":8},"end":{"line":268,"column":10}},"52":{"start":{"line":271,"column":4},"end":{"line":271,"column":31}},"53":{"start":{"line":273,"column":4},"end":{"line":279,"column":6}},"54":{"start":{"line":282,"column":35},"end":{"line":329,"column":2}},"55":{"start":{"line":284,"column":32},"end":{"line":284,"column":42}},"56":{"start":{"line":287,"column":8},"end":{"line":289,"column":9}},"57":{"start":{"line":291,"column":4},"end":{"line":296,"column":5}},"58":{"start":{"line":292,"column":8},"end":{"line":295,"column":10}},"59":{"start":{"line":299,"column":4},"end":{"line":307,"column":5}},"60":{"start":{"line":303,"column":8},"end":{"line":306,"column":10}},"61":{"start":{"line":312,"column":4},"end":{"line":318,"column":5}},"62":{"start":{"line":315,"column":8},"end":{"line":317,"column":10}},"63":{"start":{"line":320,"column":4},"end":{"line":320,"column":36}},"64":{"start":{"line":322,"column":4},"end":{"line":328,"column":6}}},"fnMap":{"0":{"name":"(anonymous_0)","decl":{"start":{"line":13,"column":48},"end":{"line":13,"column":49}},"loc":{"start":{"line":13,"column":68},"end":{"line":127,"column":1}},"line":13},"1":{"name":"(anonymous_1)","decl":{"start":{"line":24,"column":66},"end":{"line":24,"column":67}},"loc":{"start":{"line":24,"column":76},"end":{"line":27,"column":9}},"line":24},"2":{"name":"(anonymous_2)","decl":{"start":{"line":129,"column":48},"end":{"line":129,"column":49}},"loc":{"start":{"line":129,"column":68},"end":{"line":280,"column":1}},"line":129},"3":{"name":"(anonymous_3)","decl":{"start":{"line":165,"column":16},"end":{"line":165,"column":17}},"loc":{"start":{"line":165,"column":26},"end":{"line":168,"column":17}},"line":165},"4":{"name":"(anonymous_4)","decl":{"start":{"line":190,"column":26},"end":{"line":190,"column":27}},"loc":{"start":{"line":190,"column":37},"end":{"line":200,"column":5}},"line":190},"5":{"name":"(anonymous_5)","decl":{"start":{"line":282,"column":48},"end":{"line":282,"column":49}},"loc":{"start":{"line":282,"column":68},"end":{"line":329,"column":1}},"line":282}},"branchMap":{"0":{"loc":{"start":{"line":17,"column":4},"end":{"line":19,"column":5}},"type":"if","locations":[{"start":{"line":17,"column":4},"end":{"line":19,"column":5}},{"start":{},"end":{}}],"line":17},"1":{"loc":{"start":{"line":23,"column":4},"end":{"line":29,"column":5}},"type":"if","locations":[{"start":{"line":23,"column":4},"end":{"line":29,"column":5}},{"start":{},"end":{}}],"line":23},"2":{"loc":{"start":{"line":51,"column":4},"end":{"line":56,"column":5}},"type":"if","locations":[{"start":{"line":51,"column":4},"end":{"line":56,"column":5}},{"start":{},"end":{}}],"line":51},"3":{"loc":{"start":{"line":66,"column":4},"end":{"line":103,"column":5}},"type":"if","locations":[{"start":{"line":66,"column":4},"end":{"line":103,"column":5}},{"start":{},"end":{}}],"line":66},"4":{"loc":{"start":{"line":77,"column":8},"end":{"line":84,"column":9}},"type":"if","locations":[{"start":{"line":77,"column":8},"end":{"line":84,"column":9}},{"start":{},"end":{}}],"line":77},"5":{"loc":{"start":{"line":92,"column":8},"end":{"line":97,"column":9}},"type":"if","locations":[{"start":{"line":92,"column":8},"end":{"line":97,"column":9}},{"start":{},"end":{}}],"line":92},"6":{"loc":{"start":{"line":100,"column":17},"end":{"line":100,"column":169}},"type":"cond-expr","locations":[{"start":{"line":100,"column":67},"end":{"line":100,"column":136}},{"start":{"line":100,"column":139},"end":{"line":100,"column":169}}],"line":100},"7":{"loc":{"start":{"line":138,"column":4},"end":{"line":143,"column":5}},"type":"if","locations":[{"start":{"line":138,"column":4},"end":{"line":143,"column":5}},{"start":{},"end":{}}],"line":138},"8":{"loc":{"start":{"line":146,"column":4},"end":{"line":154,"column":5}},"type":"if","locations":[{"start":{"line":146,"column":4},"end":{"line":154,"column":5}},{"start":{},"end":{}}],"line":146},"9":{"loc":{"start":{"line":161,"column":4},"end":{"line":176,"column":5}},"type":"if","locations":[{"start":{"line":161,"column":4},"end":{"line":176,"column":5}},{"start":{},"end":{}}],"line":161},"10":{"loc":{"start":{"line":192,"column":8},"end":{"line":198,"column":9}},"type":"if","locations":[{"start":{"line":192,"column":8},"end":{"line":198,"column":9}},{"start":{},"end":{}}],"line":192},"11":{"loc":{"start":{"line":206,"column":4},"end":{"line":208,"column":5}},"type":"if","locations":[{"start":{"line":206,"column":4},"end":{"line":208,"column":5}},{"start":{},"end":{}}],"line":206},"12":{"loc":{"start":{"line":213,"column":4},"end":{"line":269,"column":5}},"type":"if","locations":[{"start":{"line":213,"column":4},"end":{"line":269,"column":5}},{"start":{},"end":{}}],"line":213},"13":{"loc":{"start":{"line":224,"column":8},"end":{"line":233,"column":9}},"type":"if","locations":[{"start":{"line":224,"column":8},"end":{"line":233,"column":9}},{"start":{},"end":{}}],"line":224},"14":{"loc":{"start":{"line":236,"column":8},"end":{"line":242,"column":9}},"type":"if","locations":[{"start":{"line":236,"column":8},"end":{"line":242,"column":9}},{"start":{},"end":{}}],"line":236},"15":{"loc":{"start":{"line":250,"column":8},"end":{"line":255,"column":9}},"type":"if","locations":[{"start":{"line":250,"column":8},"end":{"line":255,"column":9}},{"start":{},"end":{}}],"line":250},"16":{"loc":{"start":{"line":259,"column":16},"end":{"line":264,"column":52}},"type":"cond-expr","locations":[{"start":{"line":260,"column":22},"end":{"line":263,"column":21}},{"start":{"line":264,"column":22},"end":{"line":264,"column":52}}],"line":259},"17":{"loc":{"start":{"line":291,"column":4},"end":{"line":296,"column":5}},"type":"if","locations":[{"start":{"line":291,"column":4},"end":{"line":296,"column":5}},{"start":{},"end":{}}],"line":291},"18":{"loc":{"start":{"line":299,"column":4},"end":{"line":307,"column":5}},"type":"if","locations":[{"start":{"line":299,"column":4},"end":{"line":307,"column":5}},{"start":{},"end":{}}],"line":299},"19":{"loc":{"start":{"line":312,"column":4},"end":{"line":318,"column":5}},"type":"if","locations":[{"start":{"line":312,"column":4},"end":{"line":318,"column":5}},{"start":{},"end":{}}],"line":312}},"s":{"0":5,"1":0,"2":0,"3":0,"4":0,"5":0,"6":0,"7":0,"8":0,"9":0,"10":0,"11":0,"12":0,"13":0,"14":0,"15":0,"16":0,"17":0,"18":0,"19":0,"20":0,"21":0,"22":0,"23":0,"24":5,"25":0,"26":0,"27":0,"28":0,"29":0,"30":0,"31":0,"32":0,"33":0,"34":0,"35":0,"36":0,"37":0,"38":0,"39":0,"40":0,"41":0,"42":0,"43":0,"44":0,"45":0,"46":0,"47":0,"48":0,"49":0,"50":0,"51":0,"52":0,"53":0,"54":5,"55":0,"56":0,"57":0,"58":0,"59":0,"60":0,"61":0,"62":0,"63":0,"64":0},"f":{"0":0,"1":0,"2":0,"3":0,"4":0,"5":0},"b":{"0":[0,0],"1":[0,0],"2":[0,0],"3":[0,0],"4":[0,0],"5":[0,0],"6":[0,0],"7":[0,0],"8":[0,0],"9":[0,0],"10":[0,0],"11":[0,0],"12":[0,0],"13":[0,0],"14":[0,0],"15":[0,0],"16":[0,0],"17":[0,0],"18":[0,0],"19":[0,0]},"inputSourceMap":null,"_coverageSchema":"1a1c01bbd47fc00a2c39e90264f33305004495a9","hash":"5b8dbc6f0561d6b3032795e5cbfe7b6bdde59c18"}
,"E:\\Job Portal\\server\\src\\controllers\\company.controller.js": {"path":"E:\\Job Portal\\server\\src\\controllers\\company.controller.js","statementMap":{"0":{"start":{"line":19,"column":31},"end":{"line":168,"column":2}},"1":{"start":{"line":21,"column":29},"end":{"line":21,"column":72}},"2":{"start":{"line":23,"column":4},"end":{"line":29,"column":5}},"3":{"start":{"line":24,"column":32},"end":{"line":27,"column":11}},"4":{"start":{"line":24,"column":76},"end":{"line":27,"column":9}},"5":{"start":{"line":28,"column":8},"end":{"line":28,"column":69}},"6":{"start":{"line":38,"column":8},"end":{"line":38,"column":29}},"7":{"start":{"line":41,"column":24},"end":{"line":41,"column":53}},"8":{"start":{"line":43,"column":4},"end":{"line":45,"column":5}},"9":{"start":{"line":44,"column":8},"end":{"line":44,"column":71}},"10":{"start":{"line":48,"column":27},"end":{"line":54,"column":6}},"11":{"start":{"line":56,"column":4},"end":{"line":58,"column":5}},"12":{"start":{"line":57,"column":8},"end":{"line":57,"column":86}},"13":{"start":{"line":61,"column":20},"end":{"line":61,"column":49}},"14":{"start":{"line":62,"column":4},"end":{"line":62,"column":31}},"15":{"start":{"line":64,"column":16},"end":{"line":64,"column":70}},"16":{"start":{"line":70,"column":4},"end":{"line":126,"column":5}},"17":{"start":{"line":72,"column":23},"end":{"line":82,"column":9}},"18":{"start":{"line":84,"column":8},"end":{"line":86,"column":9}},"19":{"start":{"line":85,"column":12},"end":{"line":85,"column":103}},"20":{"start":{"line":89,"column":26},"end":{"line":103,"column":9}},"21":{"start":{"line":105,"column":8},"end":{"line":107,"column":9}},"22":{"start":{"line":106,"column":12},"end":{"line":106,"column":95}},"23":{"start":{"line":110,"column":23},"end":{"line":110,"column":78}},"24":{"start":{"line":111,"column":8},"end":{"line":111,"column":41}},"25":{"start":{"line":112,"column":8},"end":{"line":112,"column":43}},"26":{"start":{"line":115,"column":8},"end":{"line":115,"column":42}},"27":{"start":{"line":117,"column":8},"end":{"line":117,"column":33}},"28":{"start":{"line":118,"column":8},"end":{"line":118,"column":32}},"29":{"start":{"line":121,"column":8},"end":{"line":121,"column":41}},"30":{"start":{"line":122,"column":8},"end":{"line":122,"column":20}},"31":{"start":{"line":125,"column":8},"end":{"line":125,"column":29}},"32":{"start":{"line":129,"column":4},"end":{"line":137,"column":5}},"33":{"start":{"line":130,"column":8},"end":{"line":134,"column":11}},"34":{"start":{"line":136,"column":8},"end":{"line":136,"column":84}},"35":{"start":{"line":140,"column":24},"end":{"line":140,"column":100}},"36":{"start":{"line":143,"column":25},"end":{"line":143,"column":62}},"37":{"start":{"line":144,"column":26},"end":{"line":150,"column":5}},"38":{"start":{"line":152,"column":4},"end":{"line":167,"column":10}},"39":{"start":{"line":170,"column":28},"end":{"line":245,"column":2}},"40":{"start":{"line":171,"column":32},"end":{"line":171,"column":40}},"41":{"start":{"line":174,"column":17},"end":{"line":174,"column":66}},"42":{"start":{"line":176,"column":4},"end":{"line":178,"column":5}},"43":{"start":{"line":177,"column":8},"end":{"line":177,"column":61}},"44":{"start":{"line":181,"column":30},"end":{"line":181,"column":68}},"45":{"start":{"line":183,"column":4},"end":{"line":185,"column":5}},"46":{"start":{"line":184,"column":8},"end":{"line":184,"column":61}},"47":{"start":{"line":188,"column":20},"end":{"line":188,"column":64}},"48":{"start":{"line":190,"column":4},"end":{"line":192,"column":5}},"49":{"start":{"line":191,"column":8},"end":{"line":191,"column":53}},"50":{"start":{"line":195,"column":4},"end":{"line":197,"column":5}},"51":{"start":{"line":196,"column":8},"end":{"line":196,"column":87}},"52":{"start":{"line":200,"column":25},"end":{"line":200,"column":97}},"53":{"start":{"line":201,"column":29},"end":{"line":203,"column":14}},"54":{"start":{"line":206,"column":42},"end":{"line":206,"column":88}},"55":{"start":{"line":209,"column":25},"end":{"line":209,"column":88}},"56":{"start":{"line":212,"column":25},"end":{"line":212,"column":62}},"57":{"start":{"line":213,"column":26},"end":{"line":219,"column":5}},"58":{"start":{"line":221,"column":4},"end":{"line":244,"column":10}},"59":{"start":{"line":247,"column":37},"end":{"line":280,"column":2}},"60":{"start":{"line":248,"column":22},"end":{"line":248,"column":30}},"61":{"start":{"line":250,"column":4},"end":{"line":252,"column":5}},"62":{"start":{"line":251,"column":8},"end":{"line":251,"column":53}},"63":{"start":{"line":254,"column":17},"end":{"line":254,"column":46}},"64":{"start":{"line":255,"column":4},"end":{"line":257,"column":5}},"65":{"start":{"line":256,"column":8},"end":{"line":256,"column":50}},"66":{"start":{"line":259,"column":20},"end":{"line":259,"column":64}},"67":{"start":{"line":260,"column":4},"end":{"line":262,"column":5}},"68":{"start":{"line":261,"column":8},"end":{"line":261,"column":61}},"69":{"start":{"line":264,"column":4},"end":{"line":266,"column":5}},"70":{"start":{"line":265,"column":8},"end":{"line":265,"column":61}},"71":{"start":{"line":268,"column":16},"end":{"line":268,"column":70}},"72":{"start":{"line":269,"column":4},"end":{"line":269,"column":34}},"73":{"start":{"line":270,"column":4},"end":{"line":270,"column":74}},"74":{"start":{"line":271,"column":4},"end":{"line":271,"column":25}},"75":{"start":{"line":273,"column":4},"end":{"line":277,"column":7}},"76":{"start":{"line":279,"column":4},"end":{"line":279,"column":98}},"77":{"start":{"line":282,"column":27},"end":{"line":313,"column":2}},"78":{"start":{"line":283,"column":27},"end":{"line":283,"column":35}},"79":{"start":{"line":285,"column":4},"end":{"line":287,"column":5}},"80":{"start":{"line":286,"column":8},"end":{"line":286,"column":62}},"81":{"start":{"line":289,"column":17},"end":{"line":289,"column":46}},"82":{"start":{"line":290,"column":4},"end":{"line":292,"column":5}},"83":{"start":{"line":291,"column":8},"end":{"line":291,"column":50}},"84":{"start":{"line":294,"column":20},"end":{"line":294,"column":64}},"85":{"start":{"line":295,"column":4},"end":{"line":297,"column":5}},"86":{"start":{"line":296,"column":8},"end":{"line":296,"column":61}},"87":{"start":{"line":299,"column":4},"end":{"line":301,"column":5}},"88":{"start":{"line":300,"column":8},"end":{"line":300,"column":91}},"89":{"start":{"line":303,"column":4},"end":{"line":305,"column":5}},"90":{"start":{"line":304,"column":8},"end":{"line":304,"column":58}},"91":{"start":{"line":307,"column":4},"end":{"line":307,"column":35}},"92":{"start":{"line":308,"column":4},"end":{"line":308,"column":33}},"93":{"start":{"line":309,"column":4},"end":{"line":309,"column":42}},"94":{"start":{"line":310,"column":4},"end":{"line":310,"column":25}},"95":{"start":{"line":312,"column":4},"end":{"line":312,"column":110}},"96":{"start":{"line":316,"column":17},"end":{"line":319,"column":2}},"97":{"start":{"line":321,"column":14},"end":{"line":326,"column":1}},"98":{"start":{"line":328,"column":35},"end":{"line":392,"column":2}},"99":{"start":{"line":329,"column":21},"end":{"line":329,"column":29}},"100":{"start":{"line":331,"column":23},"end":{"line":331,"column":34}},"101":{"start":{"line":332,"column":4},"end":{"line":334,"column":5}},"102":{"start":{"line":333,"column":8},"end":{"line":333,"column":57}},"103":{"start":{"line":336,"column":20},"end":{"line":336,"column":68}},"104":{"start":{"line":337,"column":4},"end":{"line":339,"column":5}},"105":{"start":{"line":338,"column":8},"end":{"line":338,"column":61}},"106":{"start":{"line":341,"column":4},"end":{"line":343,"column":5}},"107":{"start":{"line":342,"column":8},"end":{"line":342,"column":75}},"108":{"start":{"line":346,"column":39},"end":{"line":350,"column":6}},"109":{"start":{"line":352,"column":4},"end":{"line":354,"column":5}},"110":{"start":{"line":353,"column":8},"end":{"line":353,"column":76}},"111":{"start":{"line":357,"column":26},"end":{"line":357,"column":49}},"112":{"start":{"line":359,"column":20},"end":{"line":363,"column":5}},"113":{"start":{"line":365,"column":18},"end":{"line":365,"column":55}},"114":{"start":{"line":368,"column":20},"end":{"line":378,"column":6}},"115":{"start":{"line":380,"column":4},"end":{"line":391,"column":6}},"116":{"start":{"line":394,"column":37},"end":{"line":514,"column":2}},"117":{"start":{"line":395,"column":81},"end":{"line":395,"column":89}},"118":{"start":{"line":397,"column":23},"end":{"line":397,"column":34}},"119":{"start":{"line":398,"column":4},"end":{"line":400,"column":5}},"120":{"start":{"line":399,"column":8},"end":{"line":399,"column":57}},"121":{"start":{"line":403,"column":21},"end":{"line":403,"column":66}},"122":{"start":{"line":404,"column":30},"end":{"line":407,"column":22}},"123":{"start":{"line":409,"column":29},"end":{"line":409,"column":69}},"124":{"start":{"line":411,"column":4},"end":{"line":416,"column":5}},"125":{"start":{"line":412,"column":8},"end":{"line":415,"column":11}},"126":{"start":{"line":418,"column":20},"end":{"line":418,"column":68}},"127":{"start":{"line":419,"column":4},"end":{"line":421,"column":5}},"128":{"start":{"line":420,"column":8},"end":{"line":420,"column":61}},"129":{"start":{"line":424,"column":20},"end":{"line":428,"column":6}},"130":{"start":{"line":430,"column":4},"end":{"line":432,"column":5}},"131":{"start":{"line":431,"column":8},"end":{"line":431,"column":68}},"132":{"start":{"line":435,"column":20},"end":{"line":435,"column":49}},"133":{"start":{"line":436,"column":4},"end":{"line":436,"column":31}},"134":{"start":{"line":439,"column":4},"end":{"line":490,"column":5}},"135":{"start":{"line":441,"column":8},"end":{"line":441,"column":56}},"136":{"start":{"line":442,"column":8},"end":{"line":442,"column":55}},"137":{"start":{"line":443,"column":8},"end":{"line":443,"column":42}},"138":{"start":{"line":444,"column":8},"end":{"line":444,"column":32}},"139":{"start":{"line":445,"column":8},"end":{"line":445,"column":36}},"140":{"start":{"line":446,"column":8},"end":{"line":446,"column":40}},"141":{"start":{"line":448,"column":26},"end":{"line":448,"column":36}},"142":{"start":{"line":449,"column":8},"end":{"line":449,"column":94}},"143":{"start":{"line":452,"column":8},"end":{"line":456,"column":10}},"144":{"start":{"line":459,"column":38},"end":{"line":481,"column":23}},"145":{"start":{"line":483,"column":8},"end":{"line":483,"column":43}},"146":{"start":{"line":484,"column":8},"end":{"line":484,"column":42}},"147":{"start":{"line":486,"column":8},"end":{"line":486,"column":41}},"148":{"start":{"line":487,"column":8},"end":{"line":487,"column":20}},"149":{"start":{"line":489,"column":8},"end":{"line":489,"column":29}},"150":{"start":{"line":493,"column":4},"end":{"line":505,"column":5}},"151":{"start":{"line":494,"column":8},"end":{"line":502,"column":11}},"152":{"start":{"line":504,"column":8},"end":{"line":504,"column":85}},"153":{"start":{"line":507,"column":4},"end":{"line":513,"column":6}},"154":{"start":{"line":516,"column":38},"end":{"line":568,"column":2}},"155":{"start":{"line":517,"column":20},"end":{"line":517,"column":68}},"156":{"start":{"line":518,"column":4},"end":{"line":520,"column":5}},"157":{"start":{"line":519,"column":8},"end":{"line":519,"column":61}},"158":{"start":{"line":522,"column":25},"end":{"line":525,"column":6}},"159":{"start":{"line":527,"column":4},"end":{"line":535,"column":5}},"160":{"start":{"line":528,"column":8},"end":{"line":534,"column":10}},"161":{"start":{"line":538,"column":4},"end":{"line":548,"column":5}},"162":{"start":{"line":539,"column":8},"end":{"line":539,"column":40}},"163":{"start":{"line":540,"column":8},"end":{"line":540,"column":34}},"164":{"start":{"line":541,"column":8},"end":{"line":547,"column":10}},"165":{"start":{"line":550,"column":26},"end":{"line":553,"column":5}},"166":{"start":{"line":555,"column":4},"end":{"line":567,"column":6}},"167":{"start":{"line":571,"column":24},"end":{"line":682,"column":2}},"168":{"start":{"line":572,"column":66},"end":{"line":572,"column":74}},"169":{"start":{"line":575,"column":20},"end":{"line":575,"column":31}},"170":{"start":{"line":578,"column":33},"end":{"line":578,"column":70}},"171":{"start":{"line":579,"column":4},"end":{"line":581,"column":5}},"172":{"start":{"line":580,"column":8},"end":{"line":580,"column":83}},"173":{"start":{"line":584,"column":28},"end":{"line":584,"column":72}},"174":{"start":{"line":585,"column":33},"end":{"line":585,"column":85}},"175":{"start":{"line":587,"column":16},"end":{"line":587,"column":71}},"176":{"start":{"line":588,"column":18},"end":{"line":588,"column":19}},"177":{"start":{"line":589,"column":4},"end":{"line":592,"column":5}},"178":{"start":{"line":590,"column":8},"end":{"line":590,"column":82}},"179":{"start":{"line":591,"column":8},"end":{"line":591,"column":18}},"180":{"start":{"line":595,"column":25},"end":{"line":595,"column":4
[...]
,"E:\\Job Portal\\server\\src\\utils\\asyncHandler.js": {"path":"E:\\Job Portal\\server\\src\\utils\\asyncHandler.js","statementMap":{"0":{"start":{"line":1,"column":21},"end":{"line":12,"column":1}},"1":{"start":{"line":2,"column":4},"end":{"line":11,"column":6}},"2":{"start":{"line":4,"column":8},"end":{"line":10,"column":9}},"3":{"start":{"line":6,"column":12},"end":{"line":6,"column":49}},"4":{"start":{"line":9,"column":12},"end":{"line":9,"column":24}}},"fnMap":{"0":{"name":"(anonymous_0)","decl":{"start":{"line":1,"column":21},"end":{"line":1,"column":22}},"loc":{"start":{"line":1,"column":41},"end":{"line":12,"column":1}},"line":1},"1":{"name":"(anonymous_1)","decl":{"start":{"line":2,"column":11},"end":{"line":2,"column":12}},"loc":{"start":{"line":2,"column":37},"end":{"line":11,"column":5}},"line":2}},"branchMap":{},"s":{"0":8,"1":489,"2":32,"3":32,"4":16},"f":{"0":489,"1":32},"b":{},"inputSourceMap":null,"_coverageSchema":"1a1c01bbd47fc00a2c39e90264f33305004495a9","hash":"e7bc5a34ac26839f3916fe8bf60be2d44c005a36"}
,"E:\\Job Portal\\server\\src\\utils\\calculateHours.js": {"path":"E:\\Job Portal\\server\\src\\utils\\calculateHours.js","statementMap":{"0":{"start":{"line":7,"column":30},"end":{"line":14,"column":1}},"1":{"start":{"line":8,"column":2},"end":{"line":8,"column":46}},"2":{"start":{"line":8,"column":37},"end":{"line":8,"column":46}},"3":{"start":{"line":10,"column":19},"end":{"line":10,"column":65}},"4":{"start":{"line":11,"column":22},"end":{"line":11,"column":49}},"5":{"start":{"line":13,"column":2},"end":{"line":13,"column":45}}},"fnMap":{"0":{"name":"(anonymous_0)","decl":{"start":{"line":7,"column":30},"end":{"line":7,"column":31}},"loc":{"start":{"line":7,"column":61},"end":{"line":14,"column":1}},"line":7}},"branchMap":{"0":{"loc":{"start":{"line":8,"column":2},"end":{"line":8,"column":46}},"type":"if","locations":[{"start":{"line":8,"column":2},"end":{"line":8,"column":46}},{"start":{},"end":{}}],"line":8},"1":{"loc":{"start":{"line":8,"column":6},"end":{"line":8,"column":35}},"type":"binary-expr","locations":[{"start":{"line":8,"column":6},"end":{"line":8,"column":18}},{"start":{"line":8,"column":22},"end":{"line":8,"column":35}}],"line":8}},"s":{"0":6,"1":2,"2":0,"3":2,"4":2,"5":2},"f":{"0":2},"b":{"0":[0,2],"1":[2,2]},"inputSourceMap":null,"_coverageSchema":"1a1c01bbd47fc00a2c39e90264f33305004495a9","hash":"e9333925445df4cda33c22c8abe00e348dcc5725"}
,"E:\\Job Portal\\server\\src\\utils\\cloudinary.js": {"path":"E:\\Job Portal\\server\\src\\utils\\cloudinary.js","statementMap":{"0":{"start":{"line":4,"column":0},"end":{"line":8,"column":3}},"1":{"start":{"line":17,"column":34},"end":{"line":35,"column":1}},"2":{"start":{"line":18,"column":4},"end":{"line":34,"column":7}},"3":{"start":{"line":19,"column":29},"end":{"line":31,"column":9}},"4":{"start":{"line":25,"column":16},"end":{"line":29,"column":17}},"5":{"start":{"line":26,"column":20},"end":{"line":26,"column":36}},"6":{"start":{"line":28,"column":20},"end":{"line":28,"column":34}},"7":{"start":{"line":33,"column":8},"end":{"line":33,"column":68}},"8":{"start":{"line":43,"column":36},"end":{"line":54,"column":1}},"9":{"start":{"line":44,"column":4},"end":{"line":53,"column":5}},"10":{"start":{"line":45,"column":8},"end":{"line":45,"column":35}},"11":{"start":{"line":45,"column":23},"end":{"line":45,"column":35}},"12":{"start":{"line":46,"column":25},"end":{"line":48,"column":10}},"13":{"start":{"line":49,"column":8},"end":{"line":49,"column":24}},"14":{"start":{"line":51,"column":8},"end":{"line":51,"column":64}},"15":{"start":{"line":52,"column":8},"end":{"line":52,"column":20}}},"fnMap":{"0":{"name":"(anonymous_0)","decl":{"start":{"line":17,"column":34},"end":{"line":17,"column":35}},"loc":{"start":{"line":17,"column":81},"end":{"line":35,"column":1}},"line":17},"1":{"name":"(anonymous_1)","decl":{"start":{"line":18,"column":23},"end":{"line":18,"column":24}},"loc":{"start":{"line":18,"column":44},"end":{"line":34,"column":5}},"line":18},"2":{"name":"(anonymous_2)","decl":{"start":{"line":24,"column":12},"end":{"line":24,"column":13}},"loc":{"start":{"line":24,"column":31},"end":{"line":30,"column":13}},"line":24},"3":{"name":"(anonymous_3)","decl":{"start":{"line":43,"column":36},"end":{"line":43,"column":37}},"loc":{"start":{"line":43,"column":80},"end":{"line":54,"column":1}},"line":43}},"branchMap":{"0":{"loc":{"start":{"line":17,"column":55},"end":{"line":17,"column":76}},"type":"default-arg","locations":[{"start":{"line":17,"column":70},"end":{"line":17,"column":76}}],"line":17},"1":{"loc":{"start":{"line":25,"column":16},"end":{"line":29,"column":17}},"type":"if","locations":[{"start":{"line":25,"column":16},"end":{"line":29,"column":17}},{"start":{"line":27,"column":23},"end":{"line":29,"column":17}}],"line":25},"2":{"loc":{"start":{"line":43,"column":53},"end":{"line":43,"column":75}},"type":"default-arg","locations":[{"start":{"line":43,"column":68},"end":{"line":43,"column":75}}],"line":43},"3":{"loc":{"start":{"line":45,"column":8},"end":{"line":45,"column":35}},"type":"if","locations":[{"start":{"line":45,"column":8},"end":{"line":45,"column":35}},{"start":{},"end":{}}],"line":45}},"s":{"0":6,"1":6,"2":2,"3":2,"4":2,"5":1,"6":1,"7":2,"8":6,"9":3,"10":3,"11":1,"12":2,"13":1,"14":1,"15":1},"f":{"0":2,"1":2,"2":2,"3":3},"b":{"0":[2],"1":[1,1],"2":[3],"3":[1,2]},"inputSourceMap":null,"_coverageSchema":"1a1c01bbd47fc00a2c39e90264f33305004495a9","hash":"326336de1fb595444417fe7000bab573c162ec1d"}
,"E:\\Job Portal\\server\\src\\utils\\sendEmail.js": {"path":"E:\\Job Portal\\server\\src\\utils\\sendEmail.js","statementMap":{"0":{"start":{"line":9,"column":25},"end":{"line":16,"column":1}},"1":{"start":{"line":10,"column":4},"end":{"line":10,"column":66}},"2":{"start":{"line":11,"column":4},"end":{"line":11,"column":29}},"3":{"start":{"line":12,"column":4},"end":{"line":12,"column":39}},"4":{"start":{"line":13,"column":4},"end":{"line":13,"column":34}},"5":{"start":{"line":14,"column":4},"end":{"line":14,"column":66}},"6":{"start":{"line":15,"column":4},"end":{"line":15,"column":16}}},"fnMap":{"0":{"name":"(anonymous_0)","decl":{"start":{"line":9,"column":25},"end":{"line":9,"column":26}},"loc":{"start":{"line":9,"column":58},"end":{"line":16,"column":1}},"line":9}},"branchMap":{},"s":{"0":1,"1":1,"2":1,"3":1,"4":1,"5":1,"6":1},"f":{"0":1},"b":{},"inputSourceMap":null,"_coverageSchema":"1a1c01bbd47fc00a2c39e90264f33305004495a9","hash":"71579eaf6eab018df8ec207890fa94308c2c0f5e"}
,"E:\\Job Portal\\server\\src\\utils\\startOfDay.js": {"path":"E:\\Job Portal\\server\\src\\utils\\startOfDay.js","statementMap":{"0":{"start":{"line":6,"column":29},"end":{"line":10,"column":1}},"1":{"start":{"line":7,"column":12},"end":{"line":7,"column":26}},"2":{"start":{"line":8,"column":2},"end":{"line":8,"column":28}},"3":{"start":{"line":9,"column":2},"end":{"line":9,"column":11}}},"fnMap":{"0":{"name":"(anonymous_0)","decl":{"start":{"line":6,"column":29},"end":{"line":6,"column":30}},"loc":{"start":{"line":6,"column":52},"end":{"line":10,"column":1}},"line":6}},"branchMap":{"0":{"loc":{"start":{"line":6,"column":30},"end":{"line":6,"column":47}},"type":"default-arg","locations":[{"start":{"line":6,"column":37},"end":{"line":6,"column":47}}],"line":6}},"s":{"0":6,"1":1,"2":1,"3":1},"f":{"0":1},"b":{"0":[0]},"inputSourceMap":null,"_coverageSchema":"1a1c01bbd47fc00a2c39e90264f33305004495a9","hash":"32bd36646e6750aa4e2b1eb4040ea199021f7ebb"}
,"E:\\Job Portal\\server\\src\\validations\\admin.validation.js": {"path":"E:\\Job Portal\\server\\src\\validations\\admin.validation.js","statementMap":{"0":{"start":{"line":3,"column":27},"end":{"line":7,"column":2}}},"fnMap":{},"branchMap":{},"s":{"0":5},"f":{},"b":{},"inputSourceMap":null,"_coverageSchema":"1a1c01bbd47fc00a2c39e90264f33305004495a9","hash":"0977a551af8754ae14aeff67a3efa10f4c033dc5"}
,"E:\\Job Portal\\server\\src\\validations\\application.validation.js": {"path":"E:\\Job Portal\\server\\src\\validations\\application.validation.js","statementMap":{"0":{"start":{"line":3,"column":27},"end":{"line":7,"column":2}},"1":{"start":{"line":9,"column":34},"end":{"line":24,"column":2}},"2":{"start":{"line":26,"column":33},"end":{"line":30,"column":2}}},"fnMap":{},"branchMap":{},"s":{"0":5,"1":5,"2":5},"f":{},"b":{},"inputSourceMap":null,"_coverageSchema":"1a1c01bbd47fc00a2c39e90264f33305004495a9","hash":"57dfb357b897f6e7194ae1a5d1066664851a2674"}
,"E:\\Job Portal\\server\\src\\validations\\auth.validation.js": {"path":"E:\\Job Portal\\server\\src\\validations\\auth.validation.js","statementMap":{"0":{"start":{"line":4,"column":30},"end":{"line":12,"column":2}},"1":{"start":{"line":14,"column":27},"end":{"line":19,"column":2}},"2":{"start":{"line":21,"column":36},"end":{"line":26,"column":2}},"3":{"start":{"line":28,"column":33},"end":{"line":32,"column":2}}},"fnMap":{},"branchMap":{},"s":{"0":6,"1":6,"2":6,"3":6},"f":{},"b":{},"inputSourceMap":null,"_coverageSchema":"1a1c01bbd47fc00a2c39e90264f33305004495a9","hash":"dcef2519416fda0aac232c8969f16ba5e84f6d33"}
,"E:\\Job Portal\\server\\src\\validations\\certification.validate.js": {"path":"E:\\Job Portal\\server\\src\\validations\\certification.validate.js","statementMap":{"0":{"start":{"line":3,"column":42},"end":{"line":83,"column":2}},"1":{"start":{"line":89,"column":4},"end":{"line":107,"column":5}},"2":{"start":{"line":92,"column":12},"end":{"line":98,"column":13}},"3":{"start":{"line":97,"column":16},"end":{"line":97,"column":29}},"4":{"start":{"line":100,"column":12},"end":{"line":100,"column":24}},"5":{"start":{"line":113,"column":4},"end":{"line":113,"column":47}}},"fnMap":{"0":{"name":"(anonymous_0)","decl":{"start":{"line":90,"column":8},"end":{"line":90,"column":9}},"loc":{"start":{"line":90,"column":18},"end":{"line":101,"column":9}},"line":90}},"branchMap":{"0":{"loc":{"start":{"line":92,"column":12},"end":{"line":98,"column":13}},"type":"if","locations":[{"start":{"line":92,"column":12},"end":{"line":98,"column":13}},{"start":{},"end":{}}],"line":92},"1":{"loc":{"start":{"line":93,"column":16},"end":{"line":95,"column":39}},"type":"binary-expr","locations":[{"start":{"line":93,"column":16},"end":{"line":93,"column":35}},{"start":{"line":94,"column":16},"end":{"line":95,"column":39}}],"line":93}},"s":{"0":5,"1":5,"2":0,"3":0,"4":0,"5":5},"f":{"0":0},"b":{"0":[0,0],"1":[0,0]},"inputSourceMap":null,"_coverageSchema":"1a1c01bbd47fc00a2c39e90264f33305004495a9","hash":"e9d5f4a9868887c6268095831b1a6d5f9469c601"}
,"E:\\Job Portal\\server\\src\\validations\\company.validation.js": {"path":"E:\\Job Portal\\server\\src\\validations\\company.validation.js","statementMap":{"0":{"start":{"line":4,"column":39},"end":{"line":38,"column":2}},"1":{"start":{"line":40,"column":34},"end":{"line":52,"column":2}},"2":{"start":{"line":54,"column":30},"end":{"line":77,"column":2}},"3":{"start":{"line":72,"column":29},"end":{"line":72,"column":60}},"4":{"start":{"line":79,"column":30},"end":{"line":98,"column":2}},"5":{"start":{"line":93,"column":29},"end":{"line":93,"column":60}},"6":{"start":{"line":100,"column":37},"end":{"line":102,"column":2}},"7":{"start":{"line":105,"column":33},"end":{"line":111,"column":2}},"8":{"start":{"line":108,"column":29},"end":{"line":108,"column":65}},"9":{"start":{"line":113,"column":35},"end":{"line":122,"column":2}},"10":{"start":{"line":119,"column":29},"end":{"line":119,"column":65}},"11":{"start":{"line":124,"column":42},"end":{"line":158,"column":2}}},"fnMap":{"0":{"name":"(anonymous_0)","decl":{"start":{"line":72,"column":22},"end":{"line":72,"column":23}},"loc":{"start":{"line":72,"column":29},"end":{"line":72,"column":60}},"line":72},"1":{"name":"(anonymous_1)","decl":{"start":{"line":93,"column":22},"end":{"line":93,"column":23}},"loc":{"start":{"line":93,"column":29},"end":{"line":93,"column":60}},"line":93},"2":{"name":"(anonymous_2)","decl":{"start":{"line":108,"column":22},"end":{"line":108,"column":23}},"loc":{"start":{"line":108,"column":29},"end":{"line":108,"column":65}},"line":108},"3":{"name":"(anonymous_3)","decl":{"start":{"line":119,"column":22},"end":{"line":119,"column":23}},"loc":{"start":{"line":119,"column":29},"end":{"line":119,"column":65}},"line":119}},"branchMap":{},"s":{"0":6,"1":6,"2":6,"3":0,"4":6,"5":0,"6":6,"7":6,"8":0,"9":6,"10":0,"11":6},"f":{"0":0,"1":0,"2":0,"3":0},"b":{},"inputSourceMap":null,"_coverageSchema":"1a1c01bbd47fc00a2c39e90264f33305004495a9","hash":"ccfc3be1a9f8c92e14e55db4dd2d77c75f7d0833"}
,"E:\\Job Portal\\server\\src\\validations\\education.validation.js": {"path":"E:\\Job Portal\\server\\src\\validations\\education.validation.js","statementMap":{"0":{"start":{"line":5,"column":28},"end":{"line":14,"column":2}},"1":{"start":{"line":17,"column":34},"end":{"line":27,"column":2}},"2":{"start":{"line":19,"column":8},"end":{"line":21,"column":9}},"3":{"start":{"line":20,"column":12},"end":{"line":20,"column":25}},"4":{"start":{"line":22,"column":8},"end":{"line":22,"column":20}},"5":{"start":{"line":30,"column":37},"end":{"line":32,"column":2}}},"fnMap":{"0":{"name":"(anonymous_0)","decl":{"start":{"line":18,"column":37},"end":{"line":18,"column":38}},"loc":{"start":{"line":18,"column":45},"end":{"line":23,"column":5}},"line":18}},"branchMap":{"0":{"loc":{"start":{"line":19,"column":8},"end":{"line":21,"column":9}},"type":"if","locations":[{"start":{"line":19,"column":8},"end":{"line":21,"column":9}},{"start":{},"end":{}}],"line":19},"1":{"loc":{"start":{"line":19,"column":12},"end":{"line":19,"column":52}},"type":"binary-expr","locations":[{"start":{"line":19,"column":12},"end":{"line":19,"column":35}},{"start":{"line":19,"column":39},"end":{"line":19,"column":52}}],"line":19}},"s":{"0":5,"1":5,"2":0,"3":0,"4":0,"5":5},"f":{"0":0},"b":{"0":[0,0],"1":[0,0]},"inputSourceMap":null,"_coverageSchema":"1a1c01bbd47fc00a2c39e90264f33305004495a9","hash":"0fd280d3622e4acd6c179544d1a8abf849a6e89f"}
,"E:\\Job Portal\\server\\src\\validations\\employee.validation.js": {"path":"E:\\Job Portal\\server\\src\\validations\\employee.validation.js","statementMap":{"0":{"start":{"line":3,"column":38},"end":{"line":9,"column":2}},"1":{"start":{"line":11,"column":40},"end":{"line":17,"column":2}},"2":{"start":{"line":19,"column":36},"end":{"line":29,"column":2}}},"fnMap":{},"branchMap":{},"s":{"0":5,"1":5,"2":5},"f":{},"b":{},"inputSourceMap":null,"_coverageSchema":"1a1c01bbd47fc00a2c39e90264f33305004495a9","hash":"97b0ae429d2cf57f5e2d5d078602d9336d75d85b"}
,"E:\\Job Portal\\server\\src\\validations\\experience.validation.js": {"path":"E:\\Job Portal\\server\\src\\validations\\experience.validation.js","statementMap":{"0":{"start":{"line":4,"column":39},"end":{"line":75,"column":2}},"1":{"start":{"line":38,"column":29},"end":{"line":41,"column":13}},"2":{"start":{"line":81,"column":4},"end":{"line":99,"column":5}},"3":{"start":{"line":84,"column":12},"end":{"line":90,"column":13}},"4":{"start":{"line":89,"column":16},"end":{"line":89,"column":29}},"5":{"start":{"line":92,"column":12},"end":{"line":92,"column":24}},"6":{"start":{"line":105,"column":4},"end":{"line":105,"column":44}}},"fnMap":{"0":{"name":"(anonymous_0)","decl":{"start":{"line":38,"column":22},"end":{"line":38,"column":23}},"loc":{"start":{"line":38,"column":29},"end":{"line":41,"column":13}},"line":38},"1":{"name":"(anonymous_1)","decl":{"start":{"line":82,"column":8},"end":{"line":82,"column":9}},"loc":{"start":{"line":82,"column":18},"end":{"line":93,"column":9}},"line":82}},"branchMap":{"0":{"loc":{"start":{"line":84,"column":12},"end":{"line":90,"column":13}},"type":"if","locations":[{"start":{"line":84,"column":12},"end":{"line":90,"column":13}},{"start":{},"end":{}}],"line":84},"1":{"loc":{"start":{"line":85,"column":16},"end":{"line":87,"column":32}},"type":"binary-expr","locations":[{"start":{"line":85,"column":16},"end":{"line":85,"column":28}},{"start":{"line":86,"column":16},"end":{"line":87,"column":32}}],"line":85}},"s":{"0":5,"1":0,"2":5,"3":0,"4":0,"5":0,"6":5},"f":{"0":0,"1":0},"b":{"0":[0,0],"1":[0,0]},"inputSourceMap":null,"_coverageSchema":"1a1c01bbd47fc00a2c39e90264f33305004495a9","hash":"ed4e7490b94b424c48d6d217e47afd2389721489"}
,"E:\\Job Portal\\server\\src\\validations\\job.validation.js": {"path":"E:\\Job Portal\\server\\src\\validations\\job.validation.js","statementMap":{"0":{"start":{"line":3,"column":27},"end":{"line":3,"column":97}},"1":{"start":{"line":4,"column":28},"end":{"line":4,"column":74}},"2":{"start":{"line":6,"column":31},"end":{"line":40,"column":2}},"3":{"start":{"line":42,"column":31},"end":{"line":82,"column":2}}},"fnMap":{},"branchMap":{},"s":{"0":6,"1":6,"2":6,"3":6},"f":{},"b":{},"inputSourceMap":null,"_coverageSchema":"1a1c01bbd47fc00a2c39e90264f33305004495a9","hash":"55e015c87e573395142e0127c8cbbbd048d78a6e"}
,"E:\\Job Portal\\server\\src\\validations\\offer.validation.js": {"path":"E:\\Job Portal\\server\\src\\validations\\offer.validation.js","statementMap":{"0":{"start":{"line":3,"column":33},"end":{"line":11,"column":2}}},"fnMap":{},"branchMap":{},"s":{"0":5},"f":{},"b":{},"inputSourceMap":null,"_coverageSchema":"1a1c01bbd47fc00a2c39e90264f33305004495a9","hash":"94335c6e8b24ee1dbd88eb8b2e810a821d276cc8"}
,"E:\\Job Portal\\server\\src\\validations\\profile.validation.js": {"path":"E:\\Job Portal\\server\\src\\validations\\profile.validation.js","statementMap":{"0":{"start":{"line":4,"column":35},"end":{"line":32,"column":2}},"1":{"start":{"line":26,"column":22},"end":{"line":26,"column":97}}},"fnMap":{"0":{"name":"(anonymous_0)","decl":{"start":{"line":26,"column":12},"end":{"line":26,"column":13}},"loc":{"start":{"line":26,"column":22},"end":{"line":26,"column":97}},"line":26}},"branchMap":{"0":{"loc":{"start":{"line":26,"column":22},"end":{"line":26,"column":97}},"type":"binary-expr","locations":[{"start":{"line":26,"column":22},"end":{"line":26,"column":35}},{"start":{"line":26,"column":39},"end":{"line":26,"column":50}},{"start":{"line":26,"column":54},"end":{"line":26,"column":68}},{"start":{"line":26,"column":72},"end":{"line":26,"column":84}},{"start":{"line":26,"column":88},"end":{"line":26,"column":97}}],"line":26}},"s":{"0":5,"1":0},"f":{"0":0},"b":{"0":[0,0,0,0,0]},"inputSourceMap":null,"_coverageSchema":"1a1c01bbd47fc00a2c39e90264f33305004495a9","hash":"ead4811fca3d69ca8edc59e53a4ac03db529156d"}
}
