TN:
SF:src\constants\index.js
FNF:0
FNH:0
DA:1,9
DA:3,9
DA:11,9
DA:13,9
DA:24,9
LF:5
LH:5
BRF:0
BRH:0
end_of_record
TN:
SF:src\controllers\admin.controller.js
FN:7,(anonymous_0)
FN:15,(anonymous_1)
FN:28,(anonymous_2)
FN:36,(anonymous_3)
FN:49,(anonymous_4)
FN:57,(anonymous_5)
FN:70,(anonymous_6)
FN:96,(anonymous_7)
FN:115,(anonymous_8)
FN:128,(anonymous_9)
FN:146,(anonymous_10)
FN:154,(anonymous_11)
FNF:12
FNH:0
FNDA:0,(anonymous_0)
FNDA:0,(anonymous_1)
FNDA:0,(anonymous_2)
FNDA:0,(anonymous_3)
FNDA:0,(anonymous_4)
FNDA:0,(anonymous_5)
FNDA:0,(anonymous_6)
FNDA:0,(anonymous_7)
FNDA:0,(anonymous_8)
FNDA:0,(anonymous_9)
FNDA:0,(anonymous_10)
FNDA:0,(anonymous_11)
DA:7,5
DA:8,0
DA:9,0
DA:15,5
DA:16,0
DA:17,0
DA:18,0
DA:22,0
DA:28,5
DA:29,0
DA:30,0
DA:36,5
DA:37,0
DA:38,0
DA:39,0
DA:43,0
DA:49,5
DA:50,0
DA:51,0
DA:57,5
DA:58,0
DA:59,0
DA:60,0
DA:64,0
DA:70,5
DA:71,0
DA:72,0
DA:73,0
DA:78,0
DA:84,0
DA:85,0
DA:90,0
DA:96,5
DA:97,0
DA:103,0
DA:104,0
DA:109,0
DA:115,5
DA:116,0
DA:117,0
DA:118,0
DA:122,0
DA:128,5
DA:129,0
DA:134,0
DA:146,5
DA:147,0
DA:148,0
DA:154,5
DA:155,0
DA:156,0
LF:51
LH:12
BRDA:17,0,0,0
BRDA:17,0,1,0
BRDA:38,1,0,0
BRDA:38,1,1,0
BRDA:59,2,0,0
BRDA:59,2,1,0
BRDA:72,3,0,0
BRDA:72,3,1,0
BRDA:72,4,0,0
BRDA:72,4,1,0
BRDA:84,5,0,0
BRDA:84,5,1,0
BRDA:103,6,0,0
BRDA:103,6,1,0
BRDA:117,7,0,0
BRDA:117,7,1,0
BRF:16
BRH:0
end_of_record
TN:
SF:src\controllers\application.controller.js
FN:24,(anonymous_0)
FN:51,(anonymous_1)
FN:133,(anonymous_2)
FN:157,(anonymous_3)
FN:189,(anonymous_4)
FN:217,(anonymous_5)
FN:300,(anonymous_6)
FNF:7
FNH:0
FNDA:0,(anonymous_0)
FNDA:0,(anonymous_1)
FNDA:0,(anonymous_2)
FNDA:0,(anonymous_3)
FNDA:0,(anonymous_4)
FNDA:0,(anonymous_5)
FNDA:0,(anonymous_6)
DA:24,5
DA:25,0
DA:34,0
DA:51,5
DA:52,0
DA:53,0
DA:54,0
DA:57,0
DA:58,0
DA:59,0
DA:63,0
DA:64,0
DA:65,0
DA:68,0
DA:71,0
DA:72,0
DA:73,0
DA:75,0
DA:76,0
DA:77,0
DA:79,0
DA:82,0
DA:83,0
DA:84,0
DA:88,0
DA:89,0
DA:92,0
DA:101,0
DA:109,0
DA:117,0
DA:118,0
DA:119,0
DA:128,0
DA:130,0
DA:133,5
DA:134,0
DA:145,0
DA:146,0
DA:147,0
DA:148,0
DA:149,0
DA:151,0
DA:154,0
DA:157,5
DA:158,0
DA:159,0
DA:160,0
DA:163,0
DA:173,0
DA:174,0
DA:177,0
DA:178,0
DA:179,0
DA:182,0
DA:189,5
DA:190,0
DA:191,0
DA:192,0
DA:195,0
DA:196,0
DA:197,0
DA:200,0
DA:201,0
DA:202,0
DA:206,0
DA:207,0
DA:210,0
DA:214,0
DA:217,5
DA:218,0
DA:219,0
DA:221,0
DA:222,0
DA:225,0
DA:226,0
DA:227,0
DA:230,0
DA:231,0
DA:232,0
DA:236,0
DA:237,0
DA:240,0
DA:241,0
DA:244,0
DA:245,0
DA:249,0
DA:250,0
DA:252,0
DA:253,0
DA:255,0
DA:256,0
DA:257,0
DA:258,0
DA:259,0
DA:260,0
DA:261,0
DA:262,0
DA:263,0
DA:264,0
DA:265,0
DA:266,0
DA:269,0
DA:277,0
DA:278,0
DA:279,0
DA:287,0
DA:297,0
DA:300,5
DA:301,0
DA:302,0
DA:304,0
DA:305,0
DA:308,0
DA:309,0
DA:310,0
DA:313,0
DA:314,0
DA:315,0
DA:319,0
DA:320,0
DA:323,0
DA:326,0
DA:327,0
DA:328,0
DA:329,0
DA:330,0
DA:331,0
DA:334,0
DA:336,0
LF:129
LH:7
BRDA:24,0,0,0
BRDA:25,1,0,0
BRDA:25,1,1,0
BRDA:25,2,0,0
BRDA:25,2,1,0
BRDA:43,3,0,0
BRDA:43,3,1,0
BRDA:53,4,0,0
BRDA:53,4,1,0
BRDA:58,5,0,0
BRDA:58,5,1,0
BRDA:64,6,0,0
BRDA:64,6,1,0
BRDA:71,7,0,0
BRDA:71,7,1,0
BRDA:72,8,0,0
BRDA:72,8,1,0
BRDA:76,9,0,0
BRDA:76,9,1,0
BRDA:83,10,0,0
BRDA:83,10,1,0
BRDA:88,11,0,0
BRDA:88,11,1,0
BRDA:96,12,0,0
BRDA:96,12,1,0
BRDA:118,13,0,0
BRDA:118,13,1,0
BRDA:148,14,0,0
BRDA:148,14,1,0
BRDA:159,15,0,0
BRDA:159,15,1,0
BRDA:173,16,0,0
BRDA:173,16,1,0
BRDA:178,17,0,0
BRDA:178,17,1,0
BRDA:191,18,0,0
BRDA:191,18,1,0
BRDA:196,19,0,0
BRDA:196,19,1,0
BRDA:201,20,0,0
BRDA:201,20,1,0
BRDA:206,21,0,0
BRDA:206,21,1,0
BRDA:221,22,0,0
BRDA:221,22,1,0
BRDA:226,23,0,0
BRDA:226,23,1,0
BRDA:231,24,0,0
BRDA:231,24,1,0
BRDA:236,25,0,0
BRDA:236,25,1,0
BRDA:244,26,0,0
BRDA:244,26,1,0
BRDA:250,27,0,0
BRDA:250,27,1,0
BRDA:255,28,0,0
BRDA:255,28,1,0
BRDA:258,29,0,0
BRDA:258,29,1,0
BRDA:261,30,0,0
BRDA:261,30,1,0
BRDA:261,31,0,0
BRDA:261,31,1,0
BRDA:264,32,0,0
BRDA:264,32,1,0
BRDA:277,33,0,0
BRDA:277,33,1,0
BRDA:304,34,0,0
BRDA:304,34,1,0
BRDA:309,35,0,0
BRDA:309,35,1,0
BRDA:314,36,0,0
BRDA:314,36,1,0
BRDA:319,37,0,0
BRDA:319,37,1,0
BRDA:326,38,0,0
BRDA:326,38,1,0
BRDA:328,39,0,0
BRDA:328,39,1,0
BRDA:330,40,0,0
BRDA:330,40,1,0
BRF:81
BRH:0
end_of_record
TN:
SF:src\controllers\attendance.controller.js
FN:15,(anonymous_0)
FN:73,(anonymous_1)
FN:104,(anonymous_2)
FN:114,(anonymous_3)
FN:136,(anonymous_4)
FN:146,(anonymous_5)
FNF:6
FNH:0
FNDA:0,(anonymous_0)
FNDA:0,(anonymous_1)
FNDA:0,(anonymous_2)
FNDA:0,(anonymous_3)
FNDA:0,(anonymous_4)
FNDA:0,(anonymous_5)
DA:15,5
DA:16,0
DA:17,0
DA:19,0
DA:20,0
DA:23,0
DA:24,0
DA:26,0
DA:29,0
DA:30,0
DA:31,0
DA:35,0
DA:36,0
DA:37,0
DA:40,0
DA:41,0
DA:42,0
DA:46,0
DA:53,0
DA:54,0
DA:55,0
DA:56,0
DA:58,0
DA:67,0
DA:73,5
DA:74,0
DA:75,0
DA:77,0
DA:78,0
DA:80,0
DA:81,0
DA:84,0
DA:85,0
DA:88,0
DA:95,0
DA:96,0
DA:98,0
DA:104,5
DA:105,0
DA:106,0
DA:108,0
DA:114,5
DA:115,0
DA:116,0
DA:118,0
DA:119,0
DA:122,0
DA:130,0
DA:136,5
DA:138,0
DA:140,0
DA:146,5
DA:147,0
DA:148,0
DA:149,0
DA:151,0
DA:152,0
DA:155,0
DA:156,0
DA:157,0
DA:160,0
DA:161,0
DA:162,0
DA:164,0
DA:167,0
DA:168,0
DA:169,0
DA:171,0
DA:173,0
DA:174,0
DA:175,0
DA:181,0
DA:183,0
DA:184,0
DA:200,0
LF:75
LH:6
BRDA:19,0,0,0
BRDA:19,0,1,0
BRDA:19,1,0,0
BRDA:19,1,1,0
BRDA:19,1,2,0
BRDA:24,2,0,0
BRDA:24,2,1,0
BRDA:30,3,0,0
BRDA:30,3,1,0
BRDA:30,4,0,0
BRDA:30,4,1,0
BRDA:30,4,2,0
BRDA:36,5,0,0
BRDA:36,5,1,0
BRDA:41,6,0,0
BRDA:41,6,1,0
BRDA:53,7,0,0
BRDA:53,7,1,0
BRDA:80,8,0,0
BRDA:80,8,1,0
BRDA:80,9,0,0
BRDA:80,9,1,0
BRDA:80,9,2,0
BRDA:84,10,0,0
BRDA:84,10,1,0
BRDA:84,11,0,0
BRDA:84,11,1,0
BRDA:90,12,0,0
BRDA:90,12,1,0
BRDA:90,13,0,0
BRDA:90,13,1,0
BRDA:108,14,0,0
BRDA:108,14,1,0
BRDA:118,15,0,0
BRDA:118,15,1,0
BRDA:118,16,0,0
BRDA:118,16,1,0
BRDA:151,17,0,0
BRDA:151,17,1,0
BRDA:156,18,0,0
BRDA:156,18,1,0
BRDA:162,19,0,0
BRDA:162,19,1,0
BRDA:167,20,0,0
BRDA:167,20,1,0
BRDA:167,21,0,0
BRDA:167,21,1,0
BRDA:173,22,0,0
BRDA:173,22,1,0
BRDA:183,23,0,0
BRDA:183,23,1,0
BRF:51
BRH:0
end_of_record
TN:
SF:src\controllers\auth.controller.js
FN:9,(anonymous_0)
FN:24,(anonymous_1)
FN:57,(anonymous_2)
FN:119,(anonymous_3)
FN:151,(anonymous_4)
FN:186,(anonymous_5)
FN:215,(anonymous_6)
FNF:7
FNH:3
FNDA:5,(anonymous_0)
FNDA:11,(anonymous_1)
FNDA:15,(anonymous_2)
FNDA:0,(anonymous_3)
FNDA:0,(anonymous_4)
FNDA:0,(anonymous_5)
FNDA:0,(anonymous_6)
DA:9,6
DA:10,5
DA:11,5
DA:12,5
DA:13,5
DA:15,5
DA:16,5
DA:18,5
DA:20,0
DA:24,6
DA:25,11
DA:27,11
DA:31,11
DA:32,2
DA:35,9
DA:43,9
DA:45,9
DA:46,0
DA:50,9
DA:52,9
DA:57,6
DA:58,15
DA:60,15
DA:61,0
DA:64,15
DA:66,15
DA:67,9
DA:70,6
DA:72,6
DA:73,1
DA:77,5
DA:78,0
DA:79,0
DA:80,0
DA:85,5
DA:87,5
DA:90,5
DA:92,5
DA:100,5
DA:118,6
DA:124,0
DA:130,0
DA:133,0
DA:139,0
DA:151,6
DA:152,0
DA:164,0
DA:166,0
DA:173,0
DA:186,6
DA:187,0
DA:188,0
DA:191,0
DA:193,0
DA:194,0
DA:198,0
DA:199,0
DA:200,0
DA:204,0
DA:206,0
DA:208,0
DA:210,0
DA:215,6
DA:216,0
DA:218,0
DA:220,0
DA:222,0
DA:224,0
DA:236,0
DA:239,0
DA:240,0
DA:241,0
DA:242,0
DA:244,0
DA:245,0
DA:246,0
DA:248,0
DA:249,0
DA:250,0
DA:253,0
DA:254,0
DA:259,0
DA:260,0
DA:261,0
DA:262,0
DA:266,0
DA:268,0
DA:270,0
DA:272,0
DA:280,0
LF:90
LH:37
BRDA:9,0,0,5
BRDA:31,1,0,2
BRDA:31,1,1,9
BRDA:40,2,0,9
BRDA:40,2,1,9
BRDA:45,3,0,0
BRDA:45,3,1,9
BRDA:60,4,0,0
BRDA:60,4,1,15
BRDA:66,5,0,9
BRDA:66,5,1,6
BRDA:72,6,0,1
BRDA:72,6,1,5
BRDA:77,7,0,0
BRDA:77,7,1,5
BRDA:79,8,0,0
BRDA:79,8,1,0
BRDA:79,9,0,0
BRDA:79,9,1,0
BRDA:95,10,0,0
BRDA:95,10,1,5
BRDA:130,11,0,0
BRDA:130,11,1,0
BRDA:169,12,0,0
BRDA:169,12,1,0
BRDA:193,13,0,0
BRDA:193,13,1,0
BRDA:199,14,0,0
BRDA:199,14,1,0
BRDA:222,15,0,0
BRDA:222,15,1,0
BRDA:240,16,0,0
BRDA:240,16,1,0
BRDA:244,17,0,0
BRDA:244,17,1,0
BRDA:248,18,0,0
BRDA:248,18,1,0
BRDA:253,19,0,0
BRDA:253,19,1,0
BRDA:259,20,0,0
BRDA:259,20,1,0
BRDA:261,21,0,0
BRDA:261,21,1,0
BRDA:261,22,0,0
BRDA:261,22,1,0
BRDA:275,23,0,0
BRDA:275,23,1,0
BRF:47
BRH:13
end_of_record
TN:
SF:src\controllers\certificate.controller.js
FN:13,(anonymous_0)
FN:24,(anonymous_1)
FN:129,(anonymous_2)
FN:165,(anonymous_3)
FN:190,(anonymous_4)
FN:282,(anonymous_5)
FNF:6
FNH:0
FNDA:0,(anonymous_0)
FNDA:0,(anonymous_1)
FNDA:0,(anonymous_2)
FNDA:0,(anonymous_3)
FNDA:0,(anonymous_4)
FNDA:0,(anonymous_5)
DA:13,5
DA:15,0
DA:17,0
DA:18,0
DA:21,0
DA:23,0
DA:24,0
DA:28,0
DA:40,0
DA:44,0
DA:51,0
DA:52,0
DA:61,0
DA:66,0
DA:69,0
DA:77,0
DA:80,0
DA:88,0
DA:92,0
DA:93,0
DA:99,0
DA:107,0
DA:120,0
DA:129,5
DA:131,0
DA:134,0
DA:138,0
DA:139,0
DA:146,0
DA:150,0
DA:158,0
DA:161,0
DA:164,0
DA:165,0
DA:171,0
DA:178,0
DA:190,0
DA:192,0
DA:196,0
DA:206,0
DA:207,0
DA:213,0
DA:216,0
DA:224,0
DA:229,0
DA:236,0
DA:239,0
DA:246,0
DA:250,0
DA:251,0
DA:257,0
DA:271,0
DA:273,0
DA:282,5
DA:284,0
DA:287,0
DA:291,0
DA:292,0
DA:299,0
DA:303,0
DA:312,0
DA:315,0
DA:320,0
DA:322,0
LF:64
LH:3
BRDA:17,0,0,0
BRDA:17,0,1,0
BRDA:23,1,0,0
BRDA:23,1,1,0
BRDA:51,2,0,0
BRDA:51,2,1,0
BRDA:66,3,0,0
BRDA:66,3,1,0
BRDA:77,4,0,0
BRDA:77,4,1,0
BRDA:92,5,0,0
BRDA:92,5,1,0
BRDA:100,6,0,0
BRDA:100,6,1,0
BRDA:138,7,0,0
BRDA:138,7,1,0
BRDA:146,8,0,0
BRDA:146,8,1,0
BRDA:161,9,0,0
BRDA:161,9,1,0
BRDA:192,10,0,0
BRDA:192,10,1,0
BRDA:206,11,0,0
BRDA:206,11,1,0
BRDA:213,12,0,0
BRDA:213,12,1,0
BRDA:224,13,0,0
BRDA:224,13,1,0
BRDA:236,14,0,0
BRDA:236,14,1,0
BRDA:250,15,0,0
BRDA:250,15,1,0
BRDA:259,16,0,0
BRDA:259,16,1,0
BRDA:291,17,0,0
BRDA:291,17,1,0
BRDA:299,18,0,0
BRDA:299,18,1,0
BRDA:312,19,0,0
BRDA:312,19,1,0
BRF:40
BRH:0
end_of_record
TN:
SF:src\controllers\company.controller.js
FN:19,(anonymous_0)
FN:24,(anonymous_1)
FN:170,(anonymous_2)
FN:247,(anonymous_3)
FN:282,(anonymous_4)
FN:328,(anonymous_5)
FN:394,(anonymous_6)
FN:516,(anonymous_7)
FN:571,(anonymous_8)
FN:684,(anonymous_9)
FN:694,(anonymous_10)
FN:713,(anonymous_11)
FN:741,(anonymous_12)
FN:764,(anonymous_13)
FN:787,(anonymous_14)
FN:825,(anonymous_15)
FN:847,(anonymous_16)
FN:861,(anonymous_17)
FN:920,(anonymous_18)
FN:934,(anonymous_19)
FN:952,(anonymous_20)
FNF:21
FNH:0
FNDA:0,(anonymous_0)
FNDA:0,(anonymous_1)
FNDA:0,(anonymous_2)
FNDA:0,(anonymous_3)
FNDA:0,(anonymous_4)
FNDA:0,(anonymous_5)
FNDA:0,(anonymous_6)
FNDA:0,(anonymous_7)
FNDA:0,(anonymous_8)
FNDA:0,(anonymous_9)
FNDA:0,(anonymous_10)
FNDA:0,(anonymous_11)
FNDA:0,(anonymous_12)
FNDA:0,(anonymous_13)
FNDA:0,(anonymous_14)
FNDA:0,(anonymous_15)
FNDA:0,(anonymous_16)
FNDA:0,(anonymous_17)
FNDA:0,(anonymous_18)
FNDA:0,(anonymous_19)
FNDA:0,(anonymous_20)
DA:19,5
DA:21,0
DA:23,0
DA:24,0
DA:28,0
DA:38,0
DA:41,0
DA:43,0
DA:44,0
DA:48,0
DA:56,0
DA:57,0
DA:61,0
DA:62,0
DA:64,0
DA:70,0
DA:72,0
DA:84,0
DA:85,0
DA:89,0
DA:105,0
DA:106,0
DA:110,0
DA:111,0
DA:112,0
DA:115,0
DA:117,0
DA:118,0
DA:121,0
DA:122,0
DA:125,0
DA:129,0
DA:130,0
DA:136,0
DA:140,0
DA:143,0
DA:144,0
DA:152,0
DA:170,5
DA:171,0
DA:174,0
DA:176,0
DA:177,0
DA:181,0
DA:183,0
DA:184,0
DA:188,0
DA:190,0
DA:191,0
DA:195,0
DA:196,0
DA:200,0
DA:201,0
DA:206,0
DA:209,0
DA:212,0
DA:213,0
DA:221,0
DA:247,5
DA:248,0
DA:250,0
DA:251,0
DA:254,0
DA:255,0
DA:256,0
DA:259,0
DA:260,0
DA:261,0
DA:264,0
DA:265,0
DA:268,0
DA:269,0
DA:270,0
DA:271,0
DA:273,0
DA:279,0
DA:282,5
DA:283,0
DA:285,0
DA:286,0
DA:289,0
DA:290,0
DA:291,0
DA:294,0
DA:295,0
DA:296,0
DA:299,0
DA:300,0
DA:303,0
DA:304,0
DA:307,0
DA:308,0
DA:309,0
DA:310,0
DA:312,0
DA:316,5
DA:321,5
DA:328,5
DA:329,0
DA:331,0
DA:332,0
DA:333,0
DA:336,0
DA:337,0
DA:338,0
DA:341,0
DA:342,0
DA:346,0
DA:352,0
DA:353,0
DA:357,0
DA:359,0
DA:365,0
DA:368,0
DA:380,0
DA:394,5
DA:395,0
DA:397,0
DA:398,0
DA:399,0
DA:403,0
DA:404,0
DA:409,0
DA:411,0
DA:412,0
DA:418,0
DA:419,0
DA:420,0
DA:424,0
DA:430,0
DA:431,0
DA:435,0
DA:436,0
DA:439,0
DA:441,0
DA:442,0
DA:443,0
DA:444,0
DA:445,0
DA:446,0
DA:448,0
DA:449,0
DA:452,0
DA:459,0
DA:483,0
DA:484,0
DA:486,0
DA:487,0
DA:489,0
DA:493,0
DA:494,0
DA:504,0
DA:507,0
DA:516,5
DA:517,0
DA:518,0
DA:519,0
DA:522,0
DA:527,0
DA:528,0
DA:538,0
DA:539,0
DA:540,0
DA:541,0
DA:550,0
DA:555,0
DA:571,5
DA:572,0
DA:575,0
DA:578,0
DA:579,0
DA:580,0
DA:584,0
DA:585,0
DA:587,0
DA:588,0
DA:589,0
DA:590,0
DA:591,0
DA:595,0
DA:598,0
DA:599,0
DA:603,0
DA:604,0
DA:618,0
DA:619,0
DA:622,0
DA:624,0
DA:639,0
DA:640,0
DA:643,0
DA:646,0
DA:647,0
DA:649,0
DA:651,0
DA:652,0
DA:654,0
DA:658,0
DA:667,0
DA:684,5
DA:685,0
DA:686,0
DA:687,0
DA:690,0
DA:691,0
DA:694,5
DA:695,0
DA:696,0
DA:697,0
DA:700,0
DA:701,0
DA:702,0
DA:705,0
DA:706,0
DA:707,0
DA:710,0
DA:713,5
DA:714,0
DA:715,0
DA:716,0
DA:719,0
DA:720,0
DA:721,0
DA:724,0
DA:725,0
DA:726,0
DA:730,0
DA:731,0
DA:732,0
DA:733,0
DA:737,0
DA:738,0
DA:741,5
DA:742,0
DA:743,0
DA:744,0
DA:747,0
DA:748,0
DA:749,0
DA:752,0
DA:757,0
DA:758,0
DA:761,0
DA:764,5
DA:765,0
DA:766,0
DA:767,0
DA:770,0
DA:771,0
DA:772,0
DA:775,0
DA:780,0
DA:781,0
DA:784,0
DA:787,5
DA:788,0
DA:789,0
DA:790,0
DA:793,0
DA:794,0
DA:795,0
DA:798,0
DA:799,0
DA:800,0
DA:803,0
DA:804,0
DA:805,0
DA:808,0
DA:809,0
DA:810,0
DA:811,0
DA:813,0
DA:822,0
DA:825,5
DA:826,0
DA:827,0
DA:828,0
DA:831,0
DA:832,0
DA:833,0
DA:836,0
DA:837,0
DA:838,0
DA:841,0
DA:842,0
DA:843,0
DA:844,0
DA:845,0
DA:847,0
DA:848,0
DA:850,0
DA:852,0
DA:853,0
DA:855,0
DA:858,0
DA:861,5
DA:862,0
DA:865,0
DA:867,0
DA:868,0
DA:872,0
DA:873,0
DA:874,0
DA:875,0
DA:880,0
DA:881,0
DA:882,0
DA:886,0
DA:888,0
DA:889,0
DA:893,0
DA:894,0
DA:896,0
DA:897,0
DA:898,0
DA:899,0
DA:901,0
DA:905,0
DA:909,0
DA:910,0
DA:913,0
DA:915,0
DA:920,5
DA:921,0
DA:923,0
DA:925,0
DA:926,0
DA:929,0
DA:934,5
DA:935,0
DA:937,0
DA:938,0
DA:941,0
DA:943,0
DA:944,0
DA:947,0
DA:952,5
DA:953,0
DA:954,0
DA:955,0
DA:958,0
DA:967,0
LF:342
LH:21
BRDA:23,0,0,0
BRDA:23,0,1,0
BRDA:43,1,0,0
BRDA:43,1,1,0
BRDA:56,2,0,0
BRDA:56,2,1,0
BRDA:78,3,0,0
BRDA:78,3,1,0
BRDA:84,4,0,0
BRDA:84,4,1,0
BRDA:105,5,0,0
BRDA:105,5,1,0
BRDA:147,6,0,0
BRDA:147,6,1,0
BRDA:176,7,0,0
BRDA:176,7,1,0
BRDA:183,8,0,0
BRDA:183,8,1,0
BRDA:190,9,0,0
BRDA:190,9,1,0
BRDA:195,10,0,0
BRDA:195,10,1,0
BRDA:201,11,0,0
BRDA:201,11,1,0
BRDA:216,12,0,0
BRDA:216,12,1,0
BRDA:250,13,0,0
BRDA:250,13,1,0
BRDA:255,14,0,0
BRDA:255,14,1,0
BRDA:260,15,0,0
BRDA:260,15,1,0
BRDA:264,16,0,0
BRDA:264,16,1,0
BRDA:285,17,0,0
BRDA:285,17,1,0
BRDA:285,18,0,0
BRDA:285,18,1,0
BRDA:290,19,0,0
BRDA:290,19,1,0
BRDA:295,20,0,0
BRDA:295,20,1,0
BRDA:299,21,0,0
BRDA:299,21,1,0
BRDA:303,22,0,0
BRDA:303,22,1,0
BRDA:303,23,0,0
BRDA:303,23,1,0
BRDA:303,23,2,0
BRDA:332,24,0,0
BRDA:332,24,1,0
BRDA:337,25,0,0
BRDA:337,25,1,0
BRDA:341,26,0,0
BRDA:341,26,1,0
BRDA:352,27,0,0
BRDA:352,27,1,0
BRDA:398,28,0,0
BRDA:398,28,1,0
BRDA:411,29,0,0
BRDA:411,29,1,0
BRDA:419,30,0,0
BRDA:419,30,1,0
BRDA:430,31,0,0
BRDA:430,31,1,0
BRDA:518,32,0,0
BRDA:518,32,1,0
BRDA:527,33,0,0
BRDA:527,33,1,0
BRDA:538,34,0,0
BRDA:538,34,1,0
BRDA:561,35,0,0
BRDA:561,35,1,0
BRDA:579,36,0,0
BRDA:579,36,1,0
BRDA:618,37,0,0
BRDA:618,37,1,0
BRDA:631,38,0,0
BRDA:631,38,1,0
BRDA:632,39,0,0
BRDA:632,39,1,0
BRDA:639,40,0,0
BRDA:639,40,1,0
BRDA:686,41,0,0
BRDA:686,41,1,0
BRDA:696,42,0,0
BRDA:696,42,1,0
BRDA:701,43,0,0
BRDA:701,43,1,0
BRDA:706,44,0,0
BRDA:706,44,1,0
BRDA:715,45,0,0
BRDA:715,45,1,0
BRDA:720,46,0,0
BRDA:720,46,1,0
BRDA:725,47,0,0
BRDA:725,47,1,0
BRDA:732,48,0,0
BRDA:732,48,1,0
BRDA:743,49,0,0
BRDA:743,49,1,0
BRDA:748,50,0,0
BRDA:748,50,1,0
BRDA:757,51,0,0
BRDA:757,51,1,0
BRDA:766,52,0,0
BRDA:766,52,1,0
BRDA:771,53,0,0
BRDA:771,53,1,0
BRDA:780,54,0,0
BRDA:780,54,1,0
BRDA:789,55,0,0
BRDA:789,55,1,0
BRDA:794,56,0,0
BRDA:794,56,1,0
BRDA:799,57,0,0
BRDA:799,57,1,0
BRDA:804,58,0,0
BRDA:804,58,1,0
BRDA:827,59,0,0
BRDA:827,59,1,0
BRDA:832,60,0,0
BRDA:832,60,1,0
BRDA:837,61,0,0
BRDA:837,61,1,0
BRDA:867,62,0,0
BRDA:867,62,1,0
BRDA:874,63,0,0
BRDA:874,63,1,0
BRDA:880,64,0,0
BRDA:880,64,1,0
BRDA:881,65,0,0
BRDA:881,65,1,0
BRDA:888,66,0,0
BRDA:888,66,1,0
BRDA:893,67,0,0
BRDA:893,67,1,0
BRDA:893,68,0,0
BRDA:893,68,1,0
BRDA:909,69,0,0
BRDA:909,69,1,0
BRDA:909,70,0,0
BRDA:909,70,1,0
BRDA:925,71,0,0
BRDA:925,71,1,0
BRDA:937,72,0,0
BRDA:937,72,1,0
BRDA:943,73,0,0
BRDA:943,73,1,0
BRDA:954,74,0,0
BRDA:954,74,1,0
BRF:151
BRH:0
end_of_record
TN:
SF:src\controllers\educations.controller.js
FN:7,(anonymous_0)
FN:60,(anonymous_1)
FN:82,(anonymous_2)
FN:104,(anonymous_3)
FNF:4
FNH:0
FNDA:0,(anonymous_0)
FNDA:0,(anonymous_1)
FNDA:0,(anonymous_2)
FNDA:0,(anonymous_3)
DA:7,5
DA:9,0
DA:11,0
DA:12,0
DA:24,0
DA:26,0
DA:32,0
DA:33,0
DA:39,0
DA:51,0
DA:60,5
DA:61,0
DA:62,0
DA:64,0
DA:65,0
DA:68,0
DA:69,0
DA:72,0
DA:82,0
DA:84,0
DA:85,0
DA:90,0
DA:91,0
DA:93,0
DA:95,0
DA:104,5
DA:105,0
DA:107,0
DA:108,0
DA:109,0
DA:112,0
DA:113,0
DA:116,0
DA:117,0
LF:34
LH:3
BRDA:11,0,0,0
BRDA:11,0,1,0
BRDA:32,1,0,0
BRDA:32,1,1,0
BRDA:64,2,0,0
BRDA:64,2,1,0
BRDA:68,3,0,0
BRDA:68,3,1,0
BRDA:84,4,0,0
BRDA:84,4,1,0
BRDA:90,5,0,0
BRDA:90,5,1,0
BRDA:108,6,0,0
BRDA:108,6,1,0
BRDA:112,7,0,0
BRDA:112,7,1,0
BRF:16
BRH:0
end_of_record
TN:
SF:src\controllers\employee.controller.js
FN:16,(anonymous_0)
FN:29,(anonymous_1)
FN:56,(anonymous_2)
FN:88,(anonymous_3)
FN:114,(anonymous_4)
FN:144,(anonymous_5)
FN:156,(anonymous_6)
FN:174,(anonymous_7)
FN:289,(anonymous_8)
FN:315,(anonymous_9)
FNF:10
FNH:0
FNDA:0,(anonymous_0)
FNDA:0,(anonymous_1)
FNDA:0,(anonymous_2)
FNDA:0,(anonymous_3)
FNDA:0,(anonymous_4)
FNDA:0,(anonymous_5)
FNDA:0,(anonymous_6)
FNDA:0,(anonymous_7)
FNDA:0,(anonymous_8)
FNDA:0,(anonymous_9)
DA:16,5
DA:17,0
DA:18,0
DA:19,0
DA:22,0
DA:26,0
DA:29,5
DA:30,0
DA:31,0
DA:32,0
DA:35,0
DA:36,0
DA:37,0
DA:40,0
DA:44,0
DA:45,0
DA:49,0
DA:50,0
DA:53,0
DA:56,5
DA:57,0
DA:58,0
DA:59,0
DA:62,0
DA:63,0
DA:64,0
DA:67,0
DA:68,0
DA:69,0
DA:72,0
DA:73,0
DA:76,0
DA:77,0
DA:78,0
DA:79,0
DA:83,0
DA:85,0
DA:88,5
DA:89,0
DA:90,0
DA:91,0
DA:94,0
DA:95,0
DA:96,0
DA:99,0
DA:100,0
DA:101,0
DA:104,0
DA:105,0
DA:108,0
DA:109,0
DA:111,0
DA:114,5
DA:115,0
DA:116,0
DA:117,0
DA:120,0
DA:121,0
DA:122,0
DA:125,0
DA:126,0
DA:127,0
DA:130,0
DA:131,0
DA:134,0
DA:135,0
DA:137,0
DA:144,5
DA:145,0
DA:149,0
DA:150,0
DA:153,0
DA:156,5
DA:157,0
DA:158,0
DA:159,0
DA:162,0
DA:163,0
DA:164,0
DA:165,0
DA:169,0
DA:171,0
DA:174,5
DA:175,0
DA:177,0
DA:178,0
DA:181,0
DA:182,0
DA:183,0
DA:186,0
DA:187,0
DA:188,0
DA:192,0
DA:193,0
DA:194,0
DA:198,0
DA:199,0
DA:200,0
DA:201,0
DA:202,0
DA:203,0
DA:204,0
DA:205,0
DA:209,0
DA:210,0
DA:211,0
DA:212,0
DA:213,0
DA:214,0
DA:217,0
DA:218,0
DA:221,0
DA:222,0
DA:236,0
DA:237,0
DA:240,0
DA:242,0
DA:261,0
DA:262,0
DA:265,0
DA:267,0
DA:269,0
DA:270,0
DA:272,0
DA:276,0
DA:286,0
DA:289,5
DA:290,0
DA:291,0
DA:292,0
DA:295,0
DA:296,0
DA:297,0
DA:300,0
DA:301,0
DA:302,0
DA:305,0
DA:306,0
DA:309,0
DA:310,0
DA:312,0
DA:315,5
DA:316,0
DA:317,0
DA:318,0
DA:321,0
DA:322,0
DA:323,0
DA:326,0
DA:327,0
DA:328,0
DA:331,0
DA:332,0
DA:335,0
DA:336,0
DA:337,0
DA:338,0
DA:339,0
DA:340,0
DA:342,0
DA:343,0
DA:345,0
DA:348,0
LF:163
LH:10
BRDA:18,0,0,0
BRDA:18,0,1,0
BRDA:31,1,0,0
BRDA:31,1,1,0
BRDA:36,2,0,0
BRDA:36,2,1,0
BRDA:44,3,0,0
BRDA:44,3,1,0
BRDA:49,4,0,0
BRDA:49,4,1,0
BRDA:58,5,0,0
BRDA:58,5,1,0
BRDA:63,6,0,0
BRDA:63,6,1,0
BRDA:68,7,0,0
BRDA:68,7,1,0
BRDA:72,8,0,0
BRDA:72,8,1,0
BRDA:78,9,0,0
BRDA:78,9,1,0
BRDA:90,10,0,0
BRDA:90,10,1,0
BRDA:95,11,0,0
BRDA:95,11,1,0
BRDA:100,12,0,0
BRDA:100,12,1,0
BRDA:104,13,0,0
BRDA:104,13,1,0
BRDA:116,14,0,0
BRDA:116,14,1,0
BRDA:121,15,0,0
BRDA:121,15,1,0
BRDA:126,16,0,0
BRDA:126,16,1,0
BRDA:130,17,0,0
BRDA:130,17,1,0
BRDA:149,18,0,0
BRDA:149,18,1,0
BRDA:158,19,0,0
BRDA:158,19,1,0
BRDA:164,20,0,0
BRDA:164,20,1,0
BRDA:177,21,0,0
BRDA:177,21,1,0
BRDA:177,22,0,0
BRDA:177,22,1,0
BRDA:182,23,0,0
BRDA:182,23,1,0
BRDA:187,24,0,0
BRDA:187,24,1,0
BRDA:193,25,0,0
BRDA:193,25,1,0
BRDA:236,26,0,0
BRDA:236,26,1,0
BRDA:250,27,0,0
BRDA:250,27,1,0
BRDA:251,28,0,0
BRDA:251,28,1,0
BRDA:252,29,0,0
BRDA:252,29,1,0
BRDA:253,30,0,0
BRDA:253,30,1,0
BRDA:254,31,0,0
BRDA:254,31,1,0
BRDA:261,32,0,0
BRDA:261,32,1,0
BRDA:291,33,0,0
BRDA:291,33,1,0
BRDA:296,34,0,0
BRDA:296,34,1,0
BRDA:301,35,0,0
BRDA:301,35,1,0
BRDA:305,36,0,0
BRDA:305,36,1,0
BRDA:317,37,0,0
BRDA:317,37,1,0
BRDA:322,38,0,0
BRDA:322,38,1,0
BRDA:327,39,0,0
BRDA:327,39,1,0
BRDA:331,40,0,0
BRDA:331,40,1,0
BRF:82
BRH:0
end_of_record
TN:
SF:src\controllers\experience.controller.js
FN:11,(anonymous_0)
FN:36,(anonymous_1)
FN:61,(anonymous_2)
FN:126,(anonymous_3)
FN:166,(anonymous_4)
FN:192,(anonymous_5)
FN:223,(anonymous_6)
FNF:7
FNH:0
FNDA:0,(anonymous_0)
FNDA:0,(anonymous_1)
FNDA:0,(anonymous_2)
FNDA:0,(anonymous_3)
FNDA:0,(anonymous_4)
FNDA:0,(anonymous_5)
FNDA:0,(anonymous_6)
DA:11,5
DA:14,0
DA:20,0
DA:21,0
DA:27,0
DA:36,5
DA:38,0
DA:42,0
DA:43,0
DA:53,0
DA:57,0
DA:60,0
DA:61,0
DA:67,0
DA:82,0
DA:88,0
DA:95,0
DA:96,0
DA:106,0
DA:117,0
DA:126,5
DA:128,0
DA:131,0
DA:135,0
DA:136,0
DA:145,0
DA:149,0
DA:159,0
DA:162,0
DA:165,0
DA:166,0
DA:172,0
DA:179,0
DA:192,0
DA:194,0
DA:198,0
DA:208,0
DA:209,0
DA:212,0
DA:214,0
DA:223,5
DA:225,0
DA:228,0
DA:232,0
DA:233,0
DA:242,0
DA:246,0
DA:252,0
DA:254,0
LF:49
LH:4
BRDA:20,0,0,0
BRDA:20,0,1,0
BRDA:42,1,0,0
BRDA:42,1,1,0
BRDA:57,2,0,0
BRDA:57,2,1,0
BRDA:95,3,0,0
BRDA:95,3,1,0
BRDA:135,4,0,0
BRDA:135,4,1,0
BRDA:145,5,0,0
BRDA:145,5,1,0
BRDA:162,6,0,0
BRDA:162,6,1,0
BRDA:194,7,0,0
BRDA:194,7,1,0
BRDA:208,8,0,0
BRDA:208,8,1,0
BRDA:232,9,0,0
BRDA:232,9,1,0
BRDA:242,10,0,0
BRDA:242,10,1,0
BRF:22
BRH:0
end_of_record
TN:
SF:src\controllers\geofence.controller.js
FN:10,(anonymous_0)
FN:56,(anonymous_1)
FNF:2
FNH:0
FNDA:0,(anonymous_0)
FNDA:0,(anonymous_1)
DA:10,5
DA:11,0
DA:13,0
DA:14,0
DA:18,0
DA:19,0
DA:20,0
DA:23,0
DA:25,0
DA:27,0
DA:31,0
DA:32,0
DA:34,0
DA:35,0
DA:38,0
DA:49,0
DA:56,5
DA:57,0
DA:59,0
DA:61,0
DA:62,0
DA:65,0
LF:22
LH:2
BRDA:13,0,0,0
BRDA:13,0,1,0
BRDA:13,1,0,0
BRDA:13,1,1,0
BRDA:13,1,2,0
BRDA:13,1,3,0
BRDA:19,2,0,0
BRDA:19,2,1,0
BRDA:25,3,0,0
BRDA:25,3,1,0
BRDA:31,4,0,0
BRDA:31,4,1,0
BRDA:32,5,0,0
BRDA:32,5,1,0
BRDA:45,6,0,0
BRDA:45,6,1,0
BRDA:46,7,0,0
BRDA:46,7,1,0
BRDA:61,8,0,0
BRDA:61,8,1,0
BRDA:61,9,0,0
BRDA:61,9,1,0
BRF:22
BRH:0
end_of_record
TN:
SF:src\controllers\hr.controller.js
FN:7,(anonymous_0)
FN:19,(anonymous_1)
FNF:2
FNH:0
FNDA:0,(anonymous_0)
FNDA:0,(anonymous_1)
DA:7,5
DA:8,0
DA:12,0
DA:13,0
DA:16,0
DA:19,5
DA:20,0
DA:22,0
DA:23,0
DA:27,0
DA:28,0
DA:29,0
DA:30,0
DA:34,0
DA:35,0
LF:15
LH:2
BRDA:12,0,0,0
BRDA:12,0,1,0
BRDA:22,1,0,0
BRDA:22,1,1,0
BRDA:29,2,0,0
BRDA:29,2,1,0
BRF:6
BRH:0
end_of_record
TN:
SF:src\controllers\job.controller.js
FN:15,(anonymous_0)
FN:84,(anonymous_1)
FN:94,(anonymous_2)
FN:127,(anonymous_3)
FN:207,(anonymous_4)
FN:233,(anonymous_5)
FN:259,(anonymous_6)
FN:290,(anonymous_7)
FN:319,(anonymous_8)
FNF:9
FNH:0
FNDA:0,(anonymous_0)
FNDA:0,(anonymous_1)
FNDA:0,(anonymous_2)
FNDA:0,(anonymous_3)
FNDA:0,(anonymous_4)
FNDA:0,(anonymous_5)
FNDA:0,(anonymous_6)
FNDA:0,(anonymous_7)
FNDA:0,(anonymous_8)
DA:15,5
DA:16,0
DA:17,0
DA:18,0
DA:32,0
DA:35,0
DA:47,0
DA:48,0
DA:55,0
DA:79,0
DA:81,0
DA:84,5
DA:85,0
DA:86,0
DA:87,0
DA:90,0
DA:91,0
DA:94,5
DA:95,0
DA:96,0
DA:97,0
DA:100,0
DA:101,0
DA:102,0
DA:105,0
DA:115,0
DA:116,0
DA:120,0
DA:121,0
DA:124,0
DA:127,5
DA:128,0
DA:129,0
DA:130,0
DA:133,0
DA:134,0
DA:135,0
DA:138,0
DA:139,0
DA:140,0
DA:144,0
DA:145,0
DA:149,0
DA:150,0
DA:152,0
DA:153,0
DA:165,0
DA:166,0
DA:173,0
DA:183,0
DA:197,0
DA:198,0
DA:199,0
DA:203,0
DA:204,0
DA:207,5
DA:208,0
DA:209,0
DA:210,0
DA:213,0
DA:214,0
DA:215,0
DA:218,0
DA:219,0
DA:220,0
DA:223,0
DA:224,0
DA:227,0
DA:228,0
DA:230,0
DA:233,5
DA:234,0
DA:235,0
DA:236,0
DA:239,0
DA:240,0
DA:241,0
DA:244,0
DA:245,0
DA:246,0
DA:249,0
DA:250,0
DA:253,0
DA:254,0
DA:256,0
DA:259,5
DA:260,0
DA:261,0
DA:262,0
DA:265,0
DA:266,0
DA:267,0
DA:270,0
DA:271,0
DA:272,0
DA:275,0
DA:276,0
DA:279,0
DA:280,0
DA:281,0
DA:283,0
DA:290,5
DA:291,0
DA:293,0
DA:299,0
DA:300,0
DA:302,0
DA:303,0
DA:305,0
DA:306,0
DA:308,0
DA:309,0
DA:312,0
DA:316,0
DA:319,5
DA:320,0
DA:321,0
DA:322,0
DA:325,0
DA:329,0
DA:330,0
DA:333,0
LF:122
LH:9
BRDA:17,0,0,0
BRDA:17,0,1,0
BRDA:47,1,0,0
BRDA:47,1,1,0
BRDA:66,2,0,0
BRDA:66,2,1,0
BRDA:67,3,0,0
BRDA:67,3,1,0
BRDA:86,4,0,0
BRDA:86,4,1,0
BRDA:96,5,0,0
BRDA:96,5,1,0
BRDA:101,6,0,0
BRDA:101,6,1,0
BRDA:115,7,0,0
BRDA:115,7,1,0
BRDA:120,8,0,0
BRDA:120,8,1,0
BRDA:129,9,0,0
BRDA:129,9,1,0
BRDA:134,10,0,0
BRDA:134,10,1,0
BRDA:139,11,0,0
BRDA:139,11,1,0
BRDA:144,12,0,0
BRDA:144,12,1,0
BRDA:149,13,0,0
BRDA:149,13,1,0
BRDA:150,14,0,0
BRDA:150,14,1,0
BRDA:152,15,0,0
BRDA:152,15,1,0
BRDA:152,16,0,0
BRDA:152,16,1,0
BRDA:156,17,0,0
BRDA:156,17,1,0
BRDA:157,18,0,0
BRDA:157,18,1,0
BRDA:158,19,0,0
BRDA:158,19,1,0
BRDA:159,20,0,0
BRDA:159,20,1,0
BRDA:160,21,0,0
BRDA:160,21,1,0
BRDA:161,22,0,0
BRDA:161,22,1,0
BRDA:162,23,0,0
BRDA:162,23,1,0
BRDA:165,24,0,0
BRDA:165,24,1,0
BRDA:198,25,0,0
BRDA:198,25,1,0
BRDA:209,26,0,0
BRDA:209,26,1,0
BRDA:214,27,0,0
BRDA:214,27,1,0
BRDA:219,28,0,0
BRDA:219,28,1,0
BRDA:223,29,0,0
BRDA:223,29,1,0
BRDA:235,30,0,0
BRDA:235,30,1,0
BRDA:240,31,0,0
BRDA:240,31,1,0
BRDA:245,32,0,0
BRDA:245,32,1,0
BRDA:249,33,0,0
BRDA:249,33,1,0
BRDA:261,34,0,0
BRDA:261,34,1,0
BRDA:266,35,0,0
BRDA:266,35,1,0
BRDA:271,36,0,0
BRDA:271,36,1,0
BRDA:275,37,0,0
BRDA:275,37,1,0
BRDA:299,38,0,0
BRDA:299,38,1,0
BRDA:302,39,0,0
BRDA:302,39,1,0
BRDA:305,40,0,0
BRDA:305,40,1,0
BRDA:308,41,0,0
BRDA:308,41,1,0
BRDA:321,42,0,0
BRDA:321,42,1,0
BRDA:329,43,0,0
BRDA:329,43,1,0
BRF:88
BRH:0
end_of_record
TN:
SF:src\controllers\offer.controller.js
FN:15,(anonymous_0)
FN:97,(anonymous_1)
FN:120,(anonymous_2)
FN:128,(anonymous_3)
FN:162,(anonymous_4)
FN:208,(anonymous_5)
FNF:6
FNH:0
FNDA:0,(anonymous_0)
FNDA:0,(anonymous_1)
FNDA:0,(anonymous_2)
FNDA:0,(anonymous_3)
FNDA:0,(anonymous_4)
FNDA:0,(anonymous_5)
DA:15,5
DA:16,0
DA:17,0
DA:18,0
DA:21,0
DA:22,0
DA:23,0
DA:26,0
DA:27,0
DA:28,0
DA:32,0
DA:33,0
DA:36,0
DA:39,0
DA:40,0
DA:41,0
DA:42,0
DA:44,0
DA:47,0
DA:48,0
DA:52,0
DA:65,0
DA:66,0
DA:69,0
DA:70,0
DA:81,0
DA:82,0
DA:83,0
DA:94,0
DA:97,5
DA:98,0
DA:99,0
DA:100,0
DA:103,0
DA:104,0
DA:105,0
DA:109,0
DA:110,0
DA:111,0
DA:113,0
DA:114,0
DA:117,0
DA:120,5
DA:121,0
DA:125,0
DA:128,5
DA:129,0
DA:130,0
DA:131,0
DA:134,0
DA:135,0
DA:136,0
DA:139,0
DA:140,0
DA:141,0
DA:144,0
DA:145,0
DA:148,0
DA:149,0
DA:159,0
DA:162,5
DA:163,0
DA:164,0
DA:165,0
DA:168,0
DA:169,0
DA:170,0
DA:173,0
DA:174,0
DA:177,0
DA:178,0
DA:181,0
DA:182,0
DA:183,0
DA:184,0
DA:188,0
DA:189,0
DA:190,0
DA:191,0
DA:192,0
DA:193,0
DA:205,0
DA:208,5
DA:209,0
DA:210,0
DA:211,0
DA:214,0
DA:215,0
DA:216,0
DA:219,0
DA:220,0
DA:223,0
DA:224,0
DA:227,0
DA:228,0
DA:229,0
DA:230,0
DA:233,0
LF:98
LH:6
BRDA:17,0,0,0
BRDA:17,0,1,0
BRDA:22,1,0,0
BRDA:22,1,1,0
BRDA:27,2,0,0
BRDA:27,2,1,0
BRDA:32,3,0,0
BRDA:32,3,1,0
BRDA:36,4,0,0
BRDA:36,4,1,0
BRDA:39,5,0,0
BRDA:39,5,1,0
BRDA:41,6,0,0
BRDA:41,6,1,0
BRDA:47,7,0,0
BRDA:47,7,1,0
BRDA:73,8,0,0
BRDA:73,8,1,0
BRDA:82,9,0,0
BRDA:82,9,1,0
BRDA:87,10,0,0
BRDA:87,10,1,0
BRDA:99,11,0,0
BRDA:99,11,1,0
BRDA:104,12,0,0
BRDA:104,12,1,0
BRDA:110,13,0,0
BRDA:110,13,1,0
BRDA:113,14,0,0
BRDA:113,14,1,0
BRDA:113,15,0,0
BRDA:113,15,1,0
BRDA:130,16,0,0
BRDA:130,16,1,0
BRDA:135,17,0,0
BRDA:135,17,1,0
BRDA:140,18,0,0
BRDA:140,18,1,0
BRDA:144,19,0,0
BRDA:144,19,1,0
BRDA:153,20,0,0
BRDA:153,20,1,0
BRDA:164,21,0,0
BRDA:164,21,1,0
BRDA:169,22,0,0
BRDA:169,22,1,0
BRDA:173,23,0,0
BRDA:173,23,1,0
BRDA:182,24,0,0
BRDA:182,24,1,0
BRDA:189,25,0,0
BRDA:189,25,1,0
BRDA:190,26,0,0
BRDA:190,26,1,0
BRDA:192,27,0,0
BRDA:192,27,1,0
BRDA:210,28,0,0
BRDA:210,28,1,0
BRDA:215,29,0,0
BRDA:215,29,1,0
BRDA:219,30,0,0
BRDA:219,30,1,0
BRDA:228,31,0,0
BRDA:228,31,1,0
BRF:64
BRH:0
end_of_record
TN:
SF:src\controllers\profile.controller.js
FN:8,(anonymous_0)
FN:95,(anonymous_1)
FN:109,(anonymous_2)
FN:151,(anonymous_3)
FN:173,(anonymous_4)
FN:215,(anonymous_5)
FNF:6
FNH:0
FNDA:0,(anonymous_0)
FNDA:0,(anonymous_1)
FNDA:0,(anonymous_2)
FNDA:0,(anonymous_3)
FNDA:0,(anonymous_4)
FNDA:0,(anonymous_5)
DA:8,5
DA:9,0
DA:11,0
DA:13,0
DA:14,0
DA:18,0
DA:20,0
DA:21,0
DA:22,0
DA:27,0
DA:28,0
DA:39,0
DA:40,0
DA:43,0
DA:44,0
DA:45,0
DA:49,0
DA:50,0
DA:54,0
DA:56,0
DA:57,0
DA:60,0
DA:67,0
DA:69,0
DA:70,0
DA:74,0
DA:76,0
DA:77,0
DA:80,0
DA:86,0
DA:88,0
DA:90,0
DA:95,5
DA:96,0
DA:98,0
DA:99,0
DA:102,0
DA:104,0
DA:109,5
DA:110,0
DA:112,0
DA:113,0
DA:116,0
DA:117,0
DA:120,0
DA:121,0
DA:123,0
DA:124,0
DA:128,0
DA:129,0
DA:133,0
DA:135,0
DA:136,0
DA:139,0
DA:144,0
DA:146,0
DA:151,5
DA:152,0
DA:153,0
DA:155,0
DA:156,0
DA:159,0
DA:161,0
DA:166,0
DA:168,0
DA:173,5
DA:174,0
DA:176,0
DA:177,0
DA:180,0
DA:181,0
DA:184,0
DA:185,0
DA:187,0
DA:188,0
DA:192,0
DA:193,0
DA:197,0
DA:199,0
DA:200,0
DA:203,0
DA:208,0
DA:210,0
DA:215,5
DA:216,0
DA:217,0
DA:219,0
DA:220,0
DA:223,0
DA:225,0
DA:230,0
DA:232,0
LF:92
LH:6
BRDA:13,0,0,0
BRDA:13,0,1,0
BRDA:21,1,0,0
BRDA:21,1,1,0
BRDA:27,2,0,0
BRDA:27,2,1,0
BRDA:43,3,0,0
BRDA:43,3,1,0
BRDA:44,4,0,0
BRDA:44,4,1,0
BRDA:49,5,0,0
BRDA:49,5,1,0
BRDA:56,6,0,0
BRDA:56,6,1,0
BRDA:67,7,0,0
BRDA:67,7,1,0
BRDA:69,8,0,0
BRDA:69,8,1,0
BRDA:76,9,0,0
BRDA:76,9,1,0
BRDA:98,10,0,0
BRDA:98,10,1,0
BRDA:112,11,0,0
BRDA:112,11,1,0
BRDA:116,12,0,0
BRDA:116,12,1,0
BRDA:123,13,0,0
BRDA:123,13,1,0
BRDA:128,14,0,0
BRDA:128,14,1,0
BRDA:135,15,0,0
BRDA:135,15,1,0
BRDA:155,16,0,0
BRDA:155,16,1,0
BRDA:155,17,0,0
BRDA:155,17,1,0
BRDA:176,18,0,0
BRDA:176,18,1,0
BRDA:180,19,0,0
BRDA:180,19,1,0
BRDA:187,20,0,0
BRDA:187,20,1,0
BRDA:192,21,0,0
BRDA:192,21,1,0
BRDA:199,22,0,0
BRDA:199,22,1,0
BRDA:219,23,0,0
BRDA:219,23,1,0
BRDA:219,24,0,0
BRDA:219,24,1,0
BRF:50
BRH:0
end_of_record
TN:
SF:src\docs\admin.swagger.js
FNF:0
FNH:0
LF:0
LH:0
BRF:0
BRH:0
end_of_record
TN:
SF:src\docs\application.swagger.js
FNF:0
FNH:0
LF:0
LH:0
BRF:0
BRH:0
end_of_record
TN:
SF:src\docs\auth.swagger.js
FNF:0
FNH:0
LF:0
LH:0
BRF:0
BRH:0
end_of_record
TN:
SF:src\docs\certificate.swagger.js
FNF:0
FNH:0
LF:0
LH:0
BRF:0
BRH:0
end_of_record
TN:
SF:src\docs\company.swagger.js
FNF:0
FNH:0
LF:0
LH:0
BRF:0
BRH:0
end_of_record
TN:
SF:src\docs\education.swagger.js
FNF:0
FNH:0
LF:0
LH:0
BRF:0
BRH:0
end_of_record
TN:
SF:src\docs\employee.swagger.js
FNF:0
FNH:0
LF:0
LH:0
BRF:0
BRH:0
end_of_record
TN:
SF:src\docs\experience.swagger.js
FNF:0
FNH:0
LF:0
LH:0
BRF:0
BRH:0
end_of_record
TN:
SF:src\docs\hr.swagger.js
FNF:0
FNH:0
LF:0
LH:0
BRF:0
BRH:0
end_of_record
TN:
SF:src\docs\job.swagger.js
FNF:0
FNH:0
LF:0
LH:0
BRF:0
BRH:0
end_of_record
TN:
SF:src\docs\offer.swagger.js
FNF:0
FNH:0
LF:0
LH:0
BRF:0
BRH:0
end_of_record
TN:
SF:src\docs\profile.swagger.js
FNF:0
FNH:0
LF:0
LH:0
BRF:0
BRH:0
end_of_record
TN:
SF:src\docs\subscription.swagger.js
FNF:0
FNH:0
LF:0
LH:0
BRF:0
BRH:0
end_of_record
TN:
SF:src\middlewares\auth.middleware.js
FN:7,(anonymous_0)
FNF:1
FNH:1
FNDA:4,(anonymous_0)
DA:7,6
DA:8,4
DA:9,4
DA:11,4
DA:12,1
DA:15,3
DA:17,2
DA:19,2
DA:20,0
DA:24,2
DA:25,1
DA:26,1
DA:27,1
DA:32,1
DA:33,1
DA:35,3
LF:16
LH:15
BRDA:9,0,0,4
BRDA:9,0,1,4
BRDA:11,1,0,1
BRDA:11,1,1,3
BRDA:19,2,0,0
BRDA:19,2,1,2
BRDA:24,3,0,1
BRDA:24,3,1,1
BRDA:26,4,0,1
BRDA:26,4,1,0
BRDA:26,5,0,1
BRDA:26,5,1,1
BRDA:35,6,0,3
BRDA:35,6,1,0
BRF:14
BRH:11
end_of_record
TN:
SF:src\middlewares\error.middleware.js
FN:6,(anonymous_0)
FNF:1
FNH:1
FNDA:20,(anonymous_0)
DA:6,5
DA:7,20
DA:8,20
DA:10,20
DA:11,0
DA:12,0
DA:13,0
DA:16,20
DA:23,20
LF:9
LH:6
BRDA:10,0,0,0
BRDA:10,0,1,20
BRDA:11,1,0,0
BRDA:11,1,1,0
BRDA:12,2,0,0
BRDA:12,2,1,0
BRDA:13,3,0,0
BRDA:13,3,1,0
BRDA:20,4,0,0
BRDA:20,4,1,20
BRF:10
BRH:2
end_of_record
TN:
SF:src\middlewares\multer.middleware.js
FN:8,(anonymous_0)
FN:19,(anonymous_1)
FN:33,(anonymous_2)
FN:87,(anonymous_3)
FNF:4
FNH:0
FNDA:0,(anonymous_0)
FNDA:0,(anonymous_1)
FNDA:0,(anonymous_2)
FNDA:0,(anonymous_3)
DA:5,5
DA:8,5
DA:9,0
DA:11,0
DA:12,0
DA:14,0
DA:19,5
DA:20,0
DA:26,0
DA:27,0
DA:29,0
DA:33,5
DA:39,0
DA:47,0
DA:50,0
DA:52,0
DA:62,5
DA:70,5
DA:78,5
DA:87,5
DA:88,0
DA:89,0
DA:90,0
DA:91,0
DA:93,0
DA:97,5
LF:26
LH:9
BRDA:11,0,0,0
BRDA:11,0,1,0
BRDA:26,1,0,0
BRDA:26,1,1,0
BRDA:47,2,0,0
BRDA:47,2,1,0
BRDA:88,3,0,0
BRDA:88,3,1,0
BRDA:90,4,0,0
BRDA:90,4,1,0
BRF:10
BRH:0
end_of_record
TN:
SF:src\middlewares\rateLimit.middleware.js
FNF:0
FNH:0
DA:3,5
LF:1
LH:1
BRF:0
BRH:0
end_of_record
TN:
SF:src\middlewares\role.middleware.js
FN:7,(anonymous_0)
FN:8,(anonymous_1)
FNF:2
FNH:2
FNDA:153,(anonymous_0)
FNDA:3,(anonymous_1)
DA:7,6
DA:8,153
DA:9,3
DA:10,1
DA:13,2
DA:14,1
DA:19,1
LF:7
LH:7
BRDA:9,0,0,1
BRDA:9,0,1,2
BRDA:13,1,0,1
BRDA:13,1,1,1
BRF:4
BRH:4
end_of_record
TN:
SF:src\middlewares\subscription.middleware.js
FN:10,(anonymous_0)
FNF:1
FNH:0
FNDA:0,(anonymous_0)
DA:10,5
DA:11,0
DA:12,0
DA:16,0
DA:17,0
DA:18,0
DA:22,0
DA:27,0
DA:28,0
DA:32,0
DA:33,0
DA:34,0
DA:35,0
DA:39,0
DA:40,0
DA:42,0
LF:16
LH:1
BRDA:11,0,0,0
BRDA:11,0,1,0
BRDA:17,1,0,0
BRDA:17,1,1,0
BRDA:27,2,0,0
BRDA:27,2,1,0
BRDA:32,3,0,0
BRDA:32,3,1,0
BRF:8
BRH:0
end_of_record
TN:
SF:src\middlewares\validate.middleware.js
FN:7,(anonymous_0)
FN:7,(anonymous_1)
FN:23,(anonymous_2)
FNF:3
FNH:3
FNDA:125,(anonymous_0)
FNDA:32,(anonymous_1)
FNDA:11,(anonymous_2)
DA:7,125
DA:9,32
DA:11,32
DA:17,23
DA:21,9
DA:23,11
DA:28,9
DA:37,0
LF:8
LH:7
BRDA:21,0,0,9
BRDA:21,0,1,0
BRF:2
BRH:1
end_of_record
TN:
SF:src\models\Application.model.js
FN:105,(anonymous_0)
FNF:1
FNH:0
FNDA:0,(anonymous_0)
DA:3,5
DA:102,5
DA:105,5
DA:106,0
DA:107,0
DA:122,0
DA:123,0
DA:127,5
LF:8
LH:4
BRDA:106,0,0,0
BRDA:106,0,1,0
BRDA:106,1,0,0
BRDA:106,1,1,0
BRDA:122,2,0,0
BRDA:122,2,1,0
BRF:6
BRH:0
end_of_record
TN:
SF:src\models\Attendance.model.js
FNF:0
FNH:0
DA:3,5
DA:56,5
DA:58,5
LF:3
LH:3
BRF:0
BRH:0
end_of_record
TN:
SF:src\models\Branch.model.js
FNF:0
FNH:0
DA:3,0
DA:52,0
LF:2
LH:0
BRF:0
BRH:0
end_of_record
TN:
SF:src\models\Certificate.model.js
FN:104,(anonymous_0)
FNF:1
FNH:0
FNDA:0,(anonymous_0)
DA:3,5
DA:104,5
DA:106,0
DA:110,0
DA:115,0
DA:116,0
DA:120,5
DA:132,5
LF:8
LH:4
BRDA:106,0,0,0
BRDA:106,0,1,0
BRDA:107,1,0,0
BRDA:107,1,1,0
BRDA:115,2,0,0
BRDA:115,2,1,0
BRF:6
BRH:0
end_of_record
TN:
SF:src\models\Company.model.js
FNF:0
FNH:0
DA:3,5
DA:48,5
DA:183,5
LF:3
LH:3
BRF:0
BRH:0
end_of_record
TN:
SF:src\models\CorrectionRequest.model.js
FNF:0
FNH:0
DA:3,5
DA:43,5
LF:2
LH:2
BRF:0
BRH:0
end_of_record
TN:
SF:src\models\Education.model.js
FNF:0
FNH:0
DA:4,5
DA:58,5
DA:60,5
LF:3
LH:3
BRF:0
BRH:0
end_of_record
TN:
SF:src\models\Employee.model.js
FNF:0
FNH:0
DA:3,5
DA:74,5
LF:2
LH:2
BRF:0
BRH:0
end_of_record
TN:
SF:src\models\Experience.model.js
FN:80,(anonymous_0)
FNF:1
FNH:0
FNDA:0,(anonymous_0)
DA:4,5
DA:80,5
DA:82,0
DA:86,0
DA:94,0
DA:95,0
DA:102,5
DA:114,5
LF:8
LH:4
BRDA:82,0,0,0
BRDA:82,0,1,0
BRDA:83,1,0,0
BRDA:83,1,1,0
BRDA:94,2,0,0
BRDA:94,2,1,0
BRF:6
BRH:0
end_of_record
TN:
SF:src\models\Geofence.model.js
FNF:0
FNH:0
DA:3,5
DA:37,5
DA:39,5
LF:3
LH:3
BRF:0
BRH:0
end_of_record
TN:
SF:src\models\HR.model.js
FNF:0
FNH:0
DA:3,7
DA:52,7
LF:2
LH:2
BRF:0
BRH:0
end_of_record
TN:
SF:src\models\Job.model.js
FNF:0
FNH:0
DA:3,5
DA:124,5
LF:2
LH:2
BRF:0
BRH:0
end_of_record
TN:
SF:src\models\Location.model.js
FNF:0
FNH:0
DA:3,6
DA:45,6
LF:2
LH:2
BRF:0
BRH:0
end_of_record
TN:
SF:src\models\Notification.model.js
FNF:0
FNH:0
DA:4,5
DA:51,5
LF:2
LH:2
BRF:0
BRH:0
end_of_record
TN:
SF:src\models\Offer.model.js
FNF:0
FNH:0
DA:3,5
DA:55,5
LF:2
LH:2
BRF:0
BRH:0
end_of_record
TN:
SF:src\models\Payment.model.js
FNF:0
FNH:0
DA:3,5
DA:88,5
LF:2
LH:2
BRF:0
BRH:0
end_of_record
TN:
SF:src\models\Profile.model.js
FN:41,(anonymous_0)
FN:41,(anonymous_1)
FN:51,(anonymous_2)
FN:51,(anonymous_3)
FN:72,(anonymous_4)
FNF:5
FNH:3
FNDA:8,(anonymous_0)
FNDA:0,(anonymous_1)
FNDA:8,(anonymous_2)
FNDA:0,(anonymous_3)
FNDA:8,(anonymous_4)
DA:5,6
DA:41,8
DA:51,8
DA:72,6
DA:73,8
DA:74,8
DA:75,8
DA:76,8
DA:77,8
DA:78,8
DA:81,8
DA:82,0
DA:83,0
DA:84,0
DA:87,8
DA:90,6
LF:16
LH:13
BRDA:76,0,0,8
BRDA:76,0,1,0
BRDA:81,1,0,0
BRDA:81,1,1,8
BRDA:83,2,0,0
BRDA:83,2,1,0
BRDA:83,3,0,0
BRDA:83,3,1,0
BRF:8
BRH:2
end_of_record
TN:
SF:src\models\Subscription.model.js
FNF:0
FNH:0
DA:3,5
DA:76,5
LF:2
LH:2
BRF:0
BRH:0
end_of_record
TN:
SF:src\models\User.model.js
FN:36,(anonymous_0)
FN:136,(anonymous_1)
FN:144,(anonymous_2)
FN:150,(anonymous_3)
FN:167,(anonymous_4)
FNF:5
FNH:5
FNDA:8,(anonymous_0)
FNDA:12,(anonymous_1)
FNDA:5,(anonymous_2)
FNDA:4,(anonymous_3)
FNDA:4,(anonymous_4)
DA:6,7
DA:37,8
DA:136,7
DA:138,12
DA:140,8
DA:144,7
DA:146,5
DA:150,7
DA:152,4
DA:167,7
DA:169,4
DA:182,7
LF:12
LH:12
BRDA:138,0,0,4
BRDA:138,0,1,8
BRDA:138,1,0,12
BRDA:138,1,1,8
BRDA:161,2,0,4
BRDA:161,2,1,4
BRDA:176,3,0,4
BRDA:176,3,1,4
BRF:8
BRH:8
end_of_record
TN:
SF:src\routes\admin.routes.js
FNF:0
FNH:0
DA:22,5
DA:25,5
DA:31,5
DA:32,5
DA:33,5
DA:36,5
DA:37,5
DA:40,5
DA:41,5
DA:42,5
DA:43,5
DA:44,5
DA:45,5
DA:46,5
LF:14
LH:14
BRF:0
BRH:0
end_of_record
TN:
SF:src\routes\application.routes.js
FNF:0
FNH:0
DA:17,5
DA:20,5
DA:25,5
DA:26,5
DA:31,5
DA:36,5
DA:42,5
LF:7
LH:7
BRF:0
BRH:0
end_of_record
TN:
SF:src\routes\attendance.routes.js
FNF:0
FNH:0
DA:5,5
DA:15,5
DA:56,5
DA:85,5
DA:99,5
DA:130,5
DA:144,5
DA:179,5
LF:8
LH:8
BRF:0
BRH:0
end_of_record
TN:
SF:src\routes\auth.routes.js
FNF:0
FNH:0
DA:8,5
DA:10,5
DA:11,5
DA:12,5
DA:13,5
DA:14,5
DA:16,5
LF:7
LH:7
BRF:0
BRH:0
end_of_record
TN:
SF:src\routes\certificate.routes.js
FNF:0
FNH:0
DA:6,5
DA:8,5
DA:9,5
DA:10,5
LF:4
LH:4
BRF:0
BRH:0
end_of_record
TN:
SF:src\routes\company.route.js
FN:106,(anonymous_0)
FN:106,(anonymous_1)
FN:118,(anonymous_2)
FN:125,(anonymous_3)
FN:128,(anonymous_4)
FN:133,(anonymous_5)
FNF:6
FNH:1
FNDA:5,(anonymous_0)
FNDA:0,(anonymous_1)
FNDA:0,(anonymous_2)
FNDA:0,(anonymous_3)
FNDA:0,(anonymous_4)
FNDA:0,(anonymous_5)
DA:38,5
DA:40,5
DA:41,5
DA:42,5
DA:43,5
DA:46,5
DA:47,5
DA:48,5
DA:51,5
DA:65,5
DA:83,5
DA:90,5
DA:97,5
DA:106,5
DA:107,0
DA:108,0
DA:109,0
DA:110,0
DA:112,0
DA:113,0
DA:114,0
DA:115,0
DA:116,0
DA:118,0
DA:120,0
DA:121,0
DA:122,0
DA:123,0
DA:125,0
DA:128,0
DA:132,0
DA:133,0
DA:134,0
DA:135,0
DA:136,0
DA:137,0
DA:138,0
DA:139,0
DA:140,0
DA:143,0
DA:144,0
DA:147,0
DA:148,0
DA:149,0
DA:150,0
DA:156,0
DA:160,5
DA:171,5
DA:174,5
LF:49
LH:17
BRDA:108,0,0,0
BRDA:108,0,1,0
BRDA:108,1,0,0
BRDA:108,1,1,0
BRDA:112,2,0,0
BRDA:112,2,1,0
BRDA:114,3,0,0
BRDA:114,3,1,0
BRDA:114,4,0,0
BRDA:114,4,1,0
BRDA:120,5,0,0
BRDA:120,5,1,0
BRDA:120,6,0,0
BRDA:120,6,1,0
BRDA:132,7,0,0
BRDA:132,7,1,0
BRDA:135,8,0,0
BRDA:135,8,1,0
BRDA:137,9,0,0
BRDA:137,9,1,0
BRDA:137,10,0,0
BRDA:137,10,1,0
BRDA:139,11,0,0
BRDA:139,11,1,0
BRDA:139,12,0,0
BRDA:139,12,1,0
BRDA:139,12,2,0
BRDA:139,12,3,0
BRDA:143,13,0,0
BRDA:143,13,1,0
BRDA:143,14,0,0
BRDA:143,14,1,0
BRDA:148,15,0,0
BRDA:148,15,1,0
BRDA:148,16,0,0
BRDA:148,16,1,0
BRF:36
BRH:0
end_of_record
TN:
SF:src\routes\education.routes.js
FNF:0
FNH:0
DA:7,5
DA:9,5
DA:11,5
DA:12,5
LF:4
LH:4
BRF:0
BRH:0
end_of_record
TN:
SF:src\routes\employee.routes.js
FNF:0
FNH:0
DA:23,5
DA:24,5
DA:27,5
DA:28,5
DA:32,5
DA:37,5
DA:38,5
DA:39,5
DA:42,5
DA:43,5
LF:10
LH:10
BRF:0
BRH:0
end_of_record
TN:
SF:src\routes\experience.routes.js
FNF:0
FNH:0
DA:5,5
DA:7,5
DA:9,5
DA:11,5
LF:4
LH:4
BRF:0
BRH:0
end_of_record
TN:
SF:src\routes\geofence.routes.js
FNF:0
FNH:0
DA:5,5
DA:15,5
DA:61,5
DA:81,5
LF:4
LH:4
BRF:0
BRH:0
end_of_record
TN:
SF:src\routes\hr.routes.js
FNF:0
FNH:0
DA:8,5
DA:11,5
DA:13,5
LF:3
LH:3
BRF:0
BRH:0
end_of_record
TN:
SF:src\routes\job.routes.js
FNF:0
FNH:0
DA:21,5
DA:24,5
DA:25,5
DA:28,5
DA:36,5
DA:39,5
DA:42,5
DA:47,5
DA:50,5
LF:9
LH:9
BRF:0
BRH:0
end_of_record
TN:
SF:src\routes\offer.routes.js
FNF:0
FNH:0
DA:16,5
DA:19,5
DA:22,5
DA:25,5
DA:32,5
DA:35,5
DA:41,5
DA:42,5
LF:8
LH:8
BRF:0
BRH:0
end_of_record
TN:
SF:src\routes\profile.routes.js
FN:19,(anonymous_0)
FN:21,(anonymous_1)
FN:59,(anonymous_2)
FN:67,(anonymous_3)
FN:70,(anonymous_4)
FN:75,(anonymous_5)
FN:108,(anonymous_6)
FN:111,(anonymous_7)
FN:114,(anonymous_8)
FNF:9
FNH:0
FNDA:0,(anonymous_0)
FNDA:0,(anonymous_1)
FNDA:0,(anonymous_2)
FNDA:0,(anonymous_3)
FNDA:0,(anonymous_4)
FNDA:0,(anonymous_5)
FNDA:0,(anonymous_6)
FNDA:0,(anonymous_7)
FNDA:0,(anonymous_8)
DA:15,5
DA:17,5
DA:19,5
DA:21,0
DA:22,0
DA:23,0
DA:24,0
DA:25,0
DA:26,0
DA:27,0
DA:28,0
DA:29,0
DA:37,0
DA:38,0
DA:39,0
DA:40,0
DA:41,0
DA:49,0
DA:50,0
DA:51,0
DA:53,0
DA:54,0
DA:55,0
DA:56,0
DA:57,0
DA:59,0
DA:61,0
DA:62,0
DA:63,0
DA:64,0
DA:67,0
DA:70,0
DA:74,0
DA:75,0
DA:76,0
DA:77,0
DA:78,0
DA:79,0
DA:80,0
DA:81,0
DA:82,0
DA:83,0
DA:84,0
DA:86,0
DA:89,0
DA:90,0
DA:93,0
DA:97,0
DA:98,0
DA:99,0
DA:100,0
DA:101,0
DA:102,0
DA:103,0
DA:104,0
DA:105,0
DA:106,0
DA:108,0
DA:111,0
DA:113,0
DA:114,0
DA:120,0
DA:122,0
DA:125,5
DA:137,5
DA:141,5
LF:66
LH:6
BRDA:22,0,0,0
BRDA:22,0,1,0
BRDA:22,1,0,0
BRDA:22,1,1,0
BRDA:22,1,2,0
BRDA:24,2,0,0
BRDA:24,2,1,0
BRDA:24,3,0,0
BRDA:24,3,1,0
BRDA:26,4,0,0
BRDA:26,4,1,0
BRDA:28,5,0,0
BRDA:28,5,1,0
BRDA:39,6,0,0
BRDA:39,6,1,0
BRDA:39,7,0,0
BRDA:39,7,1,0
BRDA:49,8,0,0
BRDA:49,8,1,0
BRDA:53,9,0,0
BRDA:53,9,1,0
BRDA:55,10,0,0
BRDA:55,10,1,0
BRDA:55,11,0,0
BRDA:55,11,1,0
BRDA:61,12,0,0
BRDA:61,12,1,0
BRDA:61,13,0,0
BRDA:61,13,1,0
BRDA:74,14,0,0
BRDA:74,14,1,0
BRDA:77,15,0,0
BRDA:77,15,1,0
BRDA:79,16,0,0
BRDA:79,16,1,0
BRDA:81,17,0,0
BRDA:81,17,1,0
BRDA:81,18,0,0
BRDA:81,18,1,0
BRDA:83,19,0,0
BRDA:83,19,1,0
BRDA:83,20,0,0
BRDA:83,20,1,0
BRDA:83,20,2,0
BRDA:83,20,3,0
BRDA:89,21,0,0
BRDA:89,21,1,0
BRDA:89,22,0,0
BRDA:89,22,1,0
BRDA:99,23,0,0
BRDA:99,23,1,0
BRDA:100,24,0,0
BRDA:100,24,1,0
BRDA:102,25,0,0
BRDA:102,25,1,0
BRDA:104,26,0,0
BRDA:104,26,1,0
BRDA:104,27,0,0
BRDA:104,27,1,0
BRDA:113,28,0,0
BRDA:113,28,1,0
BRDA:114,29,0,0
BRDA:114,29,1,0
BRF:63
BRH:0
end_of_record
TN:
SF:src\services\applicationScreening.service.js
FN:14,(anonymous_0)
FN:42,(anonymous_1)
FN:51,(anonymous_2)
FN:57,(anonymous_3)
FN:189,(anonymous_4)
FNF:5
FNH:0
FNDA:0,(anonymous_0)
FNDA:0,(anonymous_1)
FNDA:0,(anonymous_2)
FNDA:0,(anonymous_3)
FNDA:0,(anonymous_4)
DA:14,5
DA:15,0
DA:16,0
DA:17,0
DA:18,0
DA:19,0
DA:22,0
DA:23,0
DA:24,0
DA:25,0
DA:28,0
DA:29,0
DA:31,0
DA:32,0
DA:33,0
DA:35,0
DA:42,0
DA:51,0
DA:57,0
DA:63,0
DA:64,0
DA:66,0
DA:67,0
DA:69,0
DA:112,0
DA:113,0
DA:122,0
DA:123,0
DA:124,0
DA:125,0
DA:126,0
DA:130,0
DA:135,0
DA:136,0
DA:138,0
DA:139,0
DA:140,0
DA:141,0
DA:146,0
DA:149,0
DA:150,0
DA:152,0
DA:154,0
DA:165,0
DA:166,0
DA:167,0
DA:168,0
DA:169,0
DA:170,0
DA:171,0
DA:173,0
DA:175,0
DA:178,0
DA:181,0
DA:189,5
DA:190,0
DA:192,0
DA:194,0
DA:195,0
DA:196,0
DA:197,0
DA:200,0
DA:208,0
DA:209,0
DA:210,0
DA:211,0
DA:212,0
DA:213,0
DA:214,0
DA:216,0
DA:217,0
DA:221,0
DA:224,0
DA:226,0
LF:74
LH:2
BRDA:17,0,0,0
BRDA:17,0,1,0
BRDA:23,1,0,0
BRDA:23,1,1,0
BRDA:36,2,0,0
BRDA:36,2,1,0
BRDA:37,3,0,0
BRDA:37,3,1,0
BRDA:38,4,0,0
BRDA:38,4,1,0
BRDA:39,5,0,0
BRDA:39,5,1,0
BRDA:40,6,0,0
BRDA:40,6,1,0
BRDA:41,7,0,0
BRDA:41,7,1,0
BRDA:66,8,0,0
BRDA:66,8,1,0
BRDA:78,9,0,0
BRDA:78,9,1,0
BRDA:82,10,0,0
BRDA:82,10,1,0
BRDA:83,11,0,0
BRDA:83,11,1,0
BRDA:89,12,0,0
BRDA:89,12,1,0
BRDA:122,13,0,0
BRDA:122,13,1,0
BRDA:125,14,0,0
BRDA:125,14,1,0
BRDA:135,15,0,0
BRDA:135,15,1,0
BRDA:139,16,0,0
BRDA:139,16,1,0
BRDA:141,17,0,0
BRDA:141,17,1,0
BRDA:142,18,0,0
BRDA:142,18,1,0
BRDA:142,18,2,0
BRDA:142,18,3,0
BRDA:142,18,4,0
BRDA:142,18,5,0
BRDA:149,19,0,0
BRDA:149,19,1,0
BRDA:150,20,0,0
BRDA:150,20,1,0
BRDA:150,21,0,0
BRDA:150,21,1,0
BRDA:208,22,0,0
BRDA:208,22,1,0
BRDA:209,23,0,0
BRDA:209,23,1,0
BRDA:212,24,0,0
BRDA:212,24,1,0
BRF:54
BRH:0
end_of_record
TN:
SF:src\services\email.service.js
FN:4,(anonymous_0)
FN:28,(anonymous_1)
FN:62,(anonymous_2)
FN:238,(anonymous_3)
FN:259,(anonymous_4)
FN:451,(anonymous_5)
FN:476,(anonymous_6)
FN:669,(anonymous_7)
FN:695,(anonymous_8)
FN:886,(anonymous_9)
FN:922,(anonymous_10)
FN:1105,(anonymous_11)
FN:1129,(anonymous_12)
FN:1195,(anonymous_13)
FN:1262,(anonymous_14)
FN:1265,(anonymous_15)
FN:1360,(anonymous_16)
FN:1367,(anonymous_17)
FN:1374,(anonymous_18)
FN:1384,(anonymous_19)
FN:1474,(anonymous_20)
FN:1567,(anonymous_21)
FN:1589,(anonymous_22)
FNF:23
FNH:0
FNDA:0,(anonymous_0)
FNDA:0,(anonymous_1)
FNDA:0,(anonymous_2)
FNDA:0,(anonymous_3)
FNDA:0,(anonymous_4)
FNDA:0,(anonymous_5)
FNDA:0,(anonymous_6)
FNDA:0,(anonymous_7)
FNDA:0,(anonymous_8)
FNDA:0,(anonymous_9)
FNDA:0,(anonymous_10)
FNDA:0,(anonymous_11)
FNDA:0,(anonymous_12)
FNDA:0,(anonymous_13)
FNDA:0,(anonymous_14)
FNDA:0,(anonymous_15)
FNDA:0,(anonymous_16)
FNDA:0,(anonymous_17)
FNDA:0,(anonymous_18)
FNDA:0,(anonymous_19)
FNDA:0,(anonymous_20)
FNDA:0,(anonymous_21)
FNDA:0,(anonymous_22)
DA:4,5
DA:5,0
DA:6,0
DA:16,0
DA:28,5
DA:29,0
DA:30,0
DA:38,0
DA:39,0
DA:40,0
DA:42,0
DA:44,0
DA:45,0
DA:46,0
DA:47,0
DA:48,0
DA:49,0
DA:51,0
DA:52,0
DA:62,5
DA:63,0
DA:238,5
DA:239,0
DA:240,0
DA:241,0
DA:242,0
DA:259,5
DA:266,0
DA:267,0
DA:451,5
DA:459,0
DA:460,0
DA:461,0
DA:462,0
DA:470,0
DA:476,5
DA:484,0
DA:669,5
DA:678,0
DA:679,0
DA:680,0
DA:689,0
DA:695,5
DA:704,0
DA:886,5
DA:895,0
DA:896,0
DA:901,0
DA:907,0
DA:909,0
DA:919,0
DA:922,5
DA:929,0
DA:1105,5
DA:1113,0
DA:1114,0
DA:1115,0
DA:1123,0
DA:1129,5
DA:1130,0
DA:1195,5
DA:1196,0
DA:1262,5
DA:1263,0
DA:1264,0
DA:1265,0
DA:1273,0
DA:1280,0
DA:1360,5
DA:1361,0
DA:1362,0
DA:1363,0
DA:1364,0
DA:1367,5
DA:1368,0
DA:1369,0
DA:1370,0
DA:1371,0
DA:1374,5
DA:1375,0
DA:1376,0
DA:1377,0
DA:1378,0
DA:1384,5
DA:1392,0
DA:1397,0
DA:1474,5
DA:1483,0
DA:1488,0
DA:1567,5
DA:1576,0
DA:1577,0
DA:1578,0
DA:1586,0
DA:1589,5
DA:1599,0
DA:1600,0
DA:1601,0
DA:1610,0
LF:99
LH:22
BRDA:5,0,0,0
BRDA:5,0,1,0
BRDA:11,1,0,0
BRDA:11,1,1,0
BRDA:12,2,0,0
BRDA:12,2,1,0
BRDA:31,3,0,0
BRDA:31,3,1,0
BRDA:42,4,0,0
BRDA:42,4,1,0
BRDA:48,5,0,0
BRDA:48,5,1,0
BRDA:1262,6,0,0
BRDA:1264,7,0,0
BRDA:1264,7,1,0
BRDA:1264,8,0,0
BRDA:1264,8,1,0
BRDA:1374,9,0,0
BRF:18
BRH:0
end_of_record
TN:
SF:src\services\employeeOnboarding.service.js
FN:14,(anonymous_0)
FNF:1
FNH:0
FNDA:0,(anonymous_0)
DA:14,5
DA:15,0
DA:16,0
DA:17,0
DA:18,0
DA:21,0
DA:22,0
DA:23,0
DA:27,0
DA:28,0
DA:29,0
DA:30,0
DA:33,0
DA:34,0
DA:35,0
DA:39,0
DA:43,0
DA:44,0
DA:45,0
DA:47,0
DA:48,0
DA:49,0
DA:53,0
DA:54,0
DA:55,0
DA:56,0
DA:58,0
DA:63,0
DA:64,0
DA:68,0
DA:81,0
DA:82,0
DA:85,0
DA:96,0
DA:107,0
DA:108,0
DA:111,0
DA:112,0
LF:38
LH:1
BRDA:17,0,0,0
BRDA:17,0,1,0
BRDA:22,1,0,0
BRDA:22,1,1,0
BRDA:28,2,0,0
BRDA:28,2,1,0
BRDA:34,3,0,0
BRDA:34,3,1,0
BRDA:39,4,0,0
BRDA:39,4,1,0
BRDA:58,5,0,0
BRDA:58,5,1,0
BRDA:63,6,0,0
BRDA:63,6,1,0
BRDA:74,7,0,0
BRDA:74,7,1,0
BRDA:74,7,2,0
BRDA:75,8,0,0
BRDA:75,8,1,0
BRDA:75,8,2,0
BRDA:76,9,0,0
BRDA:76,9,1,0
BRF:22
BRH:0
end_of_record
TN:
SF:src\services\googleAuth.service.js
FN:12,(anonymous_0)
FNF:1
FNH:0
FNDA:0,(anonymous_0)
DA:4,6
DA:12,6
DA:13,0
DA:14,0
DA:16,0
DA:17,0
DA:20,0
DA:21,0
DA:26,0
DA:27,0
DA:28,0
DA:31,0
DA:39,0
DA:40,0
LF:14
LH:2
BRDA:16,0,0,0
BRDA:16,0,1,0
BRDA:27,1,0,0
BRDA:27,1,1,0
BRDA:40,2,0,0
BRDA:40,2,1,0
BRF:6
BRH:0
end_of_record
TN:
SF:src\services\jobMatching.service.js
FN:15,(anonymous_0)
FN:20,(anonymous_1)
FN:37,(anonymous_2)
FNF:3
FNH:0
FNDA:0,(anonymous_0)
FNDA:0,(anonymous_1)
FNDA:0,(anonymous_2)
DA:7,5
DA:15,5
DA:16,0
DA:17,0
DA:20,0
DA:21,0
DA:23,0
DA:24,0
DA:25,0
DA:29,0
DA:30,0
DA:37,5
DA:38,0
DA:39,0
DA:40,0
DA:44,0
DA:49,0
DA:50,0
DA:52,0
DA:53,0
DA:55,0
DA:57,0
DA:59,0
DA:71,0
DA:83,0
DA:84,0
DA:86,0
LF:27
LH:3
BRDA:15,0,0,0
BRDA:15,1,0,0
BRDA:16,2,0,0
BRDA:16,2,1,0
BRDA:16,3,0,0
BRDA:16,3,1,0
BRDA:24,4,0,0
BRDA:24,4,1,0
BRDA:39,5,0,0
BRDA:39,5,1,0
BRDA:39,6,0,0
BRDA:39,6,1,0
BRDA:39,6,2,0
BRDA:50,7,0,0
BRDA:50,7,1,0
BRDA:53,8,0,0
BRDA:53,8,1,0
BRDA:57,9,0,0
BRDA:57,9,1,0
BRF:19
BRH:0
end_of_record
TN:
SF:src\services\jobRecommendation.service.js
FN:10,(anonymous_0)
FN:34,(anonymous_1)
FNF:2
FNH:0
FNDA:0,(anonymous_0)
FNDA:0,(anonymous_1)
DA:10,5
DA:11,0
DA:12,0
DA:13,0
DA:14,0
DA:18,0
DA:20,0
DA:21,0
DA:22,0
DA:23,0
DA:24,0
DA:34,0
DA:37,0
DA:39,0
DA:40,0
LF:15
LH:1
BRDA:13,0,0,0
BRDA:13,0,1,0
BRDA:13,1,0,0
BRDA:13,1,1,0
BRDA:13,1,2,0
BRDA:23,2,0,0
BRDA:23,2,1,0
BRDA:27,3,0,0
BRDA:27,3,1,0
BRF:9
BRH:0
end_of_record
TN:
SF:src\services\location.service.js
FN:6,(anonymous_0)
FN:28,(anonymous_1)
FNF:2
FNH:2
FNDA:3,(anonymous_0)
FNDA:3,(anonymous_1)
DA:6,6
DA:7,3
DA:8,3
DA:9,3
DA:10,3
DA:11,3
DA:13,3
DA:16,3
DA:18,3
DA:28,6
DA:29,3
DA:30,1
DA:33,2
DA:34,2
DA:36,2
LF:15
LH:15
BRDA:29,0,0,1
BRDA:29,0,1,2
BRDA:29,1,0,3
BRDA:29,1,1,3
BRDA:29,1,2,2
BRF:5
BRH:5
end_of_record
TN:
SF:src\services\moderation.service.js
FN:9,(anonymous_0)
FNF:1
FNH:1
FNDA:4,(anonymous_0)
DA:9,6
DA:10,4
DA:13,4
DA:14,1
DA:17,3
DA:19,3
DA:51,3
DA:52,3
DA:73,1
DA:74,0
DA:77,1
DA:78,1
DA:80,1
DA:81,0
DA:84,1
DA:86,1
DA:92,2
DA:93,2
DA:96,2
DA:97,2
DA:98,1
DA:100,2
DA:101,0
DA:103,2
DA:104,0
DA:106,2
DA:107,0
DA:110,2
DA:111,2
LF:29
LH:24
BRDA:13,0,0,1
BRDA:13,0,1,3
BRDA:25,1,0,3
BRDA:25,1,1,3
BRDA:28,2,0,3
BRDA:28,2,1,3
BRDA:28,3,0,3
BRDA:28,3,1,3
BRDA:30,4,0,0
BRDA:30,4,1,3
BRDA:73,5,0,0
BRDA:73,5,1,1
BRDA:80,6,0,0
BRDA:80,6,1,1
BRDA:88,7,0,1
BRDA:88,7,1,0
BRDA:89,8,0,1
BRDA:89,8,1,0
BRDA:92,9,0,2
BRDA:92,9,1,0
BRDA:97,10,0,1
BRDA:97,10,1,1
BRDA:97,11,0,2
BRDA:97,11,1,1
BRDA:97,11,2,1
BRDA:100,12,0,0
BRDA:100,12,1,2
BRDA:100,13,0,2
BRDA:100,13,1,2
BRDA:103,14,0,0
BRDA:103,14,1,2
BRDA:103,15,0,2
BRDA:103,15,1,2
BRDA:106,16,0,0
BRDA:106,16,1,2
BRDA:106,17,0,2
BRDA:106,17,1,2
BRDA:106,17,2,2
BRDA:113,18,0,1
BRDA:113,18,1,1
BRDA:114,19,0,1
BRDA:114,19,1,1
BRF:42
BRH:33
end_of_record
TN:
SF:src\utils\ApiError.js
FN:2,(anonymous_0)
FNF:1
FNH:1
FNDA:32,(anonymous_0)
DA:8,32
DA:9,32
DA:10,32
DA:11,32
DA:12,32
DA:13,32
DA:15,32
DA:16,1
DA:18,31
LF:9
LH:9
BRDA:4,0,0,1
BRDA:5,1,0,21
BRDA:6,2,0,31
BRDA:15,3,0,1
BRDA:15,3,1,31
BRF:5
BRH:5
end_of_record
TN:
SF:src\utils\ApiResponse.js
FN:2,(anonymous_0)
FNF:1
FNH:1
FNDA:16,(anonymous_0)
DA:3,16
DA:4,16
DA:5,16
DA:6,16
LF:4
LH:4
BRDA:2,0,0,0
BRF:1
BRH:0
end_of_record
TN:
SF:src\utils\RandomPassword.js
FN:3,(anonymous_0)
FN:27,(anonymous_1)
FNF:2
FNH:0
FNDA:0,(anonymous_0)
FNDA:0,(anonymous_1)
DA:3,5
DA:4,0
DA:5,0
DA:6,0
DA:7,0
DA:9,0
DA:11,0
DA:14,0
DA:15,0
DA:16,0
DA:17,0
DA:20,0
DA:21,0
DA:25,0
DA:27,0
LF:15
LH:1
BRDA:3,0,0,0
BRF:1
BRH:0
end_of_record
TN:
SF:src\utils\asyncHandler.js
FN:1,(anonymous_0)
FN:2,(anonymous_1)
FNF:2
FNH:2
FNDA:489,(anonymous_0)
FNDA:32,(anonymous_1)
DA:1,8
DA:2,489
DA:4,32
DA:6,32
DA:9,16
LF:5
LH:5
BRF:0
BRH:0
end_of_record
TN:
SF:src\utils\calculateHours.js
FN:7,(anonymous_0)
FNF:1
FNH:1
FNDA:2,(anonymous_0)
DA:7,6
DA:8,2
DA:10,2
DA:11,2
DA:13,2
LF:5
LH:5
BRDA:8,0,0,0
BRDA:8,0,1,2
BRDA:8,1,0,2
BRDA:8,1,1,2
BRF:4
BRH:3
end_of_record
TN:
SF:src\utils\cloudinary.js
FN:17,(anonymous_0)
FN:18,(anonymous_1)
FN:24,(anonymous_2)
FN:43,(anonymous_3)
FNF:4
FNH:4
FNDA:2,(anonymous_0)
FNDA:2,(anonymous_1)
FNDA:2,(anonymous_2)
FNDA:3,(anonymous_3)
DA:4,6
DA:17,6
DA:18,2
DA:19,2
DA:25,2
DA:26,1
DA:28,1
DA:33,2
DA:43,6
DA:44,3
DA:45,3
DA:46,2
DA:49,1
DA:51,1
DA:52,1
LF:15
LH:15
BRDA:17,0,0,2
BRDA:25,1,0,1
BRDA:25,1,1,1
BRDA:43,2,0,3
BRDA:45,3,0,1
BRDA:45,3,1,2
BRF:6
BRH:6
end_of_record
TN:
SF:src\utils\sendEmail.js
FN:9,(anonymous_0)
FNF:1
FNH:1
FNDA:1,(anonymous_0)
DA:9,1
DA:10,1
DA:11,1
DA:12,1
DA:13,1
DA:14,1
DA:15,1
LF:7
LH:7
BRF:0
BRH:0
end_of_record
TN:
SF:src\utils\startOfDay.js
FN:6,(anonymous_0)
FNF:1
FNH:1
FNDA:1,(anonymous_0)
DA:6,6
DA:7,1
DA:8,1
DA:9,1
LF:4
LH:4
BRDA:6,0,0,0
BRF:1
BRH:0
end_of_record
TN:
SF:src\validations\admin.validation.js
FNF:0
FNH:0
DA:3,5
LF:1
LH:1
BRF:0
BRH:0
end_of_record
TN:
SF:src\validations\application.validation.js
FNF:0
FNH:0
DA:3,5
DA:9,5
DA:26,5
LF:3
LH:3
BRF:0
BRH:0
end_of_record
TN:
SF:src\validations\auth.validation.js
FNF:0
FNH:0
DA:4,6
DA:14,6
DA:21,6
DA:28,6
LF:4
LH:4
BRF:0
BRH:0
end_of_record
TN:
SF:src\validations\certification.validate.js
FN:90,(anonymous_0)
FNF:1
FNH:0
FNDA:0,(anonymous_0)
DA:3,5
DA:89,5
DA:92,0
DA:97,0
DA:100,0
DA:113,5
LF:6
LH:3
BRDA:92,0,0,0
BRDA:92,0,1,0
BRDA:93,1,0,0
BRDA:93,1,1,0
BRF:4
BRH:0
end_of_record
TN:
SF:src\validations\company.validation.js
FN:72,(anonymous_0)
FN:93,(anonymous_1)
FN:108,(anonymous_2)
FN:119,(anonymous_3)
FNF:4
FNH:0
FNDA:0,(anonymous_0)
FNDA:0,(anonymous_1)
FNDA:0,(anonymous_2)
FNDA:0,(anonymous_3)
DA:4,6
DA:40,6
DA:54,6
DA:72,0
DA:79,6
DA:93,0
DA:100,6
DA:105,6
DA:108,0
DA:113,6
DA:119,0
DA:124,6
LF:12
LH:8
BRF:0
BRH:0
end_of_record
TN:
SF:src\validations\education.validation.js
FN:18,(anonymous_0)
FNF:1
FNH:0
FNDA:0,(anonymous_0)
DA:5,5
DA:17,5
DA:19,0
DA:20,0
DA:22,0
DA:30,5
LF:6
LH:3
BRDA:19,0,0,0
BRDA:19,0,1,0
BRDA:19,1,0,0
BRDA:19,1,1,0
BRF:4
BRH:0
end_of_record
TN:
SF:src\validations\employee.validation.js
FNF:0
FNH:0
DA:3,5
DA:11,5
DA:19,5
LF:3
LH:3
BRF:0
BRH:0
end_of_record
TN:
SF:src\validations\experience.validation.js
FN:38,(anonymous_0)
FN:82,(anonymous_1)
FNF:2
FNH:0
FNDA:0,(anonymous_0)
FNDA:0,(anonymous_1)
DA:4,5
DA:38,0
DA:81,5
DA:84,0
DA:89,0
DA:92,0
DA:105,5
LF:7
LH:3
BRDA:84,0,0,0
BRDA:84,0,1,0
BRDA:85,1,0,0
BRDA:85,1,1,0
BRF:4
BRH:0
end_of_record
TN:
SF:src\validations\job.validation.js
FNF:0
FNH:0
DA:3,6
DA:4,6
DA:6,6
DA:42,6
LF:4
LH:4
BRF:0
BRH:0
end_of_record
TN:
SF:src\validations\offer.validation.js
FNF:0
FNH:0
DA:3,5
LF:1
LH:1
BRF:0
BRH:0
end_of_record
TN:
SF:src\validations\profile.validation.js
FN:26,(anonymous_0)
FNF:1
FNH:0
FNDA:0,(anonymous_0)
DA:4,5
DA:26,0
LF:2
LH:1
BRDA:26,0,0,0
BRDA:26,0,1,0
BRDA:26,0,2,0
BRDA:26,0,3,0
BRDA:26,0,4,0
BRF:5
BRH:0
end_of_record
